#
# There is insufficient memory for the Java Runtime Environment to continue.
# Native memory allocation (mmap) failed to map 320864256 bytes for committing reserved memory.
# Possible reasons:
#   The system is out of physical RAM or swap space
#   In 32 bit mode, the process size limit was hit
# Possible solutions:
#   Reduce memory load on the system
#   Increase physical memory or swap space
#   Check if swap backing store is full
#   Use 64 bit Java on a 64 bit OS
#   Decrease Java heap size (-Xmx/-Xms)
#   Decrease number of Java threads
#   Decrease Java thread stack sizes (-Xss)
#   Set larger code cache with -XX:ReservedCodeCacheSize=
# This output file may be truncated or incomplete.
#
#  Out of Memory Error (os_linux.cpp:2627), pid=13692, tid=0x00007f10169d0700
#
# JRE version: OpenJDK Runtime Environment (8.0_76-b03) (build 1.8.0_76-release-b03)
# Java VM: OpenJDK 64-Bit Server VM (25.76-b03 mixed mode linux-amd64 compressed oops)
# Failed to write core dump. Core dumps have been disabled. To enable core dumping, try "ulimit -c unlimited" before starting Java again
#

---------------  T H R E A D  ---------------

Current thread (0x00007f1034078000):  VMThread [stack: 0x00007f10168d0000,0x00007f10169d1000] [id=13702]

Stack: [0x00007f10168d0000,0x00007f10169d1000],  sp=0x00007f10169cf490,  free space=1021k
Native frames: (J=compiled Java code, j=interpreted, Vv=VM code, C=native code)
V  [libjvm.so+0x9d9fcd]  VMError::report_and_die()+0x15d
V  [libjvm.so+0x4b4d4a]  report_vm_out_of_memory(char const*, int, unsigned long, VMErrorType, char const*)+0x8a
V  [libjvm.so+0x845190]  os::pd_commit_memory(char*, unsigned long, unsigned long, bool)+0xf0
V  [libjvm.so+0x83fcbf]  os::commit_memory(char*, unsigned long, unsigned long, bool)+0x1f
V  [libjvm.so+0x8b4d9b]  PSVirtualSpace::expand_by(unsigned long)+0x5b
V  [libjvm.so+0x8a5b7b]  PSOldGen::expand_by(unsigned long) [clone .part.109]+0x1b
V  [libjvm.so+0x8a5d3b]  PSOldGen::expand(unsigned long) [clone .part.111]+0xdb
V  [libjvm.so+0x8a6618]  PSOldGen::resize(unsigned long)+0x188
V  [libjvm.so+0x8abc2c]  PSParallelCompact::invoke_no_policy(bool)+0x97c
V  [libjvm.so+0x8b2d3d]  PSScavenge::invoke()+0x17d
V  [libjvm.so+0x8681f3]  ParallelScavengeHeap::failed_mem_allocate(unsigned long)+0x63
V  [libjvm.so+0x9dba94]  VM_ParallelGCFailedAllocation::doit()+0x84
V  [libjvm.so+0x9dfe47]  VM_Operation::evaluate()+0x47
V  [libjvm.so+0x9de908]  VMThread::evaluate_operation(VM_Operation*)+0x2c8
V  [libjvm.so+0x9ded89]  VMThread::loop()+0x219
V  [libjvm.so+0x9df1d2]  VMThread::run()+0x72
V  [libjvm.so+0x8425b2]  java_start(Thread*)+0xf2

VM_Operation (0x00007f10154cae10): ParallelGCFailedAllocation, mode: safepoint, requested by thread 0x00007f10341a7800


---------------  P R O C E S S  ---------------

Java Threads: ( => current thread )
  0x00007f10340d7800 JavaThread "pool-1-thread-1" [_thread_blocked, id=13722, stack(0x00007f10152cb000,0x00007f10153cc000)]
  0x00007f10341a7800 JavaThread "pool-2-thread-4" [_thread_blocked, id=13715, stack(0x00007f10153cc000,0x00007f10154cd000)]
  0x00007f10341a5800 JavaThread "pool-2-thread-3" [_thread_blocked, id=13714, stack(0x00007f10154cd000,0x00007f10155ce000)]
  0x00007f10341a4000 JavaThread "pool-2-thread-2" [_thread_blocked, id=13713, stack(0x00007f10155ce000,0x00007f10156cf000)]
  0x00007f10341a3000 JavaThread "pool-3-thread-1" [_thread_blocked, id=13712, stack(0x00007f10156cf000,0x00007f10157d0000)]
  0x00007f10341a0800 JavaThread "pool-2-thread-1" [_thread_blocked, id=13711, stack(0x00007f10157d0000,0x00007f10158d1000)]
  0x00007f10340c0000 JavaThread "Service Thread" daemon [_thread_blocked, id=13709, stack(0x00007f1015ae7000,0x00007f1015be8000)]
  0x00007f10340bd000 JavaThread "C1 CompilerThread2" daemon [_thread_blocked, id=13708, stack(0x00007f1015be8000,0x00007f1015ce9000)]
  0x00007f10340bb000 JavaThread "C2 CompilerThread1" daemon [_thread_blocked, id=13707, stack(0x00007f1015ce9000,0x00007f1015dea000)]
  0x00007f10340b8000 JavaThread "C2 CompilerThread0" daemon [_thread_blocked, id=13706, stack(0x00007f1015dea000,0x00007f1015eeb000)]
  0x00007f10340b6800 JavaThread "Signal Dispatcher" daemon [_thread_blocked, id=13705, stack(0x00007f1015eeb000,0x00007f1015fec000)]
  0x00007f1034084000 JavaThread "Finalizer" daemon [_thread_blocked, id=13704, stack(0x00007f10166ce000,0x00007f10167cf000)]
  0x00007f103407f800 JavaThread "Reference Handler" daemon [_thread_blocked, id=13703, stack(0x00007f10167cf000,0x00007f10168d0000)]
  0x00007f103400a800 JavaThread "main" [_thread_blocked, id=13697, stack(0x00007f103b40b000,0x00007f103b50c000)]

Other Threads:
=>0x00007f1034078000 VMThread [stack: 0x00007f10168d0000,0x00007f10169d1000] [id=13702]
  0x00007f10340c2800 WatcherThread [stack: 0x00007f10159e6000,0x00007f1015ae7000] [id=13710]

VM state:at safepoint (normal execution)

VM Mutex/Monitor currently owned by a thread:  ([mutex/lock_event])
[0x00007f10340063c0] ExpandHeap_lock - owner thread: 0x00007f1034078000
[0x00007f1034006a40] Threads_lock - owner thread: 0x00007f1034078000
[0x00007f1034006f40] Heap_lock - owner thread: 0x00007f10341a7800

Heap:
 PSYoungGen      total 465920K, used 69410K [0x00000000d5580000, 0x0000000100000000, 0x0000000100000000)
  eden space 232960K, 0% used [0x00000000d5580000,0x00000000d5580000,0x00000000e3900000)
  from space 232960K, 29% used [0x00000000f1c80000,0x00000000f6048bb0,0x0000000100000000)
  to   space 232960K, 0% used [0x00000000e3900000,0x00000000e3900000,0x00000000f1c80000)
 ParOldGen       total 776704K, used 774420K [0x0000000080000000, 0x00000000af680000, 0x00000000d5580000)
  object space 776704K, 99% used [0x0000000080000000,0x00000000af4453a8,0x00000000af680000)
 Metaspace       used 6670K, capacity 7346K, committed 7552K, reserved 1056768K
  class space    used 602K, capacity 618K, committed 640K, reserved 1048576K

Card table byte_map: [0x00007f1024bff000,0x00007f1025000000] byte_map_base: 0x00007f10247ff000

Marking Bits: (ParMarkBitMap*) 0x00007f103a8df1a0
 Begin Bits: [0x00007f101c000000, 0x00007f101e000000)
 End Bits:   [0x00007f101e000000, 0x00007f1020000000)

Polling page: 0x00007f103b529000

CodeCache: size=245760Kb used=13705Kb max_used=15169Kb free=232055Kb
 bounds [0x00007f1025000000, 0x00007f1025ee0000, 0x00007f1034000000]
 total_blobs=2796 nmethods=2528 adapters=182
 compilation: enabled

Compilation events (10 events):
Event: 32.567 Thread 0x00007f10340b8000 2902       4       com.android.dx.util.LabeledList::getMaxLabel (47 bytes)
Event: 32.570 Thread 0x00007f10340b8000 nmethod 2902 0x00007f10253ef390 code [0x00007f10253ef500, 0x00007f10253ef6f8]
Event: 32.570 Thread 0x00007f10340b8000 3086 %     4       java.util.TreeMap::getFirstEntry @ 9 (26 bytes)
Event: 32.572 Thread 0x00007f10340b8000 nmethod 3086% 0x00007f10256abc10 code [0x00007f10256abd60, 0x00007f10256abe18]
Event: 32.573 Thread 0x00007f10340b8000 3118       4       com.android.dx.dex.code.OutputFinisher::addConstants (93 bytes)
Event: 32.651 Thread 0x00007f10340b8000 nmethod 3118 0x00007f1025333dd0 code [0x00007f1025334060, 0x00007f1025335160]
Event: 32.652 Thread 0x00007f10340b8000 3149       4       com.android.dx.dex.file.ValueEncoder::addContents (75 bytes)
Event: 32.700 Thread 0x00007f10340bd000 3151       3       com.android.dx.ssa.back.FirstFitLocalCombiningAllocator::findAnyFittingRange (189 bytes)
Event: 32.701 Thread 0x00007f10340bd000 nmethod 3151 0x00007f10253a3790 code [0x00007f10253a3980, 0x00007f10253a4298]
Event: 32.703 Thread 0x00007f10340bb000 nmethod 3137 0x00007f10254e5210 code [0x00007f10254e5700, 0x00007f10254e9fb8]

GC Heap History (10 events):
Event: 29.310 GC heap after
Heap after GC invocations=26 (full 4):
 PSYoungGen      total 470016K, used 110474K [0x00000000d5580000, 0x00000000fed80000, 0x0000000100000000)
  eden space 259584K, 0% used [0x00000000d5580000,0x00000000d5580000,0x00000000e5300000)
  from space 210432K, 52% used [0x00000000f2000000,0x00000000f8be2ac0,0x00000000fed80000)
  to   space 209920K, 0% used [0x00000000e5300000,0x00000000e5300000,0x00000000f2000000)
 ParOldGen       total 776704K, used 636796K [0x0000000080000000, 0x00000000af680000, 0x00000000d5580000)
  object space 776704K, 81% used [0x0000000080000000,0x00000000a6ddf308,0x00000000af680000)
 Metaspace       used 6564K, capacity 7280K, committed 7552K, reserved 1056768K
  class space    used 596K, capacity 616K, committed 640K, reserved 1048576K
}
Event: 30.042 GC heap before
{Heap before GC invocations=27 (full 4):
 PSYoungGen      total 470016K, used 370058K [0x00000000d5580000, 0x00000000fed80000, 0x0000000100000000)
  eden space 259584K, 100% used [0x00000000d5580000,0x00000000e5300000,0x00000000e5300000)
  from space 210432K, 52% used [0x00000000f2000000,0x00000000f8be2ac0,0x00000000fed80000)
  to   space 209920K, 0% used [0x00000000e5300000,0x00000000e5300000,0x00000000f2000000)
 ParOldGen       total 776704K, used 636796K [0x0000000080000000, 0x00000000af680000, 0x00000000d5580000)
  object space 776704K, 81% used [0x0000000080000000,0x00000000a6ddf320,0x00000000af680000)
 Metaspace       used 6564K, capacity 7280K, committed 7552K, reserved 1056768K
  class space    used 596K, capacity 616K, committed 640K, reserved 1048576K
Event: 30.207 GC heap after
Heap after GC invocations=27 (full 4):
 PSYoungGen      total 469504K, used 147841K [0x00000000d5580000, 0x0000000100000000, 0x0000000100000000)
  eden space 259584K, 0% used [0x00000000d5580000,0x00000000d5580000,0x00000000e5300000)
  from space 209920K, 70% used [0x00000000e5300000,0x00000000ee3605d0,0x00000000f2000000)
  to   space 219648K, 0% used [0x00000000f2980000,0x00000000f2980000,0x0000000100000000)
 ParOldGen       total 776704K, used 636796K [0x0000000080000000, 0x00000000af680000, 0x00000000d5580000)
  object space 776704K, 81% used [0x0000000080000000,0x00000000a6ddf320,0x00000000af680000)
 Metaspace       used 6564K, capacity 7280K, committed 7552K, reserved 1056768K
  class space    used 596K, capacity 616K, committed 640K, reserved 1048576K
}
Event: 30.975 GC heap before
{Heap before GC invocations=28 (full 4):
 PSYoungGen      total 469504K, used 407425K [0x00000000d5580000, 0x0000000100000000, 0x0000000100000000)
  eden space 259584K, 100% used [0x00000000d5580000,0x00000000e5300000,0x00000000e5300000)
  from space 209920K, 70% used [0x00000000e5300000,0x00000000ee3605d0,0x00000000f2000000)
  to   space 219648K, 0% used [0x00000000f2980000,0x00000000f2980000,0x0000000100000000)
 ParOldGen       total 776704K, used 636798K [0x0000000080000000, 0x00000000af680000, 0x00000000d5580000)
  object space 776704K, 81% used [0x0000000080000000,0x00000000a6ddfaa0,0x00000000af680000)
 Metaspace       used 6618K, capacity 7344K, committed 7552K, reserved 1056768K
  class space    used 599K, capacity 616K, committed 640K, reserved 1048576K
Event: 31.191 GC heap after
Heap after GC invocations=28 (full 4):
 PSYoungGen      total 452608K, used 192584K [0x00000000d5580000, 0x0000000100000000, 0x0000000100000000)
  eden space 232960K, 0% used [0x00000000d5580000,0x00000000d5580000,0x00000000e3900000)
  from space 219648K, 87% used [0x00000000f2980000,0x00000000fe5923f0,0x0000000100000000)
  to   space 232960K, 0% used [0x00000000e3900000,0x00000000e3900000,0x00000000f1c80000)
 ParOldGen       total 776704K, used 636806K [0x0000000080000000, 0x00000000af680000, 0x00000000d5580000)
  object space 776704K, 81% used [0x0000000080000000,0x00000000a6de1aa0,0x00000000af680000)
 Metaspace       used 6618K, capacity 7344K, committed 7552K, reserved 1056768K
  class space    used 599K, capacity 616K, committed 640K, reserved 1048576K
}
Event: 31.835 GC heap before
{Heap before GC invocations=29 (full 4):
 PSYoungGen      total 452608K, used 425544K [0x00000000d5580000, 0x0000000100000000, 0x0000000100000000)
  eden space 232960K, 100% used [0x00000000d5580000,0x00000000e3900000,0x00000000e3900000)
  from space 219648K, 87% used [0x00000000f2980000,0x00000000fe5923f0,0x0000000100000000)
  to   space 232960K, 0% used [0x00000000e3900000,0x00000000e3900000,0x00000000f1c80000)
 ParOldGen       total 776704K, used 636806K [0x0000000080000000, 0x00000000af680000, 0x00000000d5580000)
  object space 776704K, 81% used [0x0000000080000000,0x00000000a6de1aa0,0x00000000af680000)
 Metaspace       used 6669K, capacity 7346K, committed 7552K, reserved 1056768K
  class space    used 602K, capacity 618K, committed 640K, reserved 1048576K
Event: 32.028 GC heap after
Heap after GC invocations=29 (full 4):
 PSYoungGen      total 465920K, used 181159K [0x00000000d5580000, 0x0000000100000000, 0x0000000100000000)
  eden space 232960K, 0% used [0x00000000d5580000,0x00000000d5580000,0x00000000e3900000)
  from space 232960K, 77% used [0x00000000e3900000,0x00000000ee9e9ea0,0x00000000f1c80000)
  to   space 232960K, 0% used [0x00000000f1c80000,0x00000000f1c80000,0x0000000100000000)
 ParOldGen       total 776704K, used 681722K [0x0000000080000000, 0x00000000af680000, 0x00000000d5580000)
  object space 776704K, 87% used [0x0000000080000000,0x00000000a99be820,0x00000000af680000)
 Metaspace       used 6669K, capacity 7346K, committed 7552K, reserved 1056768K
  class space    used 602K, capacity 618K, committed 640K, reserved 1048576K
}
Event: 32.709 GC heap before
{Heap before GC invocations=30 (full 4):
 PSYoungGen      total 465920K, used 414119K [0x00000000d5580000, 0x0000000100000000, 0x0000000100000000)
  eden space 232960K, 100% used [0x00000000d5580000,0x00000000e3900000,0x00000000e3900000)
  from space 232960K, 77% used [0x00000000e3900000,0x00000000ee9e9ea0,0x00000000f1c80000)
  to   space 232960K, 0% used [0x00000000f1c80000,0x00000000f1c80000,0x0000000100000000)
 ParOldGen       total 776704K, used 681722K [0x0000000080000000, 0x00000000af680000, 0x00000000d5580000)
  object space 776704K, 87% used [0x0000000080000000,0x00000000a99be820,0x00000000af680000)
 Metaspace       used 6670K, capacity 7346K, committed 7552K, reserved 1056768K
  class space    used 602K, capacity 618K, committed 640K, reserved 1048576K
Event: 32.912 GC heap after
Heap after GC invocations=30 (full 4):
 PSYoungGen      total 465920K, used 151695K [0x00000000d5580000, 0x0000000100000000, 0x0000000100000000)
  eden space 232960K, 0% used [0x00000000d5580000,0x00000000d5580000,0x00000000e3900000)
  from space 232960K, 65% used [0x00000000f1c80000,0x00000000fb0a3f28,0x0000000100000000)
  to   space 232960K, 0% used [0x00000000e3900000,0x00000000e3900000,0x00000000f1c80000)
 ParOldGen       total 776704K, used 744650K [0x0000000080000000, 0x00000000af680000, 0x00000000d5580000)
  object space 776704K, 95% used [0x0000000080000000,0x00000000ad732a58,0x00000000af680000)
 Metaspace       used 6670K, capacity 7346K, committed 7552K, reserved 1056768K
  class space    used 602K, capacity 618K, committed 640K, reserved 1048576K
}
Event: 32.912 GC heap before
{Heap before GC invocations=31 (full 5):
 PSYoungGen      total 465920K, used 151695K [0x00000000d5580000, 0x0000000100000000, 0x0000000100000000)
  eden space 232960K, 0% used [0x00000000d5580000,0x00000000d5580000,0x00000000e3900000)
  from space 232960K, 65% used [0x00000000f1c80000,0x00000000fb0a3f28,0x0000000100000000)
  to   space 232960K, 0% used [0x00000000e3900000,0x00000000e3900000,0x00000000f1c80000)
 ParOldGen       total 776704K, used 744650K [0x0000000080000000, 0x00000000af680000, 0x00000000d5580000)
  object space 776704K, 95% used [0x0000000080000000,0x00000000ad732a58,0x00000000af680000)
 Metaspace       used 6670K, capacity 7346K, committed 7552K, reserved 1056768K
  class space    used 602K, capacity 618K, committed 640K, reserved 1048576K

Deoptimization events (10 events):
Event: 28.852 Thread 0x00007f10341a5800 Uncommon trap: reason=bimorphic action=maybe_recompile pc=0x00007f1025e9a698 method=com.android.dx.cf.code.BytecodeArray.parseInstruction(ILcom/android/dx/cf/code/BytecodeArray$Visitor;)I @ 2554
Event: 29.021 Thread 0x00007f10341a4000 Uncommon trap: reason=unstable_if action=reinterpret pc=0x00007f1025c27954 method=com.android.dx.ssa.back.SsaToRop.convertBasicBlock(Lcom/android/dx/ssa/SsaBasicBlock;)Lcom/android/dx/rop/code/BasicBlock; @ 21
Event: 30.462 Thread 0x00007f10341a7800 Uncommon trap: reason=unstable_if action=reinterpret pc=0x00007f1025de9d84 method=java.util.HashMap.resize()[Ljava/util/HashMap$Node; @ 206
Event: 30.898 Thread 0x00007f10340d7800 Uncommon trap: reason=class_check action=maybe_recompile pc=0x00007f1025cbe17c method=java.util.Arrays.hashCode([Ljava/lang/Object;)I @ 43
Event: 30.898 Thread 0x00007f10340d7800 Uncommon trap: reason=class_check action=maybe_recompile pc=0x00007f1025cbe17c method=java.util.Arrays.hashCode([Ljava/lang/Object;)I @ 43
Event: 30.899 Thread 0x00007f10340d7800 Uncommon trap: reason=class_check action=maybe_recompile pc=0x00007f1025cbe17c method=java.util.Arrays.hashCode([Ljava/lang/Object;)I @ 43
Event: 30.899 Thread 0x00007f10340d7800 Uncommon trap: reason=class_check action=maybe_recompile pc=0x00007f1025cbe17c method=java.util.Arrays.hashCode([Ljava/lang/Object;)I @ 43
Event: 30.899 Thread 0x00007f10340d7800 Uncommon trap: reason=class_check action=maybe_recompile pc=0x00007f102547a074 method=java.util.Arrays.hashCode([Ljava/lang/Object;)I @ 43
Event: 32.282 Thread 0x00007f10341a4000 Uncommon trap: reason=null_check action=make_not_entrant pc=0x00007f102572cc04 method=com.android.dx.dex.file.TypeIdsSection.intern(Lcom/android/dx/rop/cst/CstType;)Lcom/android/dx/dex/file/TypeIdItem; @ 31
Event: 32.590 Thread 0x00007f103400a800 Uncommon trap: reason=null_check action=make_not_entrant pc=0x00007f10253f2d40 method=com.android.dx.dex.file.MethodIdsSection.intern(Lcom/android/dx/rop/cst/CstBaseMethodRef;)Lcom/android/dx/dex/file/MethodIdItem; @ 26

Internal exceptions (8 events):
Event: 0.034 Thread 0x00007f103400a800 Exception <a 'java/lang/NoSuchMethodError': Method sun.misc.Unsafe.defineClass(Ljava/lang/String;[BII)Ljava/lang/Class; name or signature does not match> (0x00000000d5587cc0) thrown at [/ssd/Android/AOSP-openjdk/external/jetbrains/jdk/hotspot/src/share/vm
Event: 0.034 Thread 0x00007f103400a800 Exception <a 'java/lang/NoSuchMethodError': Method sun.misc.Unsafe.prefetchRead(Ljava/lang/Object;J)V name or signature does not match> (0x00000000d5587fa8) thrown at [/ssd/Android/AOSP-openjdk/external/jetbrains/jdk/hotspot/src/share/vm/prims/jni.cpp, li
Event: 1.077 Thread 0x00007f10341a5800 Implicit null exception at 0x00007f1025376311 to 0x00007f1025378af9
Event: 1.159 Thread 0x00007f10341a0800 Implicit null exception at 0x00007f1025341dc9 to 0x00007f10253444b9
Event: 1.187 Thread 0x00007f10341a5800 Implicit null exception at 0x00007f10253ac53b to 0x00007f10253ac6c5
Event: 1.933 Thread 0x00007f10341a0800 Exception <a 'java/lang/ArrayIndexOutOfBoundsException': 18> (0x00000000dab875a8) thrown at [/ssd/Android/AOSP-openjdk/external/jetbrains/jdk/hotspot/src/share/vm/interpreter/interpreterRuntime.cpp, line 366]
Event: 1.934 Thread 0x00007f10341a0800 Exception <a 'java/lang/ArrayIndexOutOfBoundsException': 145> (0x00000000dab89128) thrown at [/ssd/Android/AOSP-openjdk/external/jetbrains/jdk/hotspot/src/share/vm/interpreter/interpreterRuntime.cpp, line 366]
Event: 1.935 Thread 0x00007f10341a0800 Exception <a 'java/lang/ArrayIndexOutOfBoundsException': 40> (0x00000000dab8a410) thrown at [/ssd/Android/AOSP-openjdk/external/jetbrains/jdk/hotspot/src/share/vm/interpreter/interpreterRuntime.cpp, line 366]

Events (10 events):
Event: 32.622 Thread 0x00007f10341a4000 DEOPT PACKING pc=0x00007f1025387f76 sp=0x00007f10156cd070
Event: 32.622 Thread 0x00007f10341a4000 DEOPT UNPACKING pc=0x00007f1025047373 sp=0x00007f10156cce58 mode 0
Event: 32.635 Thread 0x00007f10341a0800 DEOPT PACKING pc=0x00007f102558252f sp=0x00007f10158cf0d0
Event: 32.635 Thread 0x00007f10341a0800 DEOPT UNPACKING pc=0x00007f1025047373 sp=0x00007f10158cee60 mode 0
Event: 32.645 Thread 0x00007f103400a800 DEOPT PACKING pc=0x00007f10257ae5a4 sp=0x00007f103b509c00
Event: 32.645 Thread 0x00007f103400a800 DEOPT UNPACKING pc=0x00007f1025047373 sp=0x00007f103b5099e0 mode 0
Event: 32.651 Thread 0x00007f10340b8000 flushing nmethod 0x00007f102579de90
Event: 32.668 Thread 0x00007f10341a5800 DEOPT PACKING pc=0x00007f10253509f7 sp=0x00007f10155cc1c0
Event: 32.668 Thread 0x00007f10341a5800 DEOPT UNPACKING pc=0x00007f1025047373 sp=0x00007f10155cbf50 mode 0
Event: 32.708 Executing VM operation: ParallelGCFailedAllocation


Dynamic libraries:
00400000-00401000 r-xp 00000000 08:01 11419229                           /home/android/Documents/Studio_setup/android-studio/jre/bin/java
00600000-00601000 r--p 00000000 08:01 11419229                           /home/android/Documents/Studio_setup/android-studio/jre/bin/java
00601000-00602000 rw-p 00001000 08:01 11419229                           /home/android/Documents/Studio_setup/android-studio/jre/bin/java
00fc1000-00fe2000 rw-p 00000000 00:00 0                                  [heap]
80000000-af680000 rw-p 00000000 00:00 0 
c2880000-d5580000 ---p 00000000 00:00 0 
d5580000-100000000 rw-p 00000000 00:00 0 
100000000-1000a0000 rw-p 00000000 00:00 0 
1000a0000-140000000 ---p 00000000 00:00 0 
7f0fd0000000-7f0fd0049000 rw-p 00000000 00:00 0 
7f0fd0049000-7f0fd4000000 ---p 00000000 00:00 0 
7f0fd4000000-7f0fd4021000 rw-p 00000000 00:00 0 
7f0fd4021000-7f0fd8000000 ---p 00000000 00:00 0 
7f0fd8000000-7f0fd804e000 rw-p 00000000 00:00 0 
7f0fd804e000-7f0fdc000000 ---p 00000000 00:00 0 
7f0fdc000000-7f0fdc037000 rw-p 00000000 00:00 0 
7f0fdc037000-7f0fe0000000 ---p 00000000 00:00 0 
7f0fe0000000-7f0fe0046000 rw-p 00000000 00:00 0 
7f0fe0046000-7f0fe4000000 ---p 00000000 00:00 0 
7f0fe4000000-7f0fe4021000 rw-p 00000000 00:00 0 
7f0fe4021000-7f0fe8000000 ---p 00000000 00:00 0 
7f0fe8000000-7f0fe8021000 rw-p 00000000 00:00 0 
7f0fe8021000-7f0fec000000 ---p 00000000 00:00 0 
7f0fec000000-7f0fec021000 rw-p 00000000 00:00 0 
7f0fec021000-7f0ff0000000 ---p 00000000 00:00 0 
7f0ff0000000-7f0ff208e000 rw-p 00000000 00:00 0 
7f0ff208e000-7f0ff4000000 ---p 00000000 00:00 0 
7f0ff4000000-7f0ff4aff000 rw-p 00000000 00:00 0 
7f0ff4aff000-7f0ff8000000 ---p 00000000 00:00 0 
7f0ff8000000-7f0ff8021000 rw-p 00000000 00:00 0 
7f0ff8021000-7f0ffc000000 ---p 00000000 00:00 0 
7f0ffc000000-7f0ffd3df000 rw-p 00000000 00:00 0 
7f0ffd3df000-7f1000000000 ---p 00000000 00:00 0 
7f1000000000-7f1000021000 rw-p 00000000 00:00 0 
7f1000021000-7f1004000000 ---p 00000000 00:00 0 
7f1004000000-7f1004021000 rw-p 00000000 00:00 0 
7f1004021000-7f1008000000 ---p 00000000 00:00 0 
7f1008000000-7f1008021000 rw-p 00000000 00:00 0 
7f1008021000-7f100c000000 ---p 00000000 00:00 0 
7f100c000000-7f100c27f000 rw-p 00000000 00:00 0 
7f100c27f000-7f1010000000 ---p 00000000 00:00 0 
7f1010000000-7f1010021000 rw-p 00000000 00:00 0 
7f1010021000-7f1014000000 ---p 00000000 00:00 0 
7f10152cb000-7f10152ce000 ---p 00000000 00:00 0 
7f10152ce000-7f10153cc000 rw-p 00000000 00:00 0 
7f10153cc000-7f10153cf000 ---p 00000000 00:00 0 
7f10153cf000-7f10154cd000 rw-p 00000000 00:00 0 
7f10154cd000-7f10154d0000 ---p 00000000 00:00 0 
7f10154d0000-7f10155ce000 rw-p 00000000 00:00 0 
7f10155ce000-7f10155d1000 ---p 00000000 00:00 0 
7f10155d1000-7f10156cf000 rw-p 00000000 00:00 0 
7f10156cf000-7f10156d2000 ---p 00000000 00:00 0 
7f10156d2000-7f10157d0000 rw-p 00000000 00:00 0 
7f10157d0000-7f10157d3000 ---p 00000000 00:00 0 
7f10157d3000-7f10158d1000 rw-p 00000000 00:00 0 
7f10158d1000-7f10159e6000 r--s 00b53000 08:01 6971108                    /home/android/Documents/MXI Projects/Goal Keeper/BackUp/April/28/Goalkeeper/app/build/intermediates/transforms/jarMerging/debug/jars/1/1f/combined.jar
7f10159e6000-7f10159e7000 ---p 00000000 00:00 0 
7f10159e7000-7f1015ae7000 rw-p 00000000 00:00 0 
7f1015ae7000-7f1015aea000 ---p 00000000 00:00 0 
7f1015aea000-7f1015be8000 rw-p 00000000 00:00 0 
7f1015be8000-7f1015beb000 ---p 00000000 00:00 0 
7f1015beb000-7f1015ce9000 rw-p 00000000 00:00 0 
7f1015ce9000-7f1015cec000 ---p 00000000 00:00 0 
7f1015cec000-7f1015dea000 rw-p 00000000 00:00 0 
7f1015dea000-7f1015ded000 ---p 00000000 00:00 0 
7f1015ded000-7f1015eeb000 rw-p 00000000 00:00 0 
7f1015eeb000-7f1015eee000 ---p 00000000 00:00 0 
7f1015eee000-7f1015fec000 rw-p 00000000 00:00 0 
7f1015fec000-7f10166ce000 r--p 00000000 08:01 8133439                    /usr/lib/locale/locale-archive
7f10166ce000-7f10166d1000 ---p 00000000 00:00 0 
7f10166d1000-7f10167cf000 rw-p 00000000 00:00 0 
7f10167cf000-7f10167d2000 ---p 00000000 00:00 0 
7f10167d2000-7f10168d0000 rw-p 00000000 00:00 0 
7f10168d0000-7f10168d1000 ---p 00000000 00:00 0 
7f10168d1000-7f1017ec0000 rw-p 00000000 00:00 0 
7f1017ec0000-7f1018000000 ---p 00000000 00:00 0 
7f1018000000-7f1018021000 rw-p 00000000 00:00 0 
7f1018021000-7f101c000000 ---p 00000000 00:00 0 
7f101c000000-7f1020000000 rw-p 00000000 00:00 0 
7f1020000000-7f1020021000 rw-p 00000000 00:00 0 
7f1020021000-7f1024000000 ---p 00000000 00:00 0 
7f1024007000-7f10241b8000 rw-p 00000000 00:00 0 
7f10241b8000-7f1024385000 r--s 03bec000 08:01 11806854                   /home/android/Documents/Studio_setup/android-studio/jre/jre/lib/rt.jar
7f1024385000-7f10247fb000 rw-p 00000000 00:00 0 
7f10247fb000-7f10247fc000 ---p 00000000 00:00 0 
7f10247fc000-7f10248fc000 rw-p 00000000 00:00 0 
7f10248fc000-7f10248fd000 ---p 00000000 00:00 0 
7f10248fd000-7f10249fd000 rw-p 00000000 00:00 0 
7f10249fd000-7f10249fe000 ---p 00000000 00:00 0 
7f10249fe000-7f1024afe000 rw-p 00000000 00:00 0 
7f1024afe000-7f1024aff000 ---p 00000000 00:00 0 
7f1024aff000-7f1024d7b000 rw-p 00000000 00:00 0 
7f1024d7b000-7f1024ea9000 ---p 00000000 00:00 0 
7f1024ea9000-7f1024fff000 rw-p 00000000 00:00 0 
7f1024fff000-7f1025000000 rw-p 00000000 00:00 0 
7f1025000000-7f1025ee0000 rwxp 00000000 00:00 0 
7f1025ee0000-7f1034000000 ---p 00000000 00:00 0 
7f1034000000-7f10343c4000 rw-p 00000000 00:00 0 
7f10343c4000-7f1038000000 ---p 00000000 00:00 0 
7f103800b000-7f1038187000 rw-p 00000000 00:00 0 
7f1038187000-7f10382b6000 ---p 00000000 00:00 0 
7f10382b6000-7f10382f2000 rw-p 00000000 00:00 0 
7f10382f2000-7f1038676000 ---p 00000000 00:00 0 
7f1038676000-7f1038690000 r-xp 00000000 08:01 11806878                   /home/android/Documents/Studio_setup/android-studio/jre/jre/lib/amd64/libzip.so
7f1038690000-7f1038890000 ---p 0001a000 08:01 11806878                   /home/android/Documents/Studio_setup/android-studio/jre/jre/lib/amd64/libzip.so
7f1038890000-7f1038891000 r--p 0001a000 08:01 11806878                   /home/android/Documents/Studio_setup/android-studio/jre/jre/lib/amd64/libzip.so
7f1038891000-7f1038892000 rw-p 0001b000 08:01 11806878                   /home/android/Documents/Studio_setup/android-studio/jre/jre/lib/amd64/libzip.so
7f1038892000-7f103889c000 r-xp 00000000 08:01 6954087                    /lib/x86_64-linux-gnu/libnss_files-2.19.so
7f103889c000-7f1038a9b000 ---p 0000a000 08:01 6954087                    /lib/x86_64-linux-gnu/libnss_files-2.19.so
7f1038a9b000-7f1038a9c000 r--p 00009000 08:01 6954087                    /lib/x86_64-linux-gnu/libnss_files-2.19.so
7f1038a9c000-7f1038a9d000 rw-p 0000a000 08:01 6954087                    /lib/x86_64-linux-gnu/libnss_files-2.19.so
7f1038a9d000-7f1038aa8000 r-xp 00000000 08:01 6954079                    /lib/x86_64-linux-gnu/libnss_nis-2.19.so
7f1038aa8000-7f1038ca7000 ---p 0000b000 08:01 6954079                    /lib/x86_64-linux-gnu/libnss_nis-2.19.so
7f1038ca7000-7f1038ca8000 r--p 0000a000 08:01 6954079                    /lib/x86_64-linux-gnu/libnss_nis-2.19.so
7f1038ca8000-7f1038ca9000 rw-p 0000b000 08:01 6954079                    /lib/x86_64-linux-gnu/libnss_nis-2.19.so
7f1038ca9000-7f1038cc0000 r-xp 00000000 08:01 6954075                    /lib/x86_64-linux-gnu/libnsl-2.19.so
7f1038cc0000-7f1038ebf000 ---p 00017000 08:01 6954075                    /lib/x86_64-linux-gnu/libnsl-2.19.so
7f1038ebf000-7f1038ec0000 r--p 00016000 08:01 6954075                    /lib/x86_64-linux-gnu/libnsl-2.19.so
7f1038ec0000-7f1038ec1000 rw-p 00017000 08:01 6954075                    /lib/x86_64-linux-gnu/libnsl-2.19.so
7f1038ec1000-7f1038ec3000 rw-p 00000000 00:00 0 
7f1038ec3000-7f1038ecc000 r-xp 00000000 08:01 6954074                    /lib/x86_64-linux-gnu/libnss_compat-2.19.so
7f1038ecc000-7f10390cb000 ---p 00009000 08:01 6954074                    /lib/x86_64-linux-gnu/libnss_compat-2.19.so
7f10390cb000-7f10390cc000 r--p 00008000 08:01 6954074                    /lib/x86_64-linux-gnu/libnss_compat-2.19.so
7f10390cc000-7f10390cd000 rw-p 00009000 08:01 6954074                    /lib/x86_64-linux-gnu/libnss_compat-2.19.so
7f10390cd000-7f10390fa000 r-xp 00000000 08:01 11806888                   /home/android/Documents/Studio_setup/android-studio/jre/jre/lib/amd64/libjava.so
7f10390fa000-7f10392f9000 ---p 0002d000 08:01 11806888                   /home/android/Documents/Studio_setup/android-studio/jre/jre/lib/amd64/libjava.so
7f10392f9000-7f10392fa000 r--p 0002c000 08:01 11806888                   /home/android/Documents/Studio_setup/android-studio/jre/jre/lib/amd64/libjava.so
7f10392fa000-7f10392fc000 rw-p 0002d000 08:01 11806888                   /home/android/Documents/Studio_setup/android-studio/jre/jre/lib/amd64/libjava.so
7f10392fc000-7f103930c000 r-xp 00000000 08:01 11806904                   /home/android/Documents/Studio_setup/android-studio/jre/jre/lib/amd64/libverify.so
7f103930c000-7f103950b000 ---p 00010000 08:01 11806904                   /home/android/Documents/Studio_setup/android-studio/jre/jre/lib/amd64/libverify.so
7f103950b000-7f103950d000 r--p 0000f000 08:01 11806904                   /home/android/Documents/Studio_setup/android-studio/jre/jre/lib/amd64/libverify.so
7f103950d000-7f103950e000 rw-p 00011000 08:01 11806904                   /home/android/Documents/Studio_setup/android-studio/jre/jre/lib/amd64/libverify.so
7f103950e000-7f1039515000 r-xp 00000000 08:01 6954083                    /lib/x86_64-linux-gnu/librt-2.19.so
7f1039515000-7f1039714000 ---p 00007000 08:01 6954083                    /lib/x86_64-linux-gnu/librt-2.19.so
7f1039714000-7f1039715000 r--p 00006000 08:01 6954083                    /lib/x86_64-linux-gnu/librt-2.19.so
7f1039715000-7f1039716000 rw-p 00007000 08:01 6954083                    /lib/x86_64-linux-gnu/librt-2.19.so
7f1039716000-7f103981b000 r-xp 00000000 08:01 6954069                    /lib/x86_64-linux-gnu/libm-2.19.so
7f103981b000-7f1039a1a000 ---p 00105000 08:01 6954069                    /lib/x86_64-linux-gnu/libm-2.19.so
7f1039a1a000-7f1039a1b000 r--p 00104000 08:01 6954069                    /lib/x86_64-linux-gnu/libm-2.19.so
7f1039a1b000-7f1039a1c000 rw-p 00105000 08:01 6954069                    /lib/x86_64-linux-gnu/libm-2.19.so
7f1039a1c000-7f103a602000 r-xp 00000000 08:01 11806907                   /home/android/Documents/Studio_setup/android-studio/jre/jre/lib/amd64/server/libjvm.so
7f103a602000-7f103a802000 ---p 00be6000 08:01 11806907                   /home/android/Documents/Studio_setup/android-studio/jre/jre/lib/amd64/server/libjvm.so
7f103a802000-7f103a8a1000 r--p 00be6000 08:01 11806907                   /home/android/Documents/Studio_setup/android-studio/jre/jre/lib/amd64/server/libjvm.so
7f103a8a1000-7f103a8ca000 rw-p 00c85000 08:01 11806907                   /home/android/Documents/Studio_setup/android-studio/jre/jre/lib/amd64/server/libjvm.so
7f103a8ca000-7f103a90c000 rw-p 00000000 00:00 0 
7f103a90c000-7f103a925000 r-xp 00000000 08:01 6954076                    /lib/x86_64-linux-gnu/libpthread-2.19.so
7f103a925000-7f103ab24000 ---p 00019000 08:01 6954076                    /lib/x86_64-linux-gnu/libpthread-2.19.so
7f103ab24000-7f103ab25000 r--p 00018000 08:01 6954076                    /lib/x86_64-linux-gnu/libpthread-2.19.so
7f103ab25000-7f103ab26000 rw-p 00019000 08:01 6954076                    /lib/x86_64-linux-gnu/libpthread-2.19.so
7f103ab26000-7f103ab2a000 rw-p 00000000 00:00 0 
7f103ab2a000-7f103ab2d000 r-xp 00000000 08:01 6954071                    /lib/x86_64-linux-gnu/libdl-2.19.so
7f103ab2d000-7f103ad2c000 ---p 00003000 08:01 6954071                    /lib/x86_64-linux-gnu/libdl-2.19.so
7f103ad2c000-7f103ad2d000 r--p 00002000 08:01 6954071                    /lib/x86_64-linux-gnu/libdl-2.19.so
7f103ad2d000-7f103ad2e000 rw-p 00003000 08:01 6954071                    /lib/x86_64-linux-gnu/libdl-2.19.so
7f103ad2e000-7f103aee8000 r-xp 00000000 08:01 6954084                    /lib/x86_64-linux-gnu/libc-2.19.so
7f103aee8000-7f103b0e8000 ---p 001ba000 08:01 6954084                    /lib/x86_64-linux-gnu/libc-2.19.so
7f103b0e8000-7f103b0ec000 r--p 001ba000 08:01 6954084                    /lib/x86_64-linux-gnu/libc-2.19.so
7f103b0ec000-7f103b0ee000 rw-p 001be000 08:01 6954084                    /lib/x86_64-linux-gnu/libc-2.19.so
7f103b0ee000-7f103b0f3000 rw-p 00000000 00:00 0 
7f103b0f3000-7f103b109000 r-xp 00000000 08:01 11409282                   /home/android/Documents/Studio_setup/android-studio/jre/lib/amd64/jli/libjli.so
7f103b109000-7f103b308000 ---p 00016000 08:01 11409282                   /home/android/Documents/Studio_setup/android-studio/jre/lib/amd64/jli/libjli.so
7f103b308000-7f103b309000 r--p 00015000 08:01 11409282                   /home/android/Documents/Studio_setup/android-studio/jre/lib/amd64/jli/libjli.so
7f103b309000-7f103b30a000 rw-p 00016000 08:01 11409282                   /home/android/Documents/Studio_setup/android-studio/jre/lib/amd64/jli/libjli.so
7f103b30a000-7f103b32d000 r-xp 00000000 08:01 6954077                    /lib/x86_64-linux-gnu/ld-2.19.so
7f103b33f000-7f103b40b000 rw-p 00000000 00:00 0 
7f103b40b000-7f103b40e000 ---p 00000000 00:00 0 
7f103b40e000-7f103b511000 rw-p 00000000 00:00 0 
7f103b511000-7f103b520000 r--s 000df000 08:01 6295025                    /home/android/Android/Sdk/build-tools/23.0.2/lib/dx.jar
7f103b520000-7f103b528000 rw-s 00000000 08:01 14962916                   /tmp/hsperfdata_android/13692
7f103b528000-7f103b529000 rw-p 00000000 00:00 0 
7f103b529000-7f103b52a000 ---p 00000000 00:00 0 
7f103b52a000-7f103b52c000 rw-p 00000000 00:00 0 
7f103b52c000-7f103b52d000 r--p 00022000 08:01 6954077                    /lib/x86_64-linux-gnu/ld-2.19.so
7f103b52d000-7f103b52e000 rw-p 00023000 08:01 6954077                    /lib/x86_64-linux-gnu/ld-2.19.so
7f103b52e000-7f103b52f000 rw-p 00000000 00:00 0 
7ffdf84a4000-7ffdf84c5000 rw-p 00000000 00:00 0                          [stack]
7ffdf84d9000-7ffdf84db000 r--p 00000000 00:00 0                          [vvar]
7ffdf84db000-7ffdf84dd000 r-xp 00000000 00:00 0                          [vdso]
ffffffffff600000-ffffffffff601000 r-xp 00000000 00:00 0                  [vsyscall]

VM Arguments:
jvm_args: -Djava.awt.headless=true -Xmx2g -Dfile.encoding=UTF-8 -Duser.country=IN -Duser.language=en -Duser.variant 
java_command: com.android.dx.command.Main --dex --num-threads=4 --multi-dex --main-dex-list /home/android/Documents/MXI Projects/Goal Keeper/BackUp/April/28/Goalkeeper/app/build/intermediates/multi-dex/debug/maindexlist.txt --output /home/android/Documents/MXI Projects/Goal Keeper/BackUp/April/28/Goalkeeper/app/build/intermediates/transforms/dex/debug/folders/1000/1f/main /home/android/Documents/MXI Projects/Goal Keeper/BackUp/April/28/Goalkeeper/app/build/intermediates/transforms/jarMerging/debug/jars/1/1f/combined.jar
java_class_path (initial): /home/android/Android/Sdk/build-tools/23.0.2/lib/dx.jar
Launcher Type: SUN_STANDARD

Environment Variables:
JAVA_HOME=/usr/lib/jvm/java-8-oracle
PATH=/usr/local/sbin:/usr/local/bin:/usr/sbin:/usr/bin:/sbin:/bin:/usr/games:/usr/local/games:/usr/lib/jvm/java-8-oracle/bin:/usr/lib/jvm/java-8-oracle/db/bin:/usr/lib/jvm/java-8-oracle/jre/bin
LD_LIBRARY_PATH=/home/android/Documents/Studio_setup/android-studio/bin:
SHELL=/bin/bash
DISPLAY=:0

Signal Handlers:
SIGSEGV: [libjvm.so+0x9daac0], sa_mask[0]=11111111011111111101111111111110, sa_flags=SA_RESTART|SA_SIGINFO
SIGBUS: [libjvm.so+0x9daac0], sa_mask[0]=11111111011111111101111111111110, sa_flags=SA_RESTART|SA_SIGINFO
SIGFPE: [libjvm.so+0x840d90], sa_mask[0]=11111111011111111101111111111110, sa_flags=SA_RESTART|SA_SIGINFO
SIGPIPE: [libjvm.so+0x840d90], sa_mask[0]=11111111011111111101111111111110, sa_flags=SA_RESTART|SA_SIGINFO
SIGXFSZ: [libjvm.so+0x840d90], sa_mask[0]=11111111011111111101111111111110, sa_flags=SA_RESTART|SA_SIGINFO
SIGILL: [libjvm.so+0x840d90], sa_mask[0]=11111111011111111101111111111110, sa_flags=SA_RESTART|SA_SIGINFO
SIGUSR1: SIG_DFL, sa_mask[0]=00000000000000000000000000000000, sa_flags=none
SIGUSR2: [libjvm.so+0x840c60], sa_mask[0]=00100000000000000000000000000000, sa_flags=SA_RESTART|SA_SIGINFO
SIGHUP: [libjvm.so+0x840e50], sa_mask[0]=11111111011111111101111111111110, sa_flags=SA_RESTART|SA_SIGINFO
SIGINT: [libjvm.so+0x840e50], sa_mask[0]=11111111011111111101111111111110, sa_flags=SA_RESTART|SA_SIGINFO
SIGTERM: [libjvm.so+0x840e50], sa_mask[0]=11111111011111111101111111111110, sa_flags=SA_RESTART|SA_SIGINFO
SIGQUIT: [libjvm.so+0x840e50], sa_mask[0]=11111111011111111101111111111110, sa_flags=SA_RESTART|SA_SIGINFO


---------------  S Y S T E M  ---------------

OS:DISTRIB_ID=Ubuntu
DISTRIB_RELEASE=14.04
DISTRIB_CODENAME=trusty
DISTRIB_DESCRIPTION="Ubuntu 14.04.4 LTS"

uname:Linux 4.2.0-42-generic #49~14.04.1-Ubuntu SMP Wed Jun 29 20:22:11 UTC 2016 x86_64
libc:glibc 2.19 NPTL 2.19 
rlimit: STACK 8192k, CORE 0k, NPROC 31428, NOFILE 4096, AS infinity
load average:4.21 1.72 1.19

/proc/meminfo:
MemTotal:        8067160 kB
MemFree:          169616 kB
MemAvailable:     244968 kB
Buffers:           47088 kB
Cached:           769868 kB
SwapCached:            0 kB
Active:          7067296 kB
Inactive:         632588 kB
Active(anon):    6971016 kB
Inactive(anon):   513316 kB
Active(file):      96280 kB
Inactive(file):   119272 kB
Unevictable:          64 kB
Mlocked:              64 kB
SwapTotal:             0 kB
SwapFree:              0 kB
Dirty:              8496 kB
Writeback:             0 kB
AnonPages:       6883032 kB
Mapped:           337064 kB
Shmem:            601364 kB
Slab:              93676 kB
SReclaimable:      57484 kB
SUnreclaim:        36192 kB
KernelStack:       10688 kB
PageTables:        50124 kB
NFS_Unstable:          0 kB
Bounce:                0 kB
WritebackTmp:          0 kB
CommitLimit:     4033580 kB
Committed_AS:   11407328 kB
VmallocTotal:   34359738367 kB
VmallocUsed:      354576 kB
VmallocChunk:   34358947836 kB
HardwareCorrupted:     0 kB
AnonHugePages:   3753984 kB
CmaTotal:              0 kB
CmaFree:               0 kB
HugePages_Total:       0
HugePages_Free:        0
HugePages_Rsvd:        0
HugePages_Surp:        0
Hugepagesize:       2048 kB
DirectMap4k:      121284 kB
DirectMap2M:     8159232 kB


CPU:total 4 (2 cores per cpu, 2 threads per core) family 6 model 42 stepping 7, cmov, cx8, fxsr, mmx, sse, sse2, sse3, ssse3, sse4.1, sse4.2, popcnt, avx, clmul, ht, tsc, tscinvbit

/proc/cpuinfo:
processor	: 0
vendor_id	: GenuineIntel
cpu family	: 6
model		: 42
model name	: Intel(R) Core(TM) i3-2120 CPU @ 3.30GHz
stepping	: 7
microcode	: 0x28
cpu MHz		: 1802.367
cache size	: 3072 KB
physical id	: 0
siblings	: 4
core id		: 0
cpu cores	: 2
apicid		: 0
initial apicid	: 0
fpu		: yes
fpu_exception	: yes
cpuid level	: 13
wp		: yes
flags		: fpu vme de pse tsc msr pae mce cx8 apic sep mtrr pge mca cmov pat pse36 clflush dts acpi mmx fxsr sse sse2 ss ht tm pbe syscall nx rdtscp lm constant_tsc arch_perfmon pebs bts rep_good nopl xtopology nonstop_tsc aperfmperf eagerfpu pni pclmulqdq dtes64 monitor ds_cpl vmx est tm2 ssse3 cx16 xtpr pdcm pcid sse4_1 sse4_2 popcnt tsc_deadline_timer xsave avx lahf_lm arat epb pln pts dtherm tpr_shadow vnmi flexpriority ept vpid xsaveopt
bugs		:
bogomips	: 6585.34
clflush size	: 64
cache_alignment	: 64
address sizes	: 36 bits physical, 48 bits virtual
power management:

processor	: 1
vendor_id	: GenuineIntel
cpu family	: 6
model		: 42
model name	: Intel(R) Core(TM) i3-2120 CPU @ 3.30GHz
stepping	: 7
microcode	: 0x28
cpu MHz		: 1821.960
cache size	: 3072 KB
physical id	: 0
siblings	: 4
core id		: 1
cpu cores	: 2
apicid		: 2
initial apicid	: 2
fpu		: yes
fpu_exception	: yes
cpuid level	: 13
wp		: yes
flags		: fpu vme de pse tsc msr pae mce cx8 apic sep mtrr pge mca cmov pat pse36 clflush dts acpi mmx fxsr sse sse2 ss ht tm pbe syscall nx rdtscp lm constant_tsc arch_perfmon pebs bts rep_good nopl xtopology nonstop_tsc aperfmperf eagerfpu pni pclmulqdq dtes64 monitor ds_cpl vmx est tm2 ssse3 cx16 xtpr pdcm pcid sse4_1 sse4_2 popcnt tsc_deadline_timer xsave avx lahf_lm arat epb pln pts dtherm tpr_shadow vnmi flexpriority ept vpid xsaveopt
bugs		:
bogomips	: 6585.34
clflush size	: 64
cache_alignment	: 64
address sizes	: 36 bits physical, 48 bits virtual
power management:

processor	: 2
vendor_id	: GenuineIntel
cpu family	: 6
model		: 42
model name	: Intel(R) Core(TM) i3-2120 CPU @ 3.30GHz
stepping	: 7
microcode	: 0x28
cpu MHz		: 1718.449
cache size	: 3072 KB
physical id	: 0
siblings	: 4
core id		: 0
cpu cores	: 2
apicid		: 1
initial apicid	: 1
fpu		: yes
fpu_exception	: yes
cpuid level	: 13
wp		: yes
flags		: fpu vme de pse tsc msr pae mce cx8 apic sep mtrr pge mca cmov pat pse36 clflush dts acpi mmx fxsr sse sse2 ss ht tm pbe syscall nx rdtscp lm constant_tsc arch_perfmon pebs bts rep_good nopl xtopology nonstop_tsc aperfmperf eagerfpu pni pclmulqdq dtes64 monitor ds_cpl vmx est tm2 ssse3 cx16 xtpr pdcm pcid sse4_1 sse4_2 popcnt tsc_deadline_timer xsave avx lahf_lm arat epb pln pts dtherm tpr_shadow vnmi flexpriority ept vpid xsaveopt
bugs		:
bogomips	: 6585.34
clflush size	: 64
cache_alignment	: 64
address sizes	: 36 bits physical, 48 bits virtual
power management:

processor	: 3
vendor_id	: GenuineIntel
cpu family	: 6
model		: 42
model name	: Intel(R) Core(TM) i3-2120 CPU @ 3.30GHz
stepping	: 7
microcode	: 0x28
cpu MHz		: 2421.890
cache size	: 3072 KB
physical id	: 0
siblings	: 4
core id		: 1
cpu cores	: 2
apicid		: 3
initial apicid	: 3
fpu		: yes
fpu_exception	: yes
cpuid level	: 13
wp		: yes
flags		: fpu vme de pse tsc msr pae mce cx8 apic sep mtrr pge mca cmov pat pse36 clflush dts acpi mmx fxsr sse sse2 ss ht tm pbe syscall nx rdtscp lm constant_tsc arch_perfmon pebs bts rep_good nopl xtopology nonstop_tsc aperfmperf eagerfpu pni pclmulqdq dtes64 monitor ds_cpl vmx est tm2 ssse3 cx16 xtpr pdcm pcid sse4_1 sse4_2 popcnt tsc_deadline_timer xsave avx lahf_lm arat epb pln pts dtherm tpr_shadow vnmi flexpriority ept vpid xsaveopt
bugs		:
bogomips	: 6585.34
clflush size	: 64
cache_alignment	: 64
address sizes	: 36 bits physical, 48 bits virtual
power management:



Memory: 4k page, physical 8067160k(169616k free), swap 0k(0k free)

vm_info: OpenJDK 64-Bit Server VM (25.76-b03) for linux-amd64 JRE (1.8.0_76-release-b03), built on Jun 29 2016 09:39:19 by "builder" with gcc 4.8.4

time: Tue May  2 17:41:52 2017
elapsed time: 38 seconds (0d 0h 0m 38s)

