#
# There is insufficient memory for the Java Runtime Environment to continue.
# Native memory allocation (mmap) failed to map 133693440 bytes for committing reserved memory.
# Possible reasons:
#   The system is out of physical RAM or swap space
#   In 32 bit mode, the process size limit was hit
# Possible solutions:
#   Reduce memory load on the system
#   Increase physical memory or swap space
#   Check if swap backing store is full
#   Use 64 bit Java on a 64 bit OS
#   Decrease Java heap size (-Xmx/-Xms)
#   Decrease number of Java threads
#   Decrease Java thread stack sizes (-Xss)
#   Set larger code cache with -XX:ReservedCodeCacheSize=
# This output file may be truncated or incomplete.
#
#  Out of Memory Error (os_linux.cpp:2627), pid=8721, tid=0x00007fcb372f2700
#
# JRE version: OpenJDK Runtime Environment (8.0_76-b03) (build 1.8.0_76-release-b03)
# Java VM: OpenJDK 64-Bit Server VM (25.76-b03 mixed mode linux-amd64 compressed oops)
# Failed to write core dump. Core dumps have been disabled. To enable core dumping, try "ulimit -c unlimited" before starting Java again
#

---------------  T H R E A D  ---------------

Current thread (0x00007fcb54078000):  VMThread [stack: 0x00007fcb371f2000,0x00007fcb372f3000] [id=8731]

Stack: [0x00007fcb371f2000,0x00007fcb372f3000],  sp=0x00007fcb372f1490,  free space=1021k
Native frames: (J=compiled Java code, j=interpreted, Vv=VM code, C=native code)
V  [libjvm.so+0x9d9fcd]  VMError::report_and_die()+0x15d
V  [libjvm.so+0x4b4d4a]  report_vm_out_of_memory(char const*, int, unsigned long, VMErrorType, char const*)+0x8a
V  [libjvm.so+0x845190]  os::pd_commit_memory(char*, unsigned long, unsigned long, bool)+0xf0
V  [libjvm.so+0x83fcbf]  os::commit_memory(char*, unsigned long, unsigned long, bool)+0x1f
V  [libjvm.so+0x8b4d9b]  PSVirtualSpace::expand_by(unsigned long)+0x5b
V  [libjvm.so+0x8a5b7b]  PSOldGen::expand_by(unsigned long) [clone .part.109]+0x1b
V  [libjvm.so+0x8a5d3b]  PSOldGen::expand(unsigned long) [clone .part.111]+0xdb
V  [libjvm.so+0x8a6618]  PSOldGen::resize(unsigned long)+0x188
V  [libjvm.so+0x8abc2c]  PSParallelCompact::invoke_no_policy(bool)+0x97c
V  [libjvm.so+0x8b2d3d]  PSScavenge::invoke()+0x17d
V  [libjvm.so+0x8681f3]  ParallelScavengeHeap::failed_mem_allocate(unsigned long)+0x63
V  [libjvm.so+0x9dba94]  VM_ParallelGCFailedAllocation::doit()+0x84
V  [libjvm.so+0x9dfe47]  VM_Operation::evaluate()+0x47
V  [libjvm.so+0x9de908]  VMThread::evaluate_operation(VM_Operation*)+0x2c8
V  [libjvm.so+0x9ded89]  VMThread::loop()+0x219
V  [libjvm.so+0x9df1d2]  VMThread::run()+0x72
V  [libjvm.so+0x8425b2]  java_start(Thread*)+0xf2

VM_Operation (0x00007fcb35fef070): ParallelGCFailedAllocation, mode: safepoint, requested by thread 0x00007fcb541b4800


---------------  P R O C E S S  ---------------

Java Threads: ( => current thread )
  0x00007fcb54190800 JavaThread "pool-1-thread-1" [_thread_blocked, id=8755, stack(0x00007fcb35982000,0x00007fcb35a83000)]
  0x00007fcb541b8000 JavaThread "pool-2-thread-4" [_thread_blocked, id=8744, stack(0x00007fcb35cee000,0x00007fcb35def000)]
  0x00007fcb541b6800 JavaThread "pool-2-thread-3" [_thread_blocked, id=8743, stack(0x00007fcb35def000,0x00007fcb35ef0000)]
  0x00007fcb541b4800 JavaThread "pool-2-thread-2" [_thread_blocked, id=8742, stack(0x00007fcb35ef0000,0x00007fcb35ff1000)]
  0x00007fcb541b3800 JavaThread "pool-3-thread-1" [_thread_blocked, id=8741, stack(0x00007fcb35ff1000,0x00007fcb360f2000)]
  0x00007fcb541b1000 JavaThread "pool-2-thread-1" [_thread_blocked, id=8740, stack(0x00007fcb360f2000,0x00007fcb361f3000)]
  0x00007fcb540da000 JavaThread "Service Thread" daemon [_thread_blocked, id=8738, stack(0x00007fcb36409000,0x00007fcb3650a000)]
  0x00007fcb540bc800 JavaThread "C1 CompilerThread2" daemon [_thread_blocked, id=8737, stack(0x00007fcb3650a000,0x00007fcb3660b000)]
  0x00007fcb540bb000 JavaThread "C2 CompilerThread1" daemon [_thread_blocked, id=8736, stack(0x00007fcb3660b000,0x00007fcb3670c000)]
  0x00007fcb540b8000 JavaThread "C2 CompilerThread0" daemon [_thread_blocked, id=8735, stack(0x00007fcb3670c000,0x00007fcb3680d000)]
  0x00007fcb540b6800 JavaThread "Signal Dispatcher" daemon [_thread_blocked, id=8734, stack(0x00007fcb3680d000,0x00007fcb3690e000)]
  0x00007fcb54084000 JavaThread "Finalizer" daemon [_thread_blocked, id=8733, stack(0x00007fcb36ff0000,0x00007fcb370f1000)]
  0x00007fcb5407f800 JavaThread "Reference Handler" daemon [_thread_blocked, id=8732, stack(0x00007fcb370f1000,0x00007fcb371f2000)]
  0x00007fcb5400a800 JavaThread "main" [_thread_blocked, id=8726, stack(0x00007fcb5c82f000,0x00007fcb5c930000)]

Other Threads:
=>0x00007fcb54078000 VMThread [stack: 0x00007fcb371f2000,0x00007fcb372f3000] [id=8731]
  0x00007fcb540e4800 WatcherThread [stack: 0x00007fcb36308000,0x00007fcb36409000] [id=8739]

VM state:at safepoint (normal execution)

VM Mutex/Monitor currently owned by a thread:  ([mutex/lock_event])
[0x00007fcb540063a0] ExpandHeap_lock - owner thread: 0x00007fcb54078000
[0x00007fcb54006a20] Threads_lock - owner thread: 0x00007fcb54078000
[0x00007fcb54006f20] Heap_lock - owner thread: 0x00007fcb541b4800

Heap:
 PSYoungGen      total 1016832K, used 0K [0x000000076ab00000, 0x00000007bf000000, 0x00000007c0000000)
  eden space 689152K, 0% used [0x000000076ab00000,0x000000076ab00000,0x0000000794c00000)
  from space 327680K, 0% used [0x00000007a9380000,0x00000007a9380000,0x00000007bd380000)
  to   space 335360K, 0% used [0x0000000794c00000,0x0000000794c00000,0x00000007a9380000)
 ParOldGen       total 1051136K, used 744305K [0x00000006c0000000, 0x0000000700280000, 0x000000076ab00000)
  object space 1051136K, 70% used [0x00000006c0000000,0x00000006ed6dc420,0x0000000700280000)
 Metaspace       used 6946K, capacity 7602K, committed 7808K, reserved 1056768K
  class space    used 615K, capacity 618K, committed 640K, reserved 1048576K

Card table byte_map: [0x00007fcb58ed9000,0x00007fcb596da000] byte_map_base: 0x00007fcb558d9000

Marking Bits: (ParMarkBitMap*) 0x00007fcb5bd031a0
 Begin Bits: [0x00007fcb3d000000, 0x00007fcb41000000)
 End Bits:   [0x00007fcb41000000, 0x00007fcb45000000)

Polling page: 0x00007fcb5c94d000

CodeCache: size=245760Kb used=14380Kb max_used=14849Kb free=231379Kb
 bounds [0x00007fcb45000000, 0x00007fcb45eb0000, 0x00007fcb54000000]
 total_blobs=3371 nmethods=3103 adapters=182
 compilation: enabled

Compilation events (10 events):
Event: 34.864 Thread 0x00007fcb540b8000 nmethod 3901 0x00007fcb45819ad0 code [0x00007fcb45819c60, 0x00007fcb45819eb8]
Event: 34.864 Thread 0x00007fcb540b8000 3867       4       com.android.dx.ssa.back.SsaToRop::convert (99 bytes)
Event: 35.035 Thread 0x00007fcb540bc800 3907       3       com.android.dx.dex.code.OutputFinisher::addReservedParameters (16 bytes)
Event: 35.035 Thread 0x00007fcb540bc800 nmethod 3907 0x00007fcb45819710 code [0x00007fcb45819880, 0x00007fcb45819a28]
Event: 35.035 Thread 0x00007fcb540bc800 3908       3       com.android.dx.dex.file.CodeItem::place0 (88 bytes)
Event: 35.037 Thread 0x00007fcb540bc800 nmethod 3908 0x00007fcb457e0450 code [0x00007fcb457e06e0, 0x00007fcb457e1bf8]
Event: 35.083 Thread 0x00007fcb540bc800 3912 % !   3       com.android.dx.cf.direct.DirectClassFile$DcfTypeList::<init> @ 48 (137 bytes)
Event: 35.085 Thread 0x00007fcb540bc800 nmethod 3912% 0x00007fcb457dbcd0 code [0x00007fcb457dc0c0, 0x00007fcb457de518]
Event: 35.120 Thread 0x00007fcb540bc800 3914       2       java.util.HashMap$TreeNode::tieBreakOrder (49 bytes)
Event: 35.120 Thread 0x00007fcb540bc800 nmethod 3914 0x00007fcb45819010 code [0x00007fcb458191c0, 0x00007fcb45819488]

GC Heap History (10 events):
Event: 28.465 GC heap after
Heap after GC invocations=25 (full 5):
 PSYoungGen      total 781824K, used 60095K [0x000000076ab00000, 0x00000007a8100000, 0x00000007c0000000)
  eden space 595968K, 0% used [0x000000076ab00000,0x000000076ab00000,0x000000078f100000)
  from space 185856K, 32% used [0x000000079cb80000,0x00000007a062fc80,0x00000007a8100000)
  to   space 204800K, 0% used [0x000000078f100000,0x000000078f100000,0x000000079b900000)
 ParOldGen       total 1051136K, used 696142K [0x00000006c0000000, 0x0000000700280000, 0x000000076ab00000)
  object space 1051136K, 66% used [0x00000006c0000000,0x00000006ea7d3be0,0x0000000700280000)
 Metaspace       used 6572K, capacity 7280K, committed 7552K, reserved 1056768K
  class space    used 596K, capacity 616K, committed 640K, reserved 1048576K
}
Event: 29.714 GC heap before
{Heap before GC invocations=26 (full 5):
 PSYoungGen      total 781824K, used 656063K [0x000000076ab00000, 0x00000007a8100000, 0x00000007c0000000)
  eden space 595968K, 100% used [0x000000076ab00000,0x000000078f100000,0x000000078f100000)
  from space 185856K, 32% used [0x000000079cb80000,0x00000007a062fc80,0x00000007a8100000)
  to   space 204800K, 0% used [0x000000078f100000,0x000000078f100000,0x000000079b900000)
 ParOldGen       total 1051136K, used 696142K [0x00000006c0000000, 0x0000000700280000, 0x000000076ab00000)
  object space 1051136K, 66% used [0x00000006c0000000,0x00000006ea7d3be0,0x0000000700280000)
 Metaspace       used 6574K, capacity 7280K, committed 7552K, reserved 1056768K
  class space    used 596K, capacity 616K, committed 640K, reserved 1048576K
Event: 29.844 GC heap after
Heap after GC invocations=26 (full 5):
 PSYoungGen      total 800768K, used 146698K [0x000000076ab00000, 0x00000007ad800000, 0x00000007c0000000)
  eden space 595968K, 0% used [0x000000076ab00000,0x000000076ab00000,0x000000078f100000)
  from space 204800K, 71% used [0x000000078f100000,0x0000000798042af0,0x000000079b900000)
  to   space 217600K, 0% used [0x00000007a0380000,0x00000007a0380000,0x00000007ad800000)
 ParOldGen       total 1051136K, used 696142K [0x00000006c0000000, 0x0000000700280000, 0x000000076ab00000)
  object space 1051136K, 66% used [0x00000006c0000000,0x00000006ea7d3be0,0x0000000700280000)
 Metaspace       used 6574K, capacity 7280K, committed 7552K, reserved 1056768K
  class space    used 596K, capacity 616K, committed 640K, reserved 1048576K
}
Event: 31.406 GC heap before
{Heap before GC invocations=27 (full 5):
 PSYoungGen      total 800768K, used 742666K [0x000000076ab00000, 0x00000007ad800000, 0x00000007c0000000)
  eden space 595968K, 100% used [0x000000076ab00000,0x000000078f100000,0x000000078f100000)
  from space 204800K, 71% used [0x000000078f100000,0x0000000798042af0,0x000000079b900000)
  to   space 217600K, 0% used [0x00000007a0380000,0x00000007a0380000,0x00000007ad800000)
 ParOldGen       total 1051136K, used 696142K [0x00000006c0000000, 0x0000000700280000, 0x000000076ab00000)
  object space 1051136K, 66% used [0x00000006c0000000,0x00000006ea7d3be0,0x0000000700280000)
 Metaspace       used 6683K, capacity 7346K, committed 7552K, reserved 1056768K
  class space    used 602K, capacity 618K, committed 640K, reserved 1048576K
Event: 31.687 GC heap after
Heap after GC invocations=27 (full 5):
 PSYoungGen      total 833536K, used 217589K [0x000000076ab00000, 0x00000007b3380000, 0x00000007c0000000)
  eden space 615936K, 0% used [0x000000076ab00000,0x000000076ab00000,0x0000000790480000)
  from space 217600K, 99% used [0x00000007a0380000,0x00000007ad7fd6c0,0x00000007ad800000)
  to   space 261120K, 0% used [0x0000000790480000,0x0000000790480000,0x00000007a0380000)
 ParOldGen       total 1051136K, used 718417K [0x00000006c0000000, 0x0000000700280000, 0x000000076ab00000)
  object space 1051136K, 68% used [0x00000006c0000000,0x00000006ebd946b8,0x0000000700280000)
 Metaspace       used 6683K, capacity 7346K, committed 7552K, reserved 1056768K
  class space    used 602K, capacity 618K, committed 640K, reserved 1048576K
}
Event: 33.194 GC heap before
{Heap before GC invocations=28 (full 5):
 PSYoungGen      total 833536K, used 833525K [0x000000076ab00000, 0x00000007b3380000, 0x00000007c0000000)
  eden space 615936K, 100% used [0x000000076ab00000,0x0000000790480000,0x0000000790480000)
  from space 217600K, 99% used [0x00000007a0380000,0x00000007ad7fd6c0,0x00000007ad800000)
  to   space 261120K, 0% used [0x0000000790480000,0x0000000790480000,0x00000007a0380000)
 ParOldGen       total 1051136K, used 718417K [0x00000006c0000000, 0x0000000700280000, 0x000000076ab00000)
  object space 1051136K, 68% used [0x00000006c0000000,0x00000006ebd946b8,0x0000000700280000)
 Metaspace       used 6926K, capacity 7602K, committed 7808K, reserved 1056768K
  class space    used 614K, capacity 618K, committed 640K, reserved 1048576K
Event: 33.544 GC heap after
Heap after GC invocations=28 (full 5):
 PSYoungGen      total 877056K, used 261097K [0x000000076ab00000, 0x00000007bd380000, 0x00000007c0000000)
  eden space 615936K, 0% used [0x000000076ab00000,0x000000076ab00000,0x0000000790480000)
  from space 261120K, 99% used [0x0000000790480000,0x00000007a037a758,0x00000007a0380000)
  to   space 327680K, 0% used [0x00000007a9380000,0x00000007a9380000,0x00000007bd380000)
 ParOldGen       total 1051136K, used 780403K [0x00000006c0000000, 0x0000000700280000, 0x000000076ab00000)
  object space 1051136K, 74% used [0x00000006c0000000,0x00000006efa1cd20,0x0000000700280000)
 Metaspace       used 6926K, capacity 7602K, committed 7808K, reserved 1056768K
  class space    used 614K, capacity 618K, committed 640K, reserved 1048576K
}
Event: 35.141 GC heap before
{Heap before GC invocations=29 (full 5):
 PSYoungGen      total 877056K, used 877033K [0x000000076ab00000, 0x00000007bd380000, 0x00000007c0000000)
  eden space 615936K, 100% used [0x000000076ab00000,0x0000000790480000,0x0000000790480000)
  from space 261120K, 99% used [0x0000000790480000,0x00000007a037a758,0x00000007a0380000)
  to   space 327680K, 0% used [0x00000007a9380000,0x00000007a9380000,0x00000007bd380000)
 ParOldGen       total 1051136K, used 780403K [0x00000006c0000000, 0x0000000700280000, 0x000000076ab00000)
  object space 1051136K, 74% used [0x00000006c0000000,0x00000006efa1cd20,0x0000000700280000)
 Metaspace       used 6946K, capacity 7602K, committed 7808K, reserved 1056768K
  class space    used 615K, capacity 618K, committed 640K, reserved 1048576K
Event: 35.739 GC heap after
Heap after GC invocations=29 (full 5):
 PSYoungGen      total 1016832K, used 199118K [0x000000076ab00000, 0x00000007bf000000, 0x00000007c0000000)
  eden space 689152K, 0% used [0x000000076ab00000,0x000000076ab00000,0x0000000794c00000)
  from space 327680K, 60% used [0x00000007a9380000,0x00000007b55f3b50,0x00000007bd380000)
  to   space 335360K, 0% used [0x0000000794c00000,0x0000000794c00000,0x00000007a9380000)
 ParOldGen       total 1051136K, used 945486K [0x00000006c0000000, 0x0000000700280000, 0x000000076ab00000)
  object space 1051136K, 89% used [0x00000006c0000000,0x00000006f9b53b08,0x0000000700280000)
 Metaspace       used 6946K, capacity 7602K, committed 7808K, reserved 1056768K
  class space    used 615K, capacity 618K, committed 640K, reserved 1048576K
}
Event: 35.977 GC heap before
{Heap before GC invocations=30 (full 6):
 PSYoungGen      total 1016832K, used 199118K [0x000000076ab00000, 0x00000007bf000000, 0x00000007c0000000)
  eden space 689152K, 0% used [0x000000076ab00000,0x000000076ab00000,0x0000000794c00000)
  from space 327680K, 60% used [0x00000007a9380000,0x00000007b55f3b50,0x00000007bd380000)
  to   space 335360K, 0% used [0x0000000794c00000,0x0000000794c00000,0x00000007a9380000)
 ParOldGen       total 1051136K, used 945486K [0x00000006c0000000, 0x0000000700280000, 0x000000076ab00000)
  object space 1051136K, 89% used [0x00000006c0000000,0x00000006f9b53b08,0x0000000700280000)
 Metaspace       used 6946K, capacity 7602K, committed 7808K, reserved 1056768K
  class space    used 615K, capacity 618K, committed 640K, reserved 1048576K

Deoptimization events (10 events):
Event: 34.223 Thread 0x00007fcb541b8000 Uncommon trap: reason=null_check action=make_not_entrant pc=0x00007fcb45707058 method=com.android.dx.rop.cst.CstString.equals(Ljava/lang/Object;)Z @ 1
Event: 34.451 Thread 0x00007fcb54190800 Uncommon trap: reason=unstable_if action=reinterpret pc=0x00007fcb453e01b8 method=com.android.dx.dex.code.OutputFinisher.align64bits([Lcom/android/dx/dex/code/Dop;)V @ 177
Event: 34.492 Thread 0x00007fcb541b1000 Uncommon trap: reason=unstable_if action=reinterpret pc=0x00007fcb45327ee8 method=com.android.dx.cf.code.Simulator$SimVisitor.visitNoArgs(IIILcom/android/dx/rop/type/Type;)V @ 1316
Event: 34.499 Thread 0x00007fcb541b1000 Uncommon trap: reason=unstable_if action=reinterpret pc=0x00007fcb452bc0b8 method=com.android.dx.rop.code.LocalItem.compareHandlesNulls(Lcom/android/dx/rop/cst/CstString;Lcom/android/dx/rop/cst/CstString;)I @ 8
Event: 34.528 Thread 0x00007fcb541b1000 Uncommon trap: reason=unstable_if action=reinterpret pc=0x00007fcb452448e4 method=com.android.dx.ssa.MoveParamCombiner$1.visitNonMoveInsn(Lcom/android/dx/ssa/NormalSsaInsn;)V @ 71
Event: 34.634 Thread 0x00007fcb541b6800 Uncommon trap: reason=class_check action=maybe_recompile pc=0x00007fcb455822c8 method=com.android.dx.ssa.LiteralOpUpgrader.isConstIntZeroOrKnownNull(Lcom/android/dx/rop/code/RegisterSpec;)Z @ 13
Event: 34.721 Thread 0x00007fcb541b6800 Uncommon trap: reason=unstable_if action=reinterpret pc=0x00007fcb45d3944c method=com.android.dx.ssa.back.FirstFitLocalCombiningAllocator.findNextUnreservedRopReg(IILcom/android/dx/ssa/back/FirstFitLocalCombiningAllocator$Alignment;)I @ 32
Event: 34.742 Thread 0x00007fcb541b6800 Uncommon trap: reason=unstable_if action=reinterpret pc=0x00007fcb4552c98c method=com.android.dx.ssa.back.FirstFitLocalCombiningAllocator.findNextUnreservedRopReg(IILcom/android/dx/ssa/back/FirstFitLocalCombiningAllocator$Alignment;)I @ 32
Event: 34.742 Thread 0x00007fcb541b6800 Uncommon trap: reason=unstable_if action=reinterpret pc=0x00007fcb45420ef8 method=com.android.dx.ssa.back.FirstFitLocalCombiningAllocator.findNextUnreservedRopReg(IILcom/android/dx/ssa/back/FirstFitLocalCombiningAllocator$Alignment;)I @ 32
Event: 35.035 Thread 0x00007fcb54190800 Uncommon trap: reason=unstable_if action=reinterpret pc=0x00007fcb455ae368 method=com.android.dx.dex.code.OutputFinisher.align64bits([Lcom/android/dx/dex/code/Dop;)V @ 237

Internal exceptions (9 events):
Event: 0.087 Thread 0x00007fcb5400a800 Exception <a 'java/lang/NoSuchMethodError': Method sun.misc.Unsafe.defineClass(Ljava/lang/String;[BII)Ljava/lang/Class; name or signature does not match> (0x000000076ab07cc0) thrown at [/ssd/Android/AOSP-openjdk/external/jetbrains/jdk/hotspot/src/share/vm
Event: 0.087 Thread 0x00007fcb5400a800 Exception <a 'java/lang/NoSuchMethodError': Method sun.misc.Unsafe.prefetchRead(Ljava/lang/Object;J)V name or signature does not match> (0x000000076ab07fa8) thrown at [/ssd/Android/AOSP-openjdk/external/jetbrains/jdk/hotspot/src/share/vm/prims/jni.cpp, li
Event: 1.122 Thread 0x00007fcb541b4800 Implicit null exception at 0x00007fcb4530ecb3 to 0x00007fcb4531152d
Event: 1.455 Thread 0x00007fcb5400a800 Implicit null exception at 0x00007fcb453c8946 to 0x00007fcb453c8ad9
Event: 2.283 Thread 0x00007fcb541b6800 Exception <a 'java/lang/ArrayIndexOutOfBoundsException': 18> (0x000000076ce5ed20) thrown at [/ssd/Android/AOSP-openjdk/external/jetbrains/jdk/hotspot/src/share/vm/interpreter/interpreterRuntime.cpp, line 366]
Event: 2.283 Thread 0x00007fcb541b6800 Exception <a 'java/lang/ArrayIndexOutOfBoundsException': 145> (0x000000076ce608a0) thrown at [/ssd/Android/AOSP-openjdk/external/jetbrains/jdk/hotspot/src/share/vm/interpreter/interpreterRuntime.cpp, line 366]
Event: 2.285 Thread 0x00007fcb541b6800 Exception <a 'java/lang/ArrayIndexOutOfBoundsException'> (0x000000076ce61b88) thrown at [/ssd/Android/AOSP-openjdk/external/jetbrains/jdk/hotspot/src/share/vm/runtime/sharedRuntime.cpp, line 605]
Event: 34.223 Thread 0x00007fcb541b8000 Implicit null exception at 0x00007fcb45706f4c to 0x00007fcb4570704b
Event: 34.499 Thread 0x00007fcb541b1000 Implicit null exception at 0x00007fcb452bb465 to 0x00007fcb452bc091

Events (10 events):
Event: 34.819 Thread 0x00007fcb54190800 DEOPT PACKING pc=0x00007fcb4549df8b sp=0x00007fcb35a81360
Event: 34.819 Thread 0x00007fcb54190800 DEOPT UNPACKING pc=0x00007fcb45047373 sp=0x00007fcb35a810d0 mode 0
Event: 34.839 Thread 0x00007fcb54190800 DEOPT PACKING pc=0x00007fcb4549df8b sp=0x00007fcb35a81360
Event: 34.839 Thread 0x00007fcb54190800 DEOPT UNPACKING pc=0x00007fcb45047373 sp=0x00007fcb35a810d0 mode 0
Event: 34.843 Thread 0x00007fcb54190800 DEOPT PACKING pc=0x00007fcb4549df8b sp=0x00007fcb35a81360
Event: 34.843 Thread 0x00007fcb54190800 DEOPT UNPACKING pc=0x00007fcb45047373 sp=0x00007fcb35a810d0 mode 0
Event: 35.035 Thread 0x00007fcb54190800 Uncommon trap: trap_request=0xffffff65 fr.pc=0x00007fcb455ae368
Event: 35.035 Thread 0x00007fcb54190800 DEOPT PACKING pc=0x00007fcb455ae368 sp=0x00007fcb35a814c0
Event: 35.035 Thread 0x00007fcb54190800 DEOPT UNPACKING pc=0x00007fcb45004f69 sp=0x00007fcb35a81310 mode 2
Event: 35.137 Executing VM operation: ParallelGCFailedAllocation


Dynamic libraries:
00400000-00401000 r-xp 00000000 08:01 11419229                           /home/android/Documents/Studio_setup/android-studio/jre/bin/java
00600000-00601000 r--p 00000000 08:01 11419229                           /home/android/Documents/Studio_setup/android-studio/jre/bin/java
00601000-00602000 rw-p 00001000 08:01 11419229                           /home/android/Documents/Studio_setup/android-studio/jre/bin/java
00f8c000-00fad000 rw-p 00000000 00:00 0                                  [heap]
6c0000000-700280000 rw-p 00000000 00:00 0 
708200000-76ab00000 ---p 00000000 00:00 0 
76ab00000-7bf000000 rw-p 00000000 00:00 0 
7bf000000-7c0000000 ---p 00000000 00:00 0 
7c0000000-7c00a0000 rw-p 00000000 00:00 0 
7c00a0000-800000000 ---p 00000000 00:00 0 
7fcae8000000-7fcae8051000 rw-p 00000000 00:00 0 
7fcae8051000-7fcaec000000 ---p 00000000 00:00 0 
7fcaf0000000-7fcaf002e000 rw-p 00000000 00:00 0 
7fcaf002e000-7fcaf4000000 ---p 00000000 00:00 0 
7fcaf4000000-7fcaf406e000 rw-p 00000000 00:00 0 
7fcaf406e000-7fcaf8000000 ---p 00000000 00:00 0 
7fcaf8000000-7fcaf8021000 rw-p 00000000 00:00 0 
7fcaf8021000-7fcafc000000 ---p 00000000 00:00 0 
7fcafc000000-7fcafc04a000 rw-p 00000000 00:00 0 
7fcafc04a000-7fcb00000000 ---p 00000000 00:00 0 
7fcb00000000-7fcb00021000 rw-p 00000000 00:00 0 
7fcb00021000-7fcb04000000 ---p 00000000 00:00 0 
7fcb04000000-7fcb04050000 rw-p 00000000 00:00 0 
7fcb04050000-7fcb08000000 ---p 00000000 00:00 0 
7fcb08000000-7fcb08836000 rw-p 00000000 00:00 0 
7fcb08836000-7fcb0c000000 ---p 00000000 00:00 0 
7fcb0c000000-7fcb0c021000 rw-p 00000000 00:00 0 
7fcb0c021000-7fcb10000000 ---p 00000000 00:00 0 
7fcb10000000-7fcb11bed000 rw-p 00000000 00:00 0 
7fcb11bed000-7fcb14000000 ---p 00000000 00:00 0 
7fcb14000000-7fcb169b7000 rw-p 00000000 00:00 0 
7fcb169b7000-7fcb18000000 ---p 00000000 00:00 0 
7fcb18000000-7fcb18021000 rw-p 00000000 00:00 0 
7fcb18021000-7fcb1c000000 ---p 00000000 00:00 0 
7fcb1c000000-7fcb1c021000 rw-p 00000000 00:00 0 
7fcb1c021000-7fcb20000000 ---p 00000000 00:00 0 
7fcb20000000-7fcb2027e000 rw-p 00000000 00:00 0 
7fcb2027e000-7fcb24000000 ---p 00000000 00:00 0 
7fcb24000000-7fcb24021000 rw-p 00000000 00:00 0 
7fcb24021000-7fcb28000000 ---p 00000000 00:00 0 
7fcb28000000-7fcb28021000 rw-p 00000000 00:00 0 
7fcb28021000-7fcb2c000000 ---p 00000000 00:00 0 
7fcb2c000000-7fcb2c021000 rw-p 00000000 00:00 0 
7fcb2c021000-7fcb30000000 ---p 00000000 00:00 0 
7fcb30000000-7fcb30021000 rw-p 00000000 00:00 0 
7fcb30021000-7fcb34000000 ---p 00000000 00:00 0 
7fcb35982000-7fcb35985000 ---p 00000000 00:00 0 
7fcb35985000-7fcb35a83000 rw-p 00000000 00:00 0 
7fcb35cee000-7fcb35cf1000 ---p 00000000 00:00 0 
7fcb35cf1000-7fcb35def000 rw-p 00000000 00:00 0 
7fcb35def000-7fcb35df2000 ---p 00000000 00:00 0 
7fcb35df2000-7fcb35ef0000 rw-p 00000000 00:00 0 
7fcb35ef0000-7fcb35ef3000 ---p 00000000 00:00 0 
7fcb35ef3000-7fcb35ff1000 rw-p 00000000 00:00 0 
7fcb35ff1000-7fcb35ff4000 ---p 00000000 00:00 0 
7fcb35ff4000-7fcb360f2000 rw-p 00000000 00:00 0 
7fcb360f2000-7fcb360f5000 ---p 00000000 00:00 0 
7fcb360f5000-7fcb361f3000 rw-p 00000000 00:00 0 
7fcb361f3000-7fcb36308000 r--s 00b59000 08:01 4772768                    /home/android/Documents/MXI Projects/Goal Keeper/BackUp/May/2/Goalkeeper/app/build/intermediates/transforms/jarMerging/debug/jars/1/1f/combined.jar
7fcb36308000-7fcb36309000 ---p 00000000 00:00 0 
7fcb36309000-7fcb36409000 rw-p 00000000 00:00 0 
7fcb36409000-7fcb3640c000 ---p 00000000 00:00 0 
7fcb3640c000-7fcb3650a000 rw-p 00000000 00:00 0 
7fcb3650a000-7fcb3650d000 ---p 00000000 00:00 0 
7fcb3650d000-7fcb3660b000 rw-p 00000000 00:00 0 
7fcb3660b000-7fcb3660e000 ---p 00000000 00:00 0 
7fcb3660e000-7fcb3670c000 rw-p 00000000 00:00 0 
7fcb3670c000-7fcb3670f000 ---p 00000000 00:00 0 
7fcb3670f000-7fcb3680d000 rw-p 00000000 00:00 0 
7fcb3680d000-7fcb36810000 ---p 00000000 00:00 0 
7fcb36810000-7fcb3690e000 rw-p 00000000 00:00 0 
7fcb3690e000-7fcb36ff0000 r--p 00000000 08:01 8133439                    /usr/lib/locale/locale-archive
7fcb36ff0000-7fcb36ff3000 ---p 00000000 00:00 0 
7fcb36ff3000-7fcb370f1000 rw-p 00000000 00:00 0 
7fcb370f1000-7fcb370f4000 ---p 00000000 00:00 0 
7fcb370f4000-7fcb371f2000 rw-p 00000000 00:00 0 
7fcb371f2000-7fcb371f3000 ---p 00000000 00:00 0 
7fcb371f3000-7fcb38000000 rw-p 00000000 00:00 0 
7fcb38000000-7fcb38021000 rw-p 00000000 00:00 0 
7fcb38021000-7fcb3c000000 ---p 00000000 00:00 0 
7fcb3c000000-7fcb3c700000 rw-p 00000000 00:00 0 
7fcb3c700000-7fcb3c800000 ---p 00000000 00:00 0 
7fcb3c800000-7fcb45000000 rw-p 00000000 00:00 0 
7fcb45000000-7fcb45eb0000 rwxp 00000000 00:00 0 
7fcb45eb0000-7fcb54000000 ---p 00000000 00:00 0 
7fcb54000000-7fcb543ea000 rw-p 00000000 00:00 0 
7fcb543ea000-7fcb58000000 ---p 00000000 00:00 0 
7fcb58048000-7fcb5833c000 rw-p 00000000 00:00 0 
7fcb5833c000-7fcb58509000 r--s 03bec000 08:01 11806854                   /home/android/Documents/Studio_setup/android-studio/jre/jre/lib/rt.jar
7fcb58509000-7fcb5857f000 rw-p 00000000 00:00 0 
7fcb5857f000-7fcb58580000 ---p 00000000 00:00 0 
7fcb58580000-7fcb58680000 rw-p 00000000 00:00 0 
7fcb58680000-7fcb58681000 ---p 00000000 00:00 0 
7fcb58681000-7fcb58781000 rw-p 00000000 00:00 0 
7fcb58781000-7fcb58782000 ---p 00000000 00:00 0 
7fcb58782000-7fcb58882000 rw-p 00000000 00:00 0 
7fcb58882000-7fcb58883000 ---p 00000000 00:00 0 
7fcb58883000-7fcb58b85000 rw-p 00000000 00:00 0 
7fcb58b85000-7fcb58ed9000 ---p 00000000 00:00 0 
7fcb58ed9000-7fcb590db000 rw-p 00000000 00:00 0 
7fcb590db000-7fcb5942e000 ---p 00000000 00:00 0 
7fcb5942e000-7fcb596d1000 rw-p 00000000 00:00 0 
7fcb596d1000-7fcb596d9000 ---p 00000000 00:00 0 
7fcb596d9000-7fcb59715000 rw-p 00000000 00:00 0 
7fcb59715000-7fcb59a9a000 ---p 00000000 00:00 0 
7fcb59a9a000-7fcb59ab4000 r-xp 00000000 08:01 11806878                   /home/android/Documents/Studio_setup/android-studio/jre/jre/lib/amd64/libzip.so
7fcb59ab4000-7fcb59cb4000 ---p 0001a000 08:01 11806878                   /home/android/Documents/Studio_setup/android-studio/jre/jre/lib/amd64/libzip.so
7fcb59cb4000-7fcb59cb5000 r--p 0001a000 08:01 11806878                   /home/android/Documents/Studio_setup/android-studio/jre/jre/lib/amd64/libzip.so
7fcb59cb5000-7fcb59cb6000 rw-p 0001b000 08:01 11806878                   /home/android/Documents/Studio_setup/android-studio/jre/jre/lib/amd64/libzip.so
7fcb59cb6000-7fcb59cc0000 r-xp 00000000 08:01 6954087                    /lib/x86_64-linux-gnu/libnss_files-2.19.so
7fcb59cc0000-7fcb59ebf000 ---p 0000a000 08:01 6954087                    /lib/x86_64-linux-gnu/libnss_files-2.19.so
7fcb59ebf000-7fcb59ec0000 r--p 00009000 08:01 6954087                    /lib/x86_64-linux-gnu/libnss_files-2.19.so
7fcb59ec0000-7fcb59ec1000 rw-p 0000a000 08:01 6954087                    /lib/x86_64-linux-gnu/libnss_files-2.19.so
7fcb59ec1000-7fcb59ecc000 r-xp 00000000 08:01 6954079                    /lib/x86_64-linux-gnu/libnss_nis-2.19.so
7fcb59ecc000-7fcb5a0cb000 ---p 0000b000 08:01 6954079                    /lib/x86_64-linux-gnu/libnss_nis-2.19.so
7fcb5a0cb000-7fcb5a0cc000 r--p 0000a000 08:01 6954079                    /lib/x86_64-linux-gnu/libnss_nis-2.19.so
7fcb5a0cc000-7fcb5a0cd000 rw-p 0000b000 08:01 6954079                    /lib/x86_64-linux-gnu/libnss_nis-2.19.so
7fcb5a0cd000-7fcb5a0e4000 r-xp 00000000 08:01 6954075                    /lib/x86_64-linux-gnu/libnsl-2.19.so
7fcb5a0e4000-7fcb5a2e3000 ---p 00017000 08:01 6954075                    /lib/x86_64-linux-gnu/libnsl-2.19.so
7fcb5a2e3000-7fcb5a2e4000 r--p 00016000 08:01 6954075                    /lib/x86_64-linux-gnu/libnsl-2.19.so
7fcb5a2e4000-7fcb5a2e5000 rw-p 00017000 08:01 6954075                    /lib/x86_64-linux-gnu/libnsl-2.19.so
7fcb5a2e5000-7fcb5a2e7000 rw-p 00000000 00:00 0 
7fcb5a2e7000-7fcb5a2f0000 r-xp 00000000 08:01 6954074                    /lib/x86_64-linux-gnu/libnss_compat-2.19.so
7fcb5a2f0000-7fcb5a4ef000 ---p 00009000 08:01 6954074                    /lib/x86_64-linux-gnu/libnss_compat-2.19.so
7fcb5a4ef000-7fcb5a4f0000 r--p 00008000 08:01 6954074                    /lib/x86_64-linux-gnu/libnss_compat-2.19.so
7fcb5a4f0000-7fcb5a4f1000 rw-p 00009000 08:01 6954074                    /lib/x86_64-linux-gnu/libnss_compat-2.19.so
7fcb5a4f1000-7fcb5a51e000 r-xp 00000000 08:01 11806888                   /home/android/Documents/Studio_setup/android-studio/jre/jre/lib/amd64/libjava.so
7fcb5a51e000-7fcb5a71d000 ---p 0002d000 08:01 11806888                   /home/android/Documents/Studio_setup/android-studio/jre/jre/lib/amd64/libjava.so
7fcb5a71d000-7fcb5a71e000 r--p 0002c000 08:01 11806888                   /home/android/Documents/Studio_setup/android-studio/jre/jre/lib/amd64/libjava.so
7fcb5a71e000-7fcb5a720000 rw-p 0002d000 08:01 11806888                   /home/android/Documents/Studio_setup/android-studio/jre/jre/lib/amd64/libjava.so
7fcb5a720000-7fcb5a730000 r-xp 00000000 08:01 11806904                   /home/android/Documents/Studio_setup/android-studio/jre/jre/lib/amd64/libverify.so
7fcb5a730000-7fcb5a92f000 ---p 00010000 08:01 11806904                   /home/android/Documents/Studio_setup/android-studio/jre/jre/lib/amd64/libverify.so
7fcb5a92f000-7fcb5a931000 r--p 0000f000 08:01 11806904                   /home/android/Documents/Studio_setup/android-studio/jre/jre/lib/amd64/libverify.so
7fcb5a931000-7fcb5a932000 rw-p 00011000 08:01 11806904                   /home/android/Documents/Studio_setup/android-studio/jre/jre/lib/amd64/libverify.so
7fcb5a932000-7fcb5a939000 r-xp 00000000 08:01 6954083                    /lib/x86_64-linux-gnu/librt-2.19.so
7fcb5a939000-7fcb5ab38000 ---p 00007000 08:01 6954083                    /lib/x86_64-linux-gnu/librt-2.19.so
7fcb5ab38000-7fcb5ab39000 r--p 00006000 08:01 6954083                    /lib/x86_64-linux-gnu/librt-2.19.so
7fcb5ab39000-7fcb5ab3a000 rw-p 00007000 08:01 6954083                    /lib/x86_64-linux-gnu/librt-2.19.so
7fcb5ab3a000-7fcb5ac3f000 r-xp 00000000 08:01 6954069                    /lib/x86_64-linux-gnu/libm-2.19.so
7fcb5ac3f000-7fcb5ae3e000 ---p 00105000 08:01 6954069                    /lib/x86_64-linux-gnu/libm-2.19.so
7fcb5ae3e000-7fcb5ae3f000 r--p 00104000 08:01 6954069                    /lib/x86_64-linux-gnu/libm-2.19.so
7fcb5ae3f000-7fcb5ae40000 rw-p 00105000 08:01 6954069                    /lib/x86_64-linux-gnu/libm-2.19.so
7fcb5ae40000-7fcb5ba26000 r-xp 00000000 08:01 11806907                   /home/android/Documents/Studio_setup/android-studio/jre/jre/lib/amd64/server/libjvm.so
7fcb5ba26000-7fcb5bc26000 ---p 00be6000 08:01 11806907                   /home/android/Documents/Studio_setup/android-studio/jre/jre/lib/amd64/server/libjvm.so
7fcb5bc26000-7fcb5bcc5000 r--p 00be6000 08:01 11806907                   /home/android/Documents/Studio_setup/android-studio/jre/jre/lib/amd64/server/libjvm.so
7fcb5bcc5000-7fcb5bcee000 rw-p 00c85000 08:01 11806907                   /home/android/Documents/Studio_setup/android-studio/jre/jre/lib/amd64/server/libjvm.so
7fcb5bcee000-7fcb5bd30000 rw-p 00000000 00:00 0 
7fcb5bd30000-7fcb5bd49000 r-xp 00000000 08:01 6954076                    /lib/x86_64-linux-gnu/libpthread-2.19.so
7fcb5bd49000-7fcb5bf48000 ---p 00019000 08:01 6954076                    /lib/x86_64-linux-gnu/libpthread-2.19.so
7fcb5bf48000-7fcb5bf49000 r--p 00018000 08:01 6954076                    /lib/x86_64-linux-gnu/libpthread-2.19.so
7fcb5bf49000-7fcb5bf4a000 rw-p 00019000 08:01 6954076                    /lib/x86_64-linux-gnu/libpthread-2.19.so
7fcb5bf4a000-7fcb5bf4e000 rw-p 00000000 00:00 0 
7fcb5bf4e000-7fcb5bf51000 r-xp 00000000 08:01 6954071                    /lib/x86_64-linux-gnu/libdl-2.19.so
7fcb5bf51000-7fcb5c150000 ---p 00003000 08:01 6954071                    /lib/x86_64-linux-gnu/libdl-2.19.so
7fcb5c150000-7fcb5c151000 r--p 00002000 08:01 6954071                    /lib/x86_64-linux-gnu/libdl-2.19.so
7fcb5c151000-7fcb5c152000 rw-p 00003000 08:01 6954071                    /lib/x86_64-linux-gnu/libdl-2.19.so
7fcb5c152000-7fcb5c30c000 r-xp 00000000 08:01 6954084                    /lib/x86_64-linux-gnu/libc-2.19.so
7fcb5c30c000-7fcb5c50c000 ---p 001ba000 08:01 6954084                    /lib/x86_64-linux-gnu/libc-2.19.so
7fcb5c50c000-7fcb5c510000 r--p 001ba000 08:01 6954084                    /lib/x86_64-linux-gnu/libc-2.19.so
7fcb5c510000-7fcb5c512000 rw-p 001be000 08:01 6954084                    /lib/x86_64-linux-gnu/libc-2.19.so
7fcb5c512000-7fcb5c517000 rw-p 00000000 00:00 0 
7fcb5c517000-7fcb5c52d000 r-xp 00000000 08:01 11409282                   /home/android/Documents/Studio_setup/android-studio/jre/lib/amd64/jli/libjli.so
7fcb5c52d000-7fcb5c72c000 ---p 00016000 08:01 11409282                   /home/android/Documents/Studio_setup/android-studio/jre/lib/amd64/jli/libjli.so
7fcb5c72c000-7fcb5c72d000 r--p 00015000 08:01 11409282                   /home/android/Documents/Studio_setup/android-studio/jre/lib/amd64/jli/libjli.so
7fcb5c72d000-7fcb5c72e000 rw-p 00016000 08:01 11409282                   /home/android/Documents/Studio_setup/android-studio/jre/lib/amd64/jli/libjli.so
7fcb5c72e000-7fcb5c751000 r-xp 00000000 08:01 6954077                    /lib/x86_64-linux-gnu/ld-2.19.so
7fcb5c75c000-7fcb5c82f000 rw-p 00000000 00:00 0 
7fcb5c82f000-7fcb5c832000 ---p 00000000 00:00 0 
7fcb5c832000-7fcb5c935000 rw-p 00000000 00:00 0 
7fcb5c935000-7fcb5c944000 r--s 000df000 08:01 6295025                    /home/android/Android/Sdk/build-tools/23.0.2/lib/dx.jar
7fcb5c944000-7fcb5c94c000 rw-s 00000000 08:01 13158054                   /tmp/hsperfdata_android/8721
7fcb5c94c000-7fcb5c94d000 rw-p 00000000 00:00 0 
7fcb5c94d000-7fcb5c94e000 ---p 00000000 00:00 0 
7fcb5c94e000-7fcb5c950000 rw-p 00000000 00:00 0 
7fcb5c950000-7fcb5c951000 r--p 00022000 08:01 6954077                    /lib/x86_64-linux-gnu/ld-2.19.so
7fcb5c951000-7fcb5c952000 rw-p 00023000 08:01 6954077                    /lib/x86_64-linux-gnu/ld-2.19.so
7fcb5c952000-7fcb5c953000 rw-p 00000000 00:00 0 
7ffede9c9000-7ffede9ea000 rw-p 00000000 00:00 0                          [stack]
7ffede9eb000-7ffede9ed000 r--p 00000000 00:00 0                          [vvar]
7ffede9ed000-7ffede9ef000 r-xp 00000000 00:00 0                          [vdso]
ffffffffff600000-ffffffffff601000 r-xp 00000000 00:00 0                  [vsyscall]

VM Arguments:
jvm_args: -Djava.awt.headless=true -Xmx4g -Dfile.encoding=UTF-8 -Duser.country=IN -Duser.language=en -Duser.variant 
java_command: com.android.dx.command.Main --dex --num-threads=4 --multi-dex --main-dex-list /home/android/Documents/MXI Projects/Goal Keeper/BackUp/May/2/Goalkeeper/app/build/intermediates/multi-dex/debug/maindexlist.txt --output /home/android/Documents/MXI Projects/Goal Keeper/BackUp/May/2/Goalkeeper/app/build/intermediates/transforms/dex/debug/folders/1000/1f/main /home/android/Documents/MXI Projects/Goal Keeper/BackUp/May/2/Goalkeeper/app/build/intermediates/transforms/jarMerging/debug/jars/1/1f/combined.jar
java_class_path (initial): /home/android/Android/Sdk/build-tools/23.0.2/lib/dx.jar
Launcher Type: SUN_STANDARD

Environment Variables:
JAVA_HOME=/usr/lib/jvm/java-8-oracle
PATH=/usr/local/sbin:/usr/local/bin:/usr/sbin:/usr/bin:/sbin:/bin:/usr/games:/usr/local/games:/usr/lib/jvm/java-8-oracle/bin:/usr/lib/jvm/java-8-oracle/db/bin:/usr/lib/jvm/java-8-oracle/jre/bin
LD_LIBRARY_PATH=/home/android/Documents/Studio_setup/android-studio/bin:
SHELL=/bin/bash
DISPLAY=:0

Signal Handlers:
SIGSEGV: [libjvm.so+0x9daac0], sa_mask[0]=11111111011111111101111111111110, sa_flags=SA_RESTART|SA_SIGINFO
SIGBUS: [libjvm.so+0x9daac0], sa_mask[0]=11111111011111111101111111111110, sa_flags=SA_RESTART|SA_SIGINFO
SIGFPE: [libjvm.so+0x840d90], sa_mask[0]=11111111011111111101111111111110, sa_flags=SA_RESTART|SA_SIGINFO
SIGPIPE: [libjvm.so+0x840d90], sa_mask[0]=11111111011111111101111111111110, sa_flags=SA_RESTART|SA_SIGINFO
SIGXFSZ: [libjvm.so+0x840d90], sa_mask[0]=11111111011111111101111111111110, sa_flags=SA_RESTART|SA_SIGINFO
SIGILL: [libjvm.so+0x840d90], sa_mask[0]=11111111011111111101111111111110, sa_flags=SA_RESTART|SA_SIGINFO
SIGUSR1: SIG_DFL, sa_mask[0]=00000000000000000000000000000000, sa_flags=none
SIGUSR2: [libjvm.so+0x840c60], sa_mask[0]=00100000000000000000000000000000, sa_flags=SA_RESTART|SA_SIGINFO
SIGHUP: [libjvm.so+0x840e50], sa_mask[0]=11111111011111111101111111111110, sa_flags=SA_RESTART|SA_SIGINFO
SIGINT: [libjvm.so+0x840e50], sa_mask[0]=11111111011111111101111111111110, sa_flags=SA_RESTART|SA_SIGINFO
SIGTERM: [libjvm.so+0x840e50], sa_mask[0]=11111111011111111101111111111110, sa_flags=SA_RESTART|SA_SIGINFO
SIGQUIT: [libjvm.so+0x840e50], sa_mask[0]=11111111011111111101111111111110, sa_flags=SA_RESTART|SA_SIGINFO


---------------  S Y S T E M  ---------------

OS:DISTRIB_ID=Ubuntu
DISTRIB_RELEASE=14.04
DISTRIB_CODENAME=trusty
DISTRIB_DESCRIPTION="Ubuntu 14.04.4 LTS"

uname:Linux 4.2.0-42-generic #49~14.04.1-Ubuntu SMP Wed Jun 29 20:22:11 UTC 2016 x86_64
libc:glibc 2.19 NPTL 2.19 
rlimit: STACK 8192k, CORE 0k, NPROC 31428, NOFILE 4096, AS infinity
load average:5.96 2.97 1.38

/proc/meminfo:
MemTotal:        8067160 kB
MemFree:          130708 kB
MemAvailable:     112008 kB
Buffers:            2096 kB
Cached:           617524 kB
SwapCached:            0 kB
Active:          7192660 kB
Inactive:         546656 kB
Active(anon):    7168700 kB
Inactive(anon):   495848 kB
Active(file):      23960 kB
Inactive(file):    50808 kB
Unevictable:          72 kB
Mlocked:              72 kB
SwapTotal:             0 kB
SwapFree:              0 kB
Dirty:              2468 kB
Writeback:             0 kB
AnonPages:       7119880 kB
Mapped:           233344 kB
Shmem:            544740 kB
Slab:              96752 kB
SReclaimable:      56776 kB
SUnreclaim:        39976 kB
KernelStack:       10448 kB
PageTables:        49388 kB
NFS_Unstable:          0 kB
Bounce:                0 kB
WritebackTmp:          0 kB
CommitLimit:     4033580 kB
Committed_AS:   11607296 kB
VmallocTotal:   34359738367 kB
VmallocUsed:      354576 kB
VmallocChunk:   34358947836 kB
HardwareCorrupted:     0 kB
AnonHugePages:   4311040 kB
CmaTotal:              0 kB
CmaFree:               0 kB
HugePages_Total:       0
HugePages_Free:        0
HugePages_Rsvd:        0
HugePages_Surp:        0
Hugepagesize:       2048 kB
DirectMap4k:      141764 kB
DirectMap2M:     8138752 kB


CPU:total 4 (2 cores per cpu, 2 threads per core) family 6 model 42 stepping 7, cmov, cx8, fxsr, mmx, sse, sse2, sse3, ssse3, sse4.1, sse4.2, popcnt, avx, clmul, ht, tsc, tscinvbit

/proc/cpuinfo:
processor	: 0
vendor_id	: GenuineIntel
cpu family	: 6
model		: 42
model name	: Intel(R) Core(TM) i3-2120 CPU @ 3.30GHz
stepping	: 7
microcode	: 0x28
cpu MHz		: 1616.871
cache size	: 3072 KB
physical id	: 0
siblings	: 4
core id		: 0
cpu cores	: 2
apicid		: 0
initial apicid	: 0
fpu		: yes
fpu_exception	: yes
cpuid level	: 13
wp		: yes
flags		: fpu vme de pse tsc msr pae mce cx8 apic sep mtrr pge mca cmov pat pse36 clflush dts acpi mmx fxsr sse sse2 ss ht tm pbe syscall nx rdtscp lm constant_tsc arch_perfmon pebs bts rep_good nopl xtopology nonstop_tsc aperfmperf eagerfpu pni pclmulqdq dtes64 monitor ds_cpl vmx est tm2 ssse3 cx16 xtpr pdcm pcid sse4_1 sse4_2 popcnt tsc_deadline_timer xsave avx lahf_lm arat epb pln pts dtherm tpr_shadow vnmi flexpriority ept vpid xsaveopt
bugs		:
bogomips	: 6584.96
clflush size	: 64
cache_alignment	: 64
address sizes	: 36 bits physical, 48 bits virtual
power management:

processor	: 1
vendor_id	: GenuineIntel
cpu family	: 6
model		: 42
model name	: Intel(R) Core(TM) i3-2120 CPU @ 3.30GHz
stepping	: 7
microcode	: 0x28
cpu MHz		: 2047.417
cache size	: 3072 KB
physical id	: 0
siblings	: 4
core id		: 1
cpu cores	: 2
apicid		: 2
initial apicid	: 2
fpu		: yes
fpu_exception	: yes
cpuid level	: 13
wp		: yes
flags		: fpu vme de pse tsc msr pae mce cx8 apic sep mtrr pge mca cmov pat pse36 clflush dts acpi mmx fxsr sse sse2 ss ht tm pbe syscall nx rdtscp lm constant_tsc arch_perfmon pebs bts rep_good nopl xtopology nonstop_tsc aperfmperf eagerfpu pni pclmulqdq dtes64 monitor ds_cpl vmx est tm2 ssse3 cx16 xtpr pdcm pcid sse4_1 sse4_2 popcnt tsc_deadline_timer xsave avx lahf_lm arat epb pln pts dtherm tpr_shadow vnmi flexpriority ept vpid xsaveopt
bugs		:
bogomips	: 6584.96
clflush size	: 64
cache_alignment	: 64
address sizes	: 36 bits physical, 48 bits virtual
power management:

processor	: 2
vendor_id	: GenuineIntel
cpu family	: 6
model		: 42
model name	: Intel(R) Core(TM) i3-2120 CPU @ 3.30GHz
stepping	: 7
microcode	: 0x28
cpu MHz		: 1617.515
cache size	: 3072 KB
physical id	: 0
siblings	: 4
core id		: 0
cpu cores	: 2
apicid		: 1
initial apicid	: 1
fpu		: yes
fpu_exception	: yes
cpuid level	: 13
wp		: yes
flags		: fpu vme de pse tsc msr pae mce cx8 apic sep mtrr pge mca cmov pat pse36 clflush dts acpi mmx fxsr sse sse2 ss ht tm pbe syscall nx rdtscp lm constant_tsc arch_perfmon pebs bts rep_good nopl xtopology nonstop_tsc aperfmperf eagerfpu pni pclmulqdq dtes64 monitor ds_cpl vmx est tm2 ssse3 cx16 xtpr pdcm pcid sse4_1 sse4_2 popcnt tsc_deadline_timer xsave avx lahf_lm arat epb pln pts dtherm tpr_shadow vnmi flexpriority ept vpid xsaveopt
bugs		:
bogomips	: 6584.96
clflush size	: 64
cache_alignment	: 64
address sizes	: 36 bits physical, 48 bits virtual
power management:

processor	: 3
vendor_id	: GenuineIntel
cpu family	: 6
model		: 42
model name	: Intel(R) Core(TM) i3-2120 CPU @ 3.30GHz
stepping	: 7
microcode	: 0x28
cpu MHz		: 1633.371
cache size	: 3072 KB
physical id	: 0
siblings	: 4
core id		: 1
cpu cores	: 2
apicid		: 3
initial apicid	: 3
fpu		: yes
fpu_exception	: yes
cpuid level	: 13
wp		: yes
flags		: fpu vme de pse tsc msr pae mce cx8 apic sep mtrr pge mca cmov pat pse36 clflush dts acpi mmx fxsr sse sse2 ss ht tm pbe syscall nx rdtscp lm constant_tsc arch_perfmon pebs bts rep_good nopl xtopology nonstop_tsc aperfmperf eagerfpu pni pclmulqdq dtes64 monitor ds_cpl vmx est tm2 ssse3 cx16 xtpr pdcm pcid sse4_1 sse4_2 popcnt tsc_deadline_timer xsave avx lahf_lm arat epb pln pts dtherm tpr_shadow vnmi flexpriority ept vpid xsaveopt
bugs		:
bogomips	: 6584.96
clflush size	: 64
cache_alignment	: 64
address sizes	: 36 bits physical, 48 bits virtual
power management:



Memory: 4k page, physical 8067160k(130708k free), swap 0k(0k free)

vm_info: OpenJDK 64-Bit Server VM (25.76-b03) for linux-amd64 JRE (1.8.0_76-release-b03), built on Jun 29 2016 09:39:19 by "builder" with gcc 4.8.4

time: Wed May  3 15:22:17 2017
elapsed time: 42 seconds (0d 0h 0m 42s)

