#
# There is insufficient memory for the Java Runtime Environment to continue.
# Native memory allocation (mmap) failed to map 123207680 bytes for committing reserved memory.
# Possible reasons:
#   The system is out of physical RAM or swap space
#   In 32 bit mode, the process size limit was hit
# Possible solutions:
#   Reduce memory load on the system
#   Increase physical memory or swap space
#   Check if swap backing store is full
#   Use 64 bit Java on a 64 bit OS
#   Decrease Java heap size (-Xmx/-Xms)
#   Decrease number of Java threads
#   Decrease Java thread stack sizes (-Xss)
#   Set larger code cache with -XX:ReservedCodeCacheSize=
# This output file may be truncated or incomplete.
#
#  Out of Memory Error (os_linux.cpp:2627), pid=14236, tid=0x00007f17abdfd700
#
# JRE version: OpenJDK Runtime Environment (8.0_76-b03) (build 1.8.0_76-release-b03)
# Java VM: OpenJDK 64-Bit Server VM (25.76-b03 mixed mode linux-amd64 compressed oops)
# Failed to write core dump. Core dumps have been disabled. To enable core dumping, try "ulimit -c unlimited" before starting Java again
#

---------------  T H R E A D  ---------------

Current thread (0x00007f17c8078000):  VMThread [stack: 0x00007f17abcfd000,0x00007f17abdfe000] [id=14246]

Stack: [0x00007f17abcfd000,0x00007f17abdfe000],  sp=0x00007f17abdfc490,  free space=1021k
Native frames: (J=compiled Java code, j=interpreted, Vv=VM code, C=native code)
V  [libjvm.so+0x9d9fcd]  VMError::report_and_die()+0x15d
V  [libjvm.so+0x4b4d4a]  report_vm_out_of_memory(char const*, int, unsigned long, VMErrorType, char const*)+0x8a
V  [libjvm.so+0x845190]  os::pd_commit_memory(char*, unsigned long, unsigned long, bool)+0xf0
V  [libjvm.so+0x83fcbf]  os::commit_memory(char*, unsigned long, unsigned long, bool)+0x1f
V  [libjvm.so+0x8b4d9b]  PSVirtualSpace::expand_by(unsigned long)+0x5b
V  [libjvm.so+0x8a5b7b]  PSOldGen::expand_by(unsigned long) [clone .part.109]+0x1b
V  [libjvm.so+0x8a5d3b]  PSOldGen::expand(unsigned long) [clone .part.111]+0xdb
V  [libjvm.so+0x8a6618]  PSOldGen::resize(unsigned long)+0x188
V  [libjvm.so+0x8abc2c]  PSParallelCompact::invoke_no_policy(bool)+0x97c
V  [libjvm.so+0x8b2d3d]  PSScavenge::invoke()+0x17d
V  [libjvm.so+0x8681f3]  ParallelScavengeHeap::failed_mem_allocate(unsigned long)+0x63
V  [libjvm.so+0x9dba94]  VM_ParallelGCFailedAllocation::doit()+0x84
V  [libjvm.so+0x9dfe47]  VM_Operation::evaluate()+0x47
V  [libjvm.so+0x9de908]  VMThread::evaluate_operation(VM_Operation*)+0x2c8
V  [libjvm.so+0x9ded89]  VMThread::loop()+0x219
V  [libjvm.so+0x9df1d2]  VMThread::run()+0x72
V  [libjvm.so+0x8425b2]  java_start(Thread*)+0xf2

VM_Operation (0x00007f17d09850d0): ParallelGCFailedAllocation, mode: safepoint, requested by thread 0x00007f17c800a800


---------------  P R O C E S S  ---------------

Java Threads: ( => current thread )
  0x00007f17c81cf800 JavaThread "pool-2-thread-4" [_thread_blocked, id=14259, stack(0x00007f17aa7fa000,0x00007f17aa8fb000)]
  0x00007f17c81ce000 JavaThread "pool-2-thread-3" [_thread_blocked, id=14258, stack(0x00007f17aa8fb000,0x00007f17aa9fc000)]
  0x00007f17c81cc800 JavaThread "pool-2-thread-2" [_thread_blocked, id=14257, stack(0x00007f17aa9fc000,0x00007f17aaafd000)]
  0x00007f17c81ca800 JavaThread "pool-3-thread-1" [_thread_blocked, id=14256, stack(0x00007f17aaafd000,0x00007f17aabfe000)]
  0x00007f17c81c9000 JavaThread "pool-2-thread-1" [_thread_blocked, id=14255, stack(0x00007f17aabfe000,0x00007f17aacff000)]
  0x00007f17c80c8000 JavaThread "Service Thread" daemon [_thread_blocked, id=14253, stack(0x00007f17aaf14000,0x00007f17ab015000)]
  0x00007f17c80bd000 JavaThread "C1 CompilerThread2" daemon [_thread_blocked, id=14252, stack(0x00007f17ab015000,0x00007f17ab116000)]
  0x00007f17c80bb000 JavaThread "C2 CompilerThread1" daemon [_thread_blocked, id=14251, stack(0x00007f17ab116000,0x00007f17ab217000)]
  0x00007f17c80b8000 JavaThread "C2 CompilerThread0" daemon [_thread_blocked, id=14250, stack(0x00007f17ab217000,0x00007f17ab318000)]
  0x00007f17c80b6800 JavaThread "Signal Dispatcher" daemon [_thread_blocked, id=14249, stack(0x00007f17ab318000,0x00007f17ab419000)]
  0x00007f17c8084000 JavaThread "Finalizer" daemon [_thread_blocked, id=14248, stack(0x00007f17abafb000,0x00007f17abbfc000)]
  0x00007f17c807f800 JavaThread "Reference Handler" daemon [_thread_blocked, id=14247, stack(0x00007f17abbfc000,0x00007f17abcfd000)]
  0x00007f17c800a800 JavaThread "main" [_thread_blocked, id=14241, stack(0x00007f17d0886000,0x00007f17d0987000)]

Other Threads:
=>0x00007f17c8078000 VMThread [stack: 0x00007f17abcfd000,0x00007f17abdfe000] [id=14246]
  0x00007f17c80ca800 WatcherThread [stack: 0x00007f17aae13000,0x00007f17aaf14000] [id=14254]

VM state:at safepoint (normal execution)

VM Mutex/Monitor currently owned by a thread:  ([mutex/lock_event])
[0x00007f17c80063c0] ExpandHeap_lock - owner thread: 0x00007f17c8078000
[0x00007f17c8006a40] Threads_lock - owner thread: 0x00007f17c8078000
[0x00007f17c8006f40] Heap_lock - owner thread: 0x00007f17c800a800

Heap:
 PSYoungGen      total 548864K, used 76013K [0x00000000d5580000, 0x0000000100000000, 0x0000000100000000)
  eden space 460288K, 0% used [0x00000000d5580000,0x00000000d5580000,0x00000000f1700000)
  from space 88576K, 85% used [0x00000000fa980000,0x00000000ff3bb440,0x0000000100000000)
  to   space 119296K, 0% used [0x00000000f1700000,0x00000000f1700000,0x00000000f8b80000)
 ParOldGen       total 161280K, used 160911K [0x0000000080000000, 0x0000000089d80000, 0x00000000d5580000)
  object space 161280K, 99% used [0x0000000080000000,0x0000000089d23e40,0x0000000089d80000)
 Metaspace       used 6545K, capacity 7280K, committed 7552K, reserved 1056768K
  class space    used 596K, capacity 616K, committed 640K, reserved 1048576K

Card table byte_map: [0x00007f17cd330000,0x00007f17cd731000] byte_map_base: 0x00007f17ccf30000

Marking Bits: (ParMarkBitMap*) 0x00007f17cfd5a1a0
 Begin Bits: [0x00007f17b0000000, 0x00007f17b2000000)
 End Bits:   [0x00007f17b2000000, 0x00007f17b4000000)

Polling page: 0x00007f17d09a4000

CodeCache: size=245760Kb used=11800Kb max_used=11800Kb free=233959Kb
 bounds [0x00007f17b9000000, 0x00007f17b9b90000, 0x00007f17c8000000]
 total_blobs=2764 nmethods=2494 adapters=182
 compilation: enabled

Compilation events (10 events):
Event: 11.564 Thread 0x00007f17c80bd000 2695       3       com.android.dx.dex.file.ValueEncoder::addContents (75 bytes)
Event: 11.565 Thread 0x00007f17c80bd000 nmethod 2695 0x00007f17b9b7ed50 code [0x00007f17b9b7ef40, 0x00007f17b9b7fb38]
Event: 11.701 Thread 0x00007f17c80bd000 2697       3       com.android.dx.util.Hex::u2 (44 bytes)
Event: 11.701 Thread 0x00007f17c80bd000 nmethod 2697 0x00007f17b9b65ed0 code [0x00007f17b9b66080, 0x00007f17b9b666d8]
Event: 11.759 Thread 0x00007f17c80bd000 2699       2       java.util.zip.ZipEntry::setExtra0 (360 bytes)
Event: 11.762 Thread 0x00007f17c80bd000 nmethod 2699 0x00007f17b9b7fe90 code [0x00007f17b9b800e0, 0x00007f17b9b81468]
Event: 11.762 Thread 0x00007f17c80bd000 2701       2       java.util.zip.ZipFile$ZipEntryIterator::nextElement (5 bytes)
Event: 11.762 Thread 0x00007f17c80bd000 nmethod 2701 0x00007f17b9b65b50 code [0x00007f17b9b65cc0, 0x00007f17b9b65e28]
Event: 11.762 Thread 0x00007f17c80bd000 2700       2       java.util.zip.ZipFile$ZipEntryIterator::hasMoreElements (5 bytes)
Event: 11.762 Thread 0x00007f17c80bd000 nmethod 2700 0x00007f17b9b82e90 code [0x00007f17b9b83000, 0x00007f17b9b83168]

GC Heap History (10 events):
Event: 3.344 GC heap after
Heap after GC invocations=7 (full 0):
 PSYoungGen      total 275456K, used 28133K [0x00000000d5580000, 0x00000000f9480000, 0x0000000100000000)
  eden space 247296K, 0% used [0x00000000d5580000,0x00000000d5580000,0x00000000e4700000)
  from space 28160K, 99% used [0x00000000e4700000,0x00000000e62796f0,0x00000000e6280000)
  to   space 47104K, 0% used [0x00000000f6680000,0x00000000f6680000,0x00000000f9480000)
 ParOldGen       total 84992K, used 53146K [0x0000000080000000, 0x0000000085300000, 0x00000000d5580000)
  object space 84992K, 62% used [0x0000000080000000,0x00000000833e69f8,0x0000000085300000)
 Metaspace       used 6363K, capacity 7216K, committed 7296K, reserved 1056768K
  class space    used 593K, capacity 616K, committed 640K, reserved 1048576K
}
Event: 4.113 GC heap before
{Heap before GC invocations=8 (full 0):
 PSYoungGen      total 275456K, used 275429K [0x00000000d5580000, 0x00000000f9480000, 0x0000000100000000)
  eden space 247296K, 100% used [0x00000000d5580000,0x00000000e4700000,0x00000000e4700000)
  from space 28160K, 99% used [0x00000000e4700000,0x00000000e62796f0,0x00000000e6280000)
  to   space 47104K, 0% used [0x00000000f6680000,0x00000000f6680000,0x00000000f9480000)
 ParOldGen       total 84992K, used 53146K [0x0000000080000000, 0x0000000085300000, 0x00000000d5580000)
  object space 84992K, 62% used [0x0000000080000000,0x00000000833e69f8,0x0000000085300000)
 Metaspace       used 6455K, capacity 7216K, committed 7296K, reserved 1056768K
  class space    used 593K, capacity 616K, committed 640K, reserved 1048576K
Event: 4.258 GC heap after
Heap after GC invocations=8 (full 0):
 PSYoungGen      total 524800K, used 47098K [0x00000000d5580000, 0x00000000fb580000, 0x0000000100000000)
  eden space 477696K, 0% used [0x00000000d5580000,0x00000000d5580000,0x00000000f2800000)
  from space 47104K, 99% used [0x00000000f6680000,0x00000000f947e8a8,0x00000000f9480000)
  to   space 64000K, 0% used [0x00000000f2800000,0x00000000f2800000,0x00000000f6680000)
 ParOldGen       total 84992K, used 70355K [0x0000000080000000, 0x0000000085300000, 0x00000000d5580000)
  object space 84992K, 82% used [0x0000000080000000,0x00000000844b4c98,0x0000000085300000)
 Metaspace       used 6455K, capacity 7216K, committed 7296K, reserved 1056768K
  class space    used 593K, capacity 616K, committed 640K, reserved 1048576K
}
Event: 4.258 GC heap before
{Heap before GC invocations=9 (full 1):
 PSYoungGen      total 524800K, used 47098K [0x00000000d5580000, 0x00000000fb580000, 0x0000000100000000)
  eden space 477696K, 0% used [0x00000000d5580000,0x00000000d5580000,0x00000000f2800000)
  from space 47104K, 99% used [0x00000000f6680000,0x00000000f947e8a8,0x00000000f9480000)
  to   space 64000K, 0% used [0x00000000f2800000,0x00000000f2800000,0x00000000f6680000)
 ParOldGen       total 84992K, used 70355K [0x0000000080000000, 0x0000000085300000, 0x00000000d5580000)
  object space 84992K, 82% used [0x0000000080000000,0x00000000844b4c98,0x0000000085300000)
 Metaspace       used 6455K, capacity 7216K, committed 7296K, reserved 1056768K
  class space    used 593K, capacity 616K, committed 640K, reserved 1048576K
Event: 4.846 GC heap after
Heap after GC invocations=9 (full 1):
 PSYoungGen      total 524800K, used 26989K [0x00000000d5580000, 0x00000000fb580000, 0x0000000100000000)
  eden space 477696K, 0% used [0x00000000d5580000,0x00000000d5580000,0x00000000f2800000)
  from space 47104K, 57% used [0x00000000f6680000,0x00000000f80db5e8,0x00000000f9480000)
  to   space 64000K, 0% used [0x00000000f2800000,0x00000000f2800000,0x00000000f6680000)
 ParOldGen       total 161280K, used 84513K [0x0000000080000000, 0x0000000089d80000, 0x00000000d5580000)
  object space 161280K, 52% used [0x0000000080000000,0x00000000852887f0,0x0000000089d80000)
 Metaspace       used 6455K, capacity 7216K, committed 7296K, reserved 1056768K
  class space    used 593K, capacity 616K, committed 640K, reserved 1048576K
}
Event: 9.005 GC heap before
{Heap before GC invocations=10 (full 1):
 PSYoungGen      total 524800K, used 504685K [0x00000000d5580000, 0x00000000fb580000, 0x0000000100000000)
  eden space 477696K, 100% used [0x00000000d5580000,0x00000000f2800000,0x00000000f2800000)
  from space 47104K, 57% used [0x00000000f6680000,0x00000000f80db5e8,0x00000000f9480000)
  to   space 64000K, 0% used [0x00000000f2800000,0x00000000f2800000,0x00000000f6680000)
 ParOldGen       total 161280K, used 84513K [0x0000000080000000, 0x0000000089d80000, 0x00000000d5580000)
  object space 161280K, 52% used [0x0000000080000000,0x00000000852887f0,0x0000000089d80000)
 Metaspace       used 6518K, capacity 7280K, committed 7552K, reserved 1056768K
  class space    used 593K, capacity 616K, committed 640K, reserved 1048576K
Event: 9.290 GC heap after
Heap after GC invocations=10 (full 1):
 PSYoungGen      total 541696K, used 63985K [0x00000000d5580000, 0x0000000100000000, 0x0000000100000000)
  eden space 477696K, 0% used [0x00000000d5580000,0x00000000d5580000,0x00000000f2800000)
  from space 64000K, 99% used [0x00000000f2800000,0x00000000f667c768,0x00000000f6680000)
  to   space 88576K, 0% used [0x00000000fa980000,0x00000000fa980000,0x0000000100000000)
 ParOldGen       total 161280K, used 114998K [0x0000000080000000, 0x0000000089d80000, 0x00000000d5580000)
  object space 161280K, 71% used [0x0000000080000000,0x000000008704d848,0x0000000089d80000)
 Metaspace       used 6518K, capacity 7280K, committed 7552K, reserved 1056768K
  class space    used 593K, capacity 616K, committed 640K, reserved 1048576K
}
Event: 11.776 GC heap before
{Heap before GC invocations=11 (full 1):
 PSYoungGen      total 541696K, used 541681K [0x00000000d5580000, 0x0000000100000000, 0x0000000100000000)
  eden space 477696K, 100% used [0x00000000d5580000,0x00000000f2800000,0x00000000f2800000)
  from space 64000K, 99% used [0x00000000f2800000,0x00000000f667c768,0x00000000f6680000)
  to   space 88576K, 0% used [0x00000000fa980000,0x00000000fa980000,0x0000000100000000)
 ParOldGen       total 161280K, used 114998K [0x0000000080000000, 0x0000000089d80000, 0x00000000d5580000)
  object space 161280K, 71% used [0x0000000080000000,0x000000008704d848,0x0000000089d80000)
 Metaspace       used 6545K, capacity 7280K, committed 7552K, reserved 1056768K
  class space    used 596K, capacity 616K, committed 640K, reserved 1048576K
Event: 12.720 GC heap after
Heap after GC invocations=11 (full 1):
 PSYoungGen      total 548864K, used 88546K [0x00000000d5580000, 0x0000000100000000, 0x0000000100000000)
  eden space 460288K, 0% used [0x00000000d5580000,0x00000000d5580000,0x00000000f1700000)
  from space 88576K, 99% used [0x00000000fa980000,0x00000000ffff8b70,0x0000000100000000)
  to   space 119296K, 0% used [0x00000000f1700000,0x00000000f1700000,0x00000000f8b80000)
 ParOldGen       total 161280K, used 155948K [0x0000000080000000, 0x0000000089d80000, 0x00000000d5580000)
  object space 161280K, 96% used [0x0000000080000000,0x000000008984b170,0x0000000089d80000)
 Metaspace       used 6545K, capacity 7280K, committed 7552K, reserved 1056768K
  class space    used 596K, capacity 616K, committed 640K, reserved 1048576K
}
Event: 13.010 GC heap before
{Heap before GC invocations=12 (full 2):
 PSYoungGen      total 548864K, used 88546K [0x00000000d5580000, 0x0000000100000000, 0x0000000100000000)
  eden space 460288K, 0% used [0x00000000d5580000,0x00000000d5580000,0x00000000f1700000)
  from space 88576K, 99% used [0x00000000fa980000,0x00000000ffff8b70,0x0000000100000000)
  to   space 119296K, 0% used [0x00000000f1700000,0x00000000f1700000,0x00000000f8b80000)
 ParOldGen       total 161280K, used 155948K [0x0000000080000000, 0x0000000089d80000, 0x00000000d5580000)
  object space 161280K, 96% used [0x0000000080000000,0x000000008984b170,0x0000000089d80000)
 Metaspace       used 6545K, capacity 7280K, committed 7552K, reserved 1056768K
  class space    used 596K, capacity 616K, committed 640K, reserved 1048576K

Deoptimization events (10 events):
Event: 10.865 Thread 0x00007f17c81c9000 Uncommon trap: reason=bimorphic action=maybe_recompile pc=0x00007f17b9b47c3c method=com.android.dx.ssa.SCCP.setLatticeValueTo(IILcom/android/dx/rop/cst/Constant;)Z @ 43
Event: 10.953 Thread 0x00007f17c81cc800 Uncommon trap: reason=class_check action=maybe_recompile pc=0x00007f17b9a6f800 method=com.android.dx.ssa.DomFront.calcDomFronts()V @ 101
Event: 10.956 Thread 0x00007f17c81cc800 Uncommon trap: reason=class_check action=maybe_recompile pc=0x00007f17b9b3a90c method=com.android.dx.ssa.SsaConverter.placePhiFunctions(Lcom/android/dx/ssa/SsaMethod;Lcom/android/dx/ssa/LocalVariableInfo;I)V @ 257
Event: 11.090 Thread 0x00007f17c81cc800 Uncommon trap: reason=unstable_if action=reinterpret pc=0x00007f17b9b5fcec method=com.android.dx.ssa.InterferenceRegisterMapper.interferes(III)Z @ 35
Event: 11.115 Thread 0x00007f17c81cc800 Uncommon trap: reason=bimorphic action=maybe_recompile pc=0x00007f17b97ec050 method=com.android.dx.rop.code.RegisterSpec.withSimpleType()Lcom/android/dx/rop/code/RegisterSpec; @ 21
Event: 11.115 Thread 0x00007f17c81cc800 Uncommon trap: reason=bimorphic action=maybe_recompile pc=0x00007f17b97ec050 method=com.android.dx.rop.code.RegisterSpec.withSimpleType()Lcom/android/dx/rop/code/RegisterSpec; @ 21
Event: 11.116 Thread 0x00007f17c81cc800 Uncommon trap: reason=bimorphic action=maybe_recompile pc=0x00007f17b97ec050 method=com.android.dx.rop.code.RegisterSpec.withSimpleType()Lcom/android/dx/rop/code/RegisterSpec; @ 21
Event: 11.759 Thread 0x00007f17c800a800 Uncommon trap: reason=unstable_if action=reinterpret pc=0x00007f17b9172c04 method=java.util.zip.ZipCoder.decoder()Ljava/nio/charset/CharsetDecoder; @ 4
Event: 11.759 Thread 0x00007f17c800a800 Uncommon trap: reason=unstable_if action=reinterpret pc=0x00007f17b915d638 method=java.util.zip.ZipEntry.setExtra0([BZ)V @ 1
Event: 11.767 Thread 0x00007f17c800a800 Uncommon trap: reason=unstable_if action=reinterpret pc=0x00007f17b915b124 method=java.util.zip.ZipFile$ZipEntryIterator.hasNext()Z @ 25

Internal exceptions (6 events):
Event: 0.040 Thread 0x00007f17c800a800 Exception <a 'java/lang/NoSuchMethodError': Method sun.misc.Unsafe.defineClass(Ljava/lang/String;[BII)Ljava/lang/Class; name or signature does not match> (0x00000000d5587cc0) thrown at [/ssd/Android/AOSP-openjdk/external/jetbrains/jdk/hotspot/src/share/vm
Event: 0.040 Thread 0x00007f17c800a800 Exception <a 'java/lang/NoSuchMethodError': Method sun.misc.Unsafe.prefetchRead(Ljava/lang/Object;J)V name or signature does not match> (0x00000000d5587fa8) thrown at [/ssd/Android/AOSP-openjdk/external/jetbrains/jdk/hotspot/src/share/vm/prims/jni.cpp, li
Event: 0.785 Thread 0x00007f17c81cc800 Implicit null exception at 0x00007f17b930bc89 to 0x00007f17b930e36d
Event: 2.032 Thread 0x00007f17c81cf800 Exception <a 'java/lang/ArrayIndexOutOfBoundsException': 18> (0x00000000db0ac648) thrown at [/ssd/Android/AOSP-openjdk/external/jetbrains/jdk/hotspot/src/share/vm/interpreter/interpreterRuntime.cpp, line 366]
Event: 2.032 Thread 0x00007f17c81cf800 Exception <a 'java/lang/ArrayIndexOutOfBoundsException': 145> (0x00000000db0ae1c8) thrown at [/ssd/Android/AOSP-openjdk/external/jetbrains/jdk/hotspot/src/share/vm/interpreter/interpreterRuntime.cpp, line 366]
Event: 2.033 Thread 0x00007f17c81cf800 Exception <a 'java/lang/ArrayIndexOutOfBoundsException': 40> (0x00000000db0af4b0) thrown at [/ssd/Android/AOSP-openjdk/external/jetbrains/jdk/hotspot/src/share/vm/interpreter/interpreterRuntime.cpp, line 366]

Events (10 events):
Event: 11.758 Executing VM operation: RevokeBias done
Event: 11.759 Thread 0x00007f17c800a800 DEOPT PACKING pc=0x00007f17b9172c04 sp=0x00007f17d09854b0
Event: 11.759 Thread 0x00007f17c800a800 DEOPT UNPACKING pc=0x00007f17b9004f69 sp=0x00007f17d0985218 mode 2
Event: 11.759 Thread 0x00007f17c800a800 Uncommon trap: trap_request=0xffffff65 fr.pc=0x00007f17b915d638
Event: 11.759 Thread 0x00007f17c800a800 DEOPT PACKING pc=0x00007f17b915d638 sp=0x00007f17d09852c0
Event: 11.759 Thread 0x00007f17c800a800 DEOPT UNPACKING pc=0x00007f17b9004f69 sp=0x00007f17d0985260 mode 2
Event: 11.767 Thread 0x00007f17c800a800 Uncommon trap: trap_request=0xffffff65 fr.pc=0x00007f17b915b124
Event: 11.767 Thread 0x00007f17c800a800 DEOPT PACKING pc=0x00007f17b915b124 sp=0x00007f17d09854c0
Event: 11.767 Thread 0x00007f17c800a800 DEOPT UNPACKING pc=0x00007f17b9004f69 sp=0x00007f17d0985478 mode 2
Event: 11.776 Executing VM operation: ParallelGCFailedAllocation


Dynamic libraries:
00400000-00401000 r-xp 00000000 08:01 11419229                           /home/android/Documents/Studio_setup/android-studio/jre/bin/java
00600000-00601000 r--p 00000000 08:01 11419229                           /home/android/Documents/Studio_setup/android-studio/jre/bin/java
00601000-00602000 rw-p 00001000 08:01 11419229                           /home/android/Documents/Studio_setup/android-studio/jre/bin/java
01631000-01652000 rw-p 00000000 00:00 0                                  [heap]
80000000-89d80000 rw-p 00000000 00:00 0 
91300000-d5580000 ---p 00000000 00:00 0 
d5580000-100000000 rw-p 00000000 00:00 0 
100000000-1000a0000 rw-p 00000000 00:00 0 
1000a0000-140000000 ---p 00000000 00:00 0 
7f1764000000-7f1764028000 rw-p 00000000 00:00 0 
7f1764028000-7f1768000000 ---p 00000000 00:00 0 
7f176c000000-7f176c026000 rw-p 00000000 00:00 0 
7f176c026000-7f1770000000 ---p 00000000 00:00 0 
7f1770000000-7f1770021000 rw-p 00000000 00:00 0 
7f1770021000-7f1774000000 ---p 00000000 00:00 0 
7f1774000000-7f177403b000 rw-p 00000000 00:00 0 
7f177403b000-7f1778000000 ---p 00000000 00:00 0 
7f1778000000-7f1778021000 rw-p 00000000 00:00 0 
7f1778021000-7f177c000000 ---p 00000000 00:00 0 
7f177c000000-7f177c021000 rw-p 00000000 00:00 0 
7f177c021000-7f1780000000 ---p 00000000 00:00 0 
7f1780000000-7f1780021000 rw-p 00000000 00:00 0 
7f1780021000-7f1784000000 ---p 00000000 00:00 0 
7f1784000000-7f1785686000 rw-p 00000000 00:00 0 
7f1785686000-7f1788000000 ---p 00000000 00:00 0 
7f1788000000-7f17887be000 rw-p 00000000 00:00 0 
7f17887be000-7f178c000000 ---p 00000000 00:00 0 
7f178c000000-7f178c021000 rw-p 00000000 00:00 0 
7f178c021000-7f1790000000 ---p 00000000 00:00 0 
7f1790000000-7f1791561000 rw-p 00000000 00:00 0 
7f1791561000-7f1794000000 ---p 00000000 00:00 0 
7f1794000000-7f1794021000 rw-p 00000000 00:00 0 
7f1794021000-7f1798000000 ---p 00000000 00:00 0 
7f1798000000-7f1798021000 rw-p 00000000 00:00 0 
7f1798021000-7f179c000000 ---p 00000000 00:00 0 
7f179c000000-7f179c021000 rw-p 00000000 00:00 0 
7f179c021000-7f17a0000000 ---p 00000000 00:00 0 
7f17a0000000-7f17a027f000 rw-p 00000000 00:00 0 
7f17a027f000-7f17a4000000 ---p 00000000 00:00 0 
7f17a4000000-7f17a4021000 rw-p 00000000 00:00 0 
7f17a4021000-7f17a8000000 ---p 00000000 00:00 0 
7f17aa7fa000-7f17aa7fd000 ---p 00000000 00:00 0 
7f17aa7fd000-7f17aa8fb000 rw-p 00000000 00:00 0 
7f17aa8fb000-7f17aa8fe000 ---p 00000000 00:00 0 
7f17aa8fe000-7f17aa9fc000 rw-p 00000000 00:00 0 
7f17aa9fc000-7f17aa9ff000 ---p 00000000 00:00 0 
7f17aa9ff000-7f17aaafd000 rw-p 00000000 00:00 0 
7f17aaafd000-7f17aab00000 ---p 00000000 00:00 0 
7f17aab00000-7f17aabfe000 rw-p 00000000 00:00 0 
7f17aabfe000-7f17aac01000 ---p 00000000 00:00 0 
7f17aac01000-7f17aacff000 rw-p 00000000 00:00 0 
7f17aacff000-7f17aae13000 r--s 00b54000 08:01 6971100                    /home/android/Documents/MXI Projects/Goal Keeper/BackUp/April/28/Goalkeeper/app/build/intermediates/transforms/jarMerging/debug/jars/1/1f/combined.jar
7f17aae13000-7f17aae14000 ---p 00000000 00:00 0 
7f17aae14000-7f17aaf14000 rw-p 00000000 00:00 0 
7f17aaf14000-7f17aaf17000 ---p 00000000 00:00 0 
7f17aaf17000-7f17ab015000 rw-p 00000000 00:00 0 
7f17ab015000-7f17ab018000 ---p 00000000 00:00 0 
7f17ab018000-7f17ab116000 rw-p 00000000 00:00 0 
7f17ab116000-7f17ab119000 ---p 00000000 00:00 0 
7f17ab119000-7f17ab217000 rw-p 00000000 00:00 0 
7f17ab217000-7f17ab21a000 ---p 00000000 00:00 0 
7f17ab21a000-7f17ab318000 rw-p 00000000 00:00 0 
7f17ab318000-7f17ab31b000 ---p 00000000 00:00 0 
7f17ab31b000-7f17ab419000 rw-p 00000000 00:00 0 
7f17ab419000-7f17abafb000 r--p 00000000 08:01 8133439                    /usr/lib/locale/locale-archive
7f17abafb000-7f17abafe000 ---p 00000000 00:00 0 
7f17abafe000-7f17abbfc000 rw-p 00000000 00:00 0 
7f17abbfc000-7f17abbff000 ---p 00000000 00:00 0 
7f17abbff000-7f17abcfd000 rw-p 00000000 00:00 0 
7f17abcfd000-7f17abcfe000 ---p 00000000 00:00 0 
7f17abcfe000-7f17ac000000 rw-p 00000000 00:00 0 
7f17ac000000-7f17ac021000 rw-p 00000000 00:00 0 
7f17ac021000-7f17b0000000 ---p 00000000 00:00 0 
7f17b0000000-7f17b4000000 rw-p 00000000 00:00 0 
7f17b4000000-7f17b4021000 rw-p 00000000 00:00 0 
7f17b4021000-7f17b8000000 ---p 00000000 00:00 0 
7f17b8055000-7f17b8e33000 rw-p 00000000 00:00 0 
7f17b8e33000-7f17b9000000 r--s 03bec000 08:01 11806854                   /home/android/Documents/Studio_setup/android-studio/jre/jre/lib/rt.jar
7f17b9000000-7f17b9b90000 rwxp 00000000 00:00 0 
7f17b9b90000-7f17c8000000 ---p 00000000 00:00 0 
7f17c8000000-7f17c83e4000 rw-p 00000000 00:00 0 
7f17c83e4000-7f17cc000000 ---p 00000000 00:00 0 
7f17cc00b000-7f17cc741000 rw-p 00000000 00:00 0 
7f17cc741000-7f17cc881000 ---p 00000000 00:00 0 
7f17cc881000-7f17ccc81000 rw-p 00000000 00:00 0 
7f17ccc81000-7f17ccc82000 ---p 00000000 00:00 0 
7f17ccc82000-7f17ccd82000 rw-p 00000000 00:00 0 
7f17ccd82000-7f17ccd83000 ---p 00000000 00:00 0 
7f17ccd83000-7f17cce83000 rw-p 00000000 00:00 0 
7f17cce83000-7f17cce84000 ---p 00000000 00:00 0 
7f17cce84000-7f17ccf84000 rw-p 00000000 00:00 0 
7f17ccf84000-7f17ccf85000 ---p 00000000 00:00 0 
7f17ccf85000-7f17cd0d4000 rw-p 00000000 00:00 0 
7f17cd0d4000-7f17cd330000 ---p 00000000 00:00 0 
7f17cd330000-7f17cd37f000 rw-p 00000000 00:00 0 
7f17cd37f000-7f17cd5da000 ---p 00000000 00:00 0 
7f17cd5da000-7f17cd730000 rw-p 00000000 00:00 0 
7f17cd730000-7f17cd760000 rw-p 00000000 00:00 0 
7f17cd760000-7f17cdaf1000 ---p 00000000 00:00 0 
7f17cdaf1000-7f17cdb0b000 r-xp 00000000 08:01 11806878                   /home/android/Documents/Studio_setup/android-studio/jre/jre/lib/amd64/libzip.so
7f17cdb0b000-7f17cdd0b000 ---p 0001a000 08:01 11806878                   /home/android/Documents/Studio_setup/android-studio/jre/jre/lib/amd64/libzip.so
7f17cdd0b000-7f17cdd0c000 r--p 0001a000 08:01 11806878                   /home/android/Documents/Studio_setup/android-studio/jre/jre/lib/amd64/libzip.so
7f17cdd0c000-7f17cdd0d000 rw-p 0001b000 08:01 11806878                   /home/android/Documents/Studio_setup/android-studio/jre/jre/lib/amd64/libzip.so
7f17cdd0d000-7f17cdd17000 r-xp 00000000 08:01 6954087                    /lib/x86_64-linux-gnu/libnss_files-2.19.so
7f17cdd17000-7f17cdf16000 ---p 0000a000 08:01 6954087                    /lib/x86_64-linux-gnu/libnss_files-2.19.so
7f17cdf16000-7f17cdf17000 r--p 00009000 08:01 6954087                    /lib/x86_64-linux-gnu/libnss_files-2.19.so
7f17cdf17000-7f17cdf18000 rw-p 0000a000 08:01 6954087                    /lib/x86_64-linux-gnu/libnss_files-2.19.so
7f17cdf18000-7f17cdf23000 r-xp 00000000 08:01 6954079                    /lib/x86_64-linux-gnu/libnss_nis-2.19.so
7f17cdf23000-7f17ce122000 ---p 0000b000 08:01 6954079                    /lib/x86_64-linux-gnu/libnss_nis-2.19.so
7f17ce122000-7f17ce123000 r--p 0000a000 08:01 6954079                    /lib/x86_64-linux-gnu/libnss_nis-2.19.so
7f17ce123000-7f17ce124000 rw-p 0000b000 08:01 6954079                    /lib/x86_64-linux-gnu/libnss_nis-2.19.so
7f17ce124000-7f17ce13b000 r-xp 00000000 08:01 6954075                    /lib/x86_64-linux-gnu/libnsl-2.19.so
7f17ce13b000-7f17ce33a000 ---p 00017000 08:01 6954075                    /lib/x86_64-linux-gnu/libnsl-2.19.so
7f17ce33a000-7f17ce33b000 r--p 00016000 08:01 6954075                    /lib/x86_64-linux-gnu/libnsl-2.19.so
7f17ce33b000-7f17ce33c000 rw-p 00017000 08:01 6954075                    /lib/x86_64-linux-gnu/libnsl-2.19.so
7f17ce33c000-7f17ce33e000 rw-p 00000000 00:00 0 
7f17ce33e000-7f17ce347000 r-xp 00000000 08:01 6954074                    /lib/x86_64-linux-gnu/libnss_compat-2.19.so
7f17ce347000-7f17ce546000 ---p 00009000 08:01 6954074                    /lib/x86_64-linux-gnu/libnss_compat-2.19.so
7f17ce546000-7f17ce547000 r--p 00008000 08:01 6954074                    /lib/x86_64-linux-gnu/libnss_compat-2.19.so
7f17ce547000-7f17ce548000 rw-p 00009000 08:01 6954074                    /lib/x86_64-linux-gnu/libnss_compat-2.19.so
7f17ce548000-7f17ce575000 r-xp 00000000 08:01 11806888                   /home/android/Documents/Studio_setup/android-studio/jre/jre/lib/amd64/libjava.so
7f17ce575000-7f17ce774000 ---p 0002d000 08:01 11806888                   /home/android/Documents/Studio_setup/android-studio/jre/jre/lib/amd64/libjava.so
7f17ce774000-7f17ce775000 r--p 0002c000 08:01 11806888                   /home/android/Documents/Studio_setup/android-studio/jre/jre/lib/amd64/libjava.so
7f17ce775000-7f17ce777000 rw-p 0002d000 08:01 11806888                   /home/android/Documents/Studio_setup/android-studio/jre/jre/lib/amd64/libjava.so
7f17ce777000-7f17ce787000 r-xp 00000000 08:01 11806904                   /home/android/Documents/Studio_setup/android-studio/jre/jre/lib/amd64/libverify.so
7f17ce787000-7f17ce986000 ---p 00010000 08:01 11806904                   /home/android/Documents/Studio_setup/android-studio/jre/jre/lib/amd64/libverify.so
7f17ce986000-7f17ce988000 r--p 0000f000 08:01 11806904                   /home/android/Documents/Studio_setup/android-studio/jre/jre/lib/amd64/libverify.so
7f17ce988000-7f17ce989000 rw-p 00011000 08:01 11806904                   /home/android/Documents/Studio_setup/android-studio/jre/jre/lib/amd64/libverify.so
7f17ce989000-7f17ce990000 r-xp 00000000 08:01 6954083                    /lib/x86_64-linux-gnu/librt-2.19.so
7f17ce990000-7f17ceb8f000 ---p 00007000 08:01 6954083                    /lib/x86_64-linux-gnu/librt-2.19.so
7f17ceb8f000-7f17ceb90000 r--p 00006000 08:01 6954083                    /lib/x86_64-linux-gnu/librt-2.19.so
7f17ceb90000-7f17ceb91000 rw-p 00007000 08:01 6954083                    /lib/x86_64-linux-gnu/librt-2.19.so
7f17ceb91000-7f17cec96000 r-xp 00000000 08:01 6954069                    /lib/x86_64-linux-gnu/libm-2.19.so
7f17cec96000-7f17cee95000 ---p 00105000 08:01 6954069                    /lib/x86_64-linux-gnu/libm-2.19.so
7f17cee95000-7f17cee96000 r--p 00104000 08:01 6954069                    /lib/x86_64-linux-gnu/libm-2.19.so
7f17cee96000-7f17cee97000 rw-p 00105000 08:01 6954069                    /lib/x86_64-linux-gnu/libm-2.19.so
7f17cee97000-7f17cfa7d000 r-xp 00000000 08:01 11806907                   /home/android/Documents/Studio_setup/android-studio/jre/jre/lib/amd64/server/libjvm.so
7f17cfa7d000-7f17cfc7d000 ---p 00be6000 08:01 11806907                   /home/android/Documents/Studio_setup/android-studio/jre/jre/lib/amd64/server/libjvm.so
7f17cfc7d000-7f17cfd1c000 r--p 00be6000 08:01 11806907                   /home/android/Documents/Studio_setup/android-studio/jre/jre/lib/amd64/server/libjvm.so
7f17cfd1c000-7f17cfd45000 rw-p 00c85000 08:01 11806907                   /home/android/Documents/Studio_setup/android-studio/jre/jre/lib/amd64/server/libjvm.so
7f17cfd45000-7f17cfd87000 rw-p 00000000 00:00 0 
7f17cfd87000-7f17cfda0000 r-xp 00000000 08:01 6954076                    /lib/x86_64-linux-gnu/libpthread-2.19.so
7f17cfda0000-7f17cff9f000 ---p 00019000 08:01 6954076                    /lib/x86_64-linux-gnu/libpthread-2.19.so
7f17cff9f000-7f17cffa0000 r--p 00018000 08:01 6954076                    /lib/x86_64-linux-gnu/libpthread-2.19.so
7f17cffa0000-7f17cffa1000 rw-p 00019000 08:01 6954076                    /lib/x86_64-linux-gnu/libpthread-2.19.so
7f17cffa1000-7f17cffa5000 rw-p 00000000 00:00 0 
7f17cffa5000-7f17cffa8000 r-xp 00000000 08:01 6954071                    /lib/x86_64-linux-gnu/libdl-2.19.so
7f17cffa8000-7f17d01a7000 ---p 00003000 08:01 6954071                    /lib/x86_64-linux-gnu/libdl-2.19.so
7f17d01a7000-7f17d01a8000 r--p 00002000 08:01 6954071                    /lib/x86_64-linux-gnu/libdl-2.19.so
7f17d01a8000-7f17d01a9000 rw-p 00003000 08:01 6954071                    /lib/x86_64-linux-gnu/libdl-2.19.so
7f17d01a9000-7f17d0363000 r-xp 00000000 08:01 6954084                    /lib/x86_64-linux-gnu/libc-2.19.so
7f17d0363000-7f17d0563000 ---p 001ba000 08:01 6954084                    /lib/x86_64-linux-gnu/libc-2.19.so
7f17d0563000-7f17d0567000 r--p 001ba000 08:01 6954084                    /lib/x86_64-linux-gnu/libc-2.19.so
7f17d0567000-7f17d0569000 rw-p 001be000 08:01 6954084                    /lib/x86_64-linux-gnu/libc-2.19.so
7f17d0569000-7f17d056e000 rw-p 00000000 00:00 0 
7f17d056e000-7f17d0584000 r-xp 00000000 08:01 11409282                   /home/android/Documents/Studio_setup/android-studio/jre/lib/amd64/jli/libjli.so
7f17d0584000-7f17d0783000 ---p 00016000 08:01 11409282                   /home/android/Documents/Studio_setup/android-studio/jre/lib/amd64/jli/libjli.so
7f17d0783000-7f17d0784000 r--p 00015000 08:01 11409282                   /home/android/Documents/Studio_setup/android-studio/jre/lib/amd64/jli/libjli.so
7f17d0784000-7f17d0785000 rw-p 00016000 08:01 11409282                   /home/android/Documents/Studio_setup/android-studio/jre/lib/amd64/jli/libjli.so
7f17d0785000-7f17d07a8000 r-xp 00000000 08:01 6954077                    /lib/x86_64-linux-gnu/ld-2.19.so
7f17d07ba000-7f17d0886000 rw-p 00000000 00:00 0 
7f17d0886000-7f17d0889000 ---p 00000000 00:00 0 
7f17d0889000-7f17d098c000 rw-p 00000000 00:00 0 
7f17d098c000-7f17d099b000 r--s 000df000 08:01 6295025                    /home/android/Android/Sdk/build-tools/23.0.2/lib/dx.jar
7f17d099b000-7f17d09a3000 rw-s 00000000 08:01 14962917                   /tmp/hsperfdata_android/14236
7f17d09a3000-7f17d09a4000 rw-p 00000000 00:00 0 
7f17d09a4000-7f17d09a5000 ---p 00000000 00:00 0 
7f17d09a5000-7f17d09a7000 rw-p 00000000 00:00 0 
7f17d09a7000-7f17d09a8000 r--p 00022000 08:01 6954077                    /lib/x86_64-linux-gnu/ld-2.19.so
7f17d09a8000-7f17d09a9000 rw-p 00023000 08:01 6954077                    /lib/x86_64-linux-gnu/ld-2.19.so
7f17d09a9000-7f17d09aa000 rw-p 00000000 00:00 0 
7ffc3ce5b000-7ffc3ce7c000 rw-p 00000000 00:00 0                          [stack]
7ffc3ced0000-7ffc3ced2000 r--p 00000000 00:00 0                          [vvar]
7ffc3ced2000-7ffc3ced4000 r-xp 00000000 00:00 0                          [vdso]
ffffffffff600000-ffffffffff601000 r-xp 00000000 00:00 0                  [vsyscall]

VM Arguments:
jvm_args: -Djava.awt.headless=true -Xmx2g -Dfile.encoding=UTF-8 -Duser.country=IN -Duser.language=en -Duser.variant 
java_command: com.android.dx.command.Main --dex --num-threads=4 --multi-dex --main-dex-list /home/android/Documents/MXI Projects/Goal Keeper/BackUp/April/28/Goalkeeper/app/build/intermediates/multi-dex/debug/maindexlist.txt --output /home/android/Documents/MXI Projects/Goal Keeper/BackUp/April/28/Goalkeeper/app/build/intermediates/transforms/dex/debug/folders/1000/1f/main /home/android/Documents/MXI Projects/Goal Keeper/BackUp/April/28/Goalkeeper/app/build/intermediates/transforms/jarMerging/debug/jars/1/1f/combined.jar
java_class_path (initial): /home/android/Android/Sdk/build-tools/23.0.2/lib/dx.jar
Launcher Type: SUN_STANDARD

Environment Variables:
JAVA_HOME=/usr/lib/jvm/java-8-oracle
PATH=/usr/local/sbin:/usr/local/bin:/usr/sbin:/usr/bin:/sbin:/bin:/usr/games:/usr/local/games:/usr/lib/jvm/java-8-oracle/bin:/usr/lib/jvm/java-8-oracle/db/bin:/usr/lib/jvm/java-8-oracle/jre/bin
LD_LIBRARY_PATH=/home/android/Documents/Studio_setup/android-studio/bin:
SHELL=/bin/bash
DISPLAY=:0

Signal Handlers:
SIGSEGV: [libjvm.so+0x9daac0], sa_mask[0]=11111111011111111101111111111110, sa_flags=SA_RESTART|SA_SIGINFO
SIGBUS: [libjvm.so+0x9daac0], sa_mask[0]=11111111011111111101111111111110, sa_flags=SA_RESTART|SA_SIGINFO
SIGFPE: [libjvm.so+0x840d90], sa_mask[0]=11111111011111111101111111111110, sa_flags=SA_RESTART|SA_SIGINFO
SIGPIPE: [libjvm.so+0x840d90], sa_mask[0]=11111111011111111101111111111110, sa_flags=SA_RESTART|SA_SIGINFO
SIGXFSZ: [libjvm.so+0x840d90], sa_mask[0]=11111111011111111101111111111110, sa_flags=SA_RESTART|SA_SIGINFO
SIGILL: [libjvm.so+0x840d90], sa_mask[0]=11111111011111111101111111111110, sa_flags=SA_RESTART|SA_SIGINFO
SIGUSR1: SIG_DFL, sa_mask[0]=00000000000000000000000000000000, sa_flags=none
SIGUSR2: [libjvm.so+0x840c60], sa_mask[0]=00100000000000000000000000000000, sa_flags=SA_RESTART|SA_SIGINFO
SIGHUP: [libjvm.so+0x840e50], sa_mask[0]=11111111011111111101111111111110, sa_flags=SA_RESTART|SA_SIGINFO
SIGINT: [libjvm.so+0x840e50], sa_mask[0]=11111111011111111101111111111110, sa_flags=SA_RESTART|SA_SIGINFO
SIGTERM: [libjvm.so+0x840e50], sa_mask[0]=11111111011111111101111111111110, sa_flags=SA_RESTART|SA_SIGINFO
SIGQUIT: [libjvm.so+0x840e50], sa_mask[0]=11111111011111111101111111111110, sa_flags=SA_RESTART|SA_SIGINFO


---------------  S Y S T E M  ---------------

OS:DISTRIB_ID=Ubuntu
DISTRIB_RELEASE=14.04
DISTRIB_CODENAME=trusty
DISTRIB_DESCRIPTION="Ubuntu 14.04.4 LTS"

uname:Linux 4.2.0-42-generic #49~14.04.1-Ubuntu SMP Wed Jun 29 20:22:11 UTC 2016 x86_64
libc:glibc 2.19 NPTL 2.19 
rlimit: STACK 8192k, CORE 0k, NPROC 31428, NOFILE 4096, AS infinity
load average:9.95 3.60 1.94

/proc/meminfo:
MemTotal:        8067160 kB
MemFree:          120752 kB
MemAvailable:      79196 kB
Buffers:             848 kB
Cached:           641732 kB
SwapCached:            0 kB
Active:          7212972 kB
Inactive:         540256 kB
Active(anon):    7199196 kB
Inactive(anon):   521372 kB
Active(file):      13776 kB
Inactive(file):    18884 kB
Unevictable:          64 kB
Mlocked:              64 kB
SwapTotal:             0 kB
SwapFree:              0 kB
Dirty:               248 kB
Writeback:             0 kB
AnonPages:       7110808 kB
Mapped:           251192 kB
Shmem:            609824 kB
Slab:              89296 kB
SReclaimable:      53168 kB
SUnreclaim:        36128 kB
KernelStack:       11200 kB
PageTables:        51460 kB
NFS_Unstable:          0 kB
Bounce:                0 kB
WritebackTmp:          0 kB
CommitLimit:     4033580 kB
Committed_AS:   11713868 kB
VmallocTotal:   34359738367 kB
VmallocUsed:      354576 kB
VmallocChunk:   34358947836 kB
HardwareCorrupted:     0 kB
AnonHugePages:   3817472 kB
CmaTotal:              0 kB
CmaFree:               0 kB
HugePages_Total:       0
HugePages_Free:        0
HugePages_Rsvd:        0
HugePages_Surp:        0
Hugepagesize:       2048 kB
DirectMap4k:      121284 kB
DirectMap2M:     8159232 kB


CPU:total 4 (2 cores per cpu, 2 threads per core) family 6 model 42 stepping 7, cmov, cx8, fxsr, mmx, sse, sse2, sse3, ssse3, sse4.1, sse4.2, popcnt, avx, clmul, ht, tsc, tscinvbit

/proc/cpuinfo:
processor	: 0
vendor_id	: GenuineIntel
cpu family	: 6
model		: 42
model name	: Intel(R) Core(TM) i3-2120 CPU @ 3.30GHz
stepping	: 7
microcode	: 0x28
cpu MHz		: 1639.042
cache size	: 3072 KB
physical id	: 0
siblings	: 4
core id		: 0
cpu cores	: 2
apicid		: 0
initial apicid	: 0
fpu		: yes
fpu_exception	: yes
cpuid level	: 13
wp		: yes
flags		: fpu vme de pse tsc msr pae mce cx8 apic sep mtrr pge mca cmov pat pse36 clflush dts acpi mmx fxsr sse sse2 ss ht tm pbe syscall nx rdtscp lm constant_tsc arch_perfmon pebs bts rep_good nopl xtopology nonstop_tsc aperfmperf eagerfpu pni pclmulqdq dtes64 monitor ds_cpl vmx est tm2 ssse3 cx16 xtpr pdcm pcid sse4_1 sse4_2 popcnt tsc_deadline_timer xsave avx lahf_lm arat epb pln pts dtherm tpr_shadow vnmi flexpriority ept vpid xsaveopt
bugs		:
bogomips	: 6585.34
clflush size	: 64
cache_alignment	: 64
address sizes	: 36 bits physical, 48 bits virtual
power management:

processor	: 1
vendor_id	: GenuineIntel
cpu family	: 6
model		: 42
model name	: Intel(R) Core(TM) i3-2120 CPU @ 3.30GHz
stepping	: 7
microcode	: 0x28
cpu MHz		: 1699.757
cache size	: 3072 KB
physical id	: 0
siblings	: 4
core id		: 1
cpu cores	: 2
apicid		: 2
initial apicid	: 2
fpu		: yes
fpu_exception	: yes
cpuid level	: 13
wp		: yes
flags		: fpu vme de pse tsc msr pae mce cx8 apic sep mtrr pge mca cmov pat pse36 clflush dts acpi mmx fxsr sse sse2 ss ht tm pbe syscall nx rdtscp lm constant_tsc arch_perfmon pebs bts rep_good nopl xtopology nonstop_tsc aperfmperf eagerfpu pni pclmulqdq dtes64 monitor ds_cpl vmx est tm2 ssse3 cx16 xtpr pdcm pcid sse4_1 sse4_2 popcnt tsc_deadline_timer xsave avx lahf_lm arat epb pln pts dtherm tpr_shadow vnmi flexpriority ept vpid xsaveopt
bugs		:
bogomips	: 6585.34
clflush size	: 64
cache_alignment	: 64
address sizes	: 36 bits physical, 48 bits virtual
power management:

processor	: 2
vendor_id	: GenuineIntel
cpu family	: 6
model		: 42
model name	: Intel(R) Core(TM) i3-2120 CPU @ 3.30GHz
stepping	: 7
microcode	: 0x28
cpu MHz		: 1670.882
cache size	: 3072 KB
physical id	: 0
siblings	: 4
core id		: 0
cpu cores	: 2
apicid		: 1
initial apicid	: 1
fpu		: yes
fpu_exception	: yes
cpuid level	: 13
wp		: yes
flags		: fpu vme de pse tsc msr pae mce cx8 apic sep mtrr pge mca cmov pat pse36 clflush dts acpi mmx fxsr sse sse2 ss ht tm pbe syscall nx rdtscp lm constant_tsc arch_perfmon pebs bts rep_good nopl xtopology nonstop_tsc aperfmperf eagerfpu pni pclmulqdq dtes64 monitor ds_cpl vmx est tm2 ssse3 cx16 xtpr pdcm pcid sse4_1 sse4_2 popcnt tsc_deadline_timer xsave avx lahf_lm arat epb pln pts dtherm tpr_shadow vnmi flexpriority ept vpid xsaveopt
bugs		:
bogomips	: 6585.34
clflush size	: 64
cache_alignment	: 64
address sizes	: 36 bits physical, 48 bits virtual
power management:

processor	: 3
vendor_id	: GenuineIntel
cpu family	: 6
model		: 42
model name	: Intel(R) Core(TM) i3-2120 CPU @ 3.30GHz
stepping	: 7
microcode	: 0x28
cpu MHz		: 1603.980
cache size	: 3072 KB
physical id	: 0
siblings	: 4
core id		: 1
cpu cores	: 2
apicid		: 3
initial apicid	: 3
fpu		: yes
fpu_exception	: yes
cpuid level	: 13
wp		: yes
flags		: fpu vme de pse tsc msr pae mce cx8 apic sep mtrr pge mca cmov pat pse36 clflush dts acpi mmx fxsr sse sse2 ss ht tm pbe syscall nx rdtscp lm constant_tsc arch_perfmon pebs bts rep_good nopl xtopology nonstop_tsc aperfmperf eagerfpu pni pclmulqdq dtes64 monitor ds_cpl vmx est tm2 ssse3 cx16 xtpr pdcm pcid sse4_1 sse4_2 popcnt tsc_deadline_timer xsave avx lahf_lm arat epb pln pts dtherm tpr_shadow vnmi flexpriority ept vpid xsaveopt
bugs		:
bogomips	: 6585.34
clflush size	: 64
cache_alignment	: 64
address sizes	: 36 bits physical, 48 bits virtual
power management:



Memory: 4k page, physical 8067160k(120752k free), swap 0k(0k free)

vm_info: OpenJDK 64-Bit Server VM (25.76-b03) for linux-amd64 JRE (1.8.0_76-release-b03), built on Jun 29 2016 09:39:19 by "builder" with gcc 4.8.4

time: Tue May  2 17:46:20 2017
elapsed time: 30 seconds (0d 0h 0m 30s)

