#
# There is insufficient memory for the Java Runtime Environment to continue.
# Native memory allocation (mmap) failed to map 363855872 bytes for committing reserved memory.
# Possible reasons:
#   The system is out of physical RAM or swap space
#   In 32 bit mode, the process size limit was hit
# Possible solutions:
#   Reduce memory load on the system
#   Increase physical memory or swap space
#   Check if swap backing store is full
#   Use 64 bit Java on a 64 bit OS
#   Decrease Java heap size (-Xmx/-Xms)
#   Decrease number of Java threads
#   Decrease Java thread stack sizes (-Xss)
#   Set larger code cache with -XX:ReservedCodeCacheSize=
# This output file may be truncated or incomplete.
#
#  Out of Memory Error (os_linux.cpp:2627), pid=16172, tid=0x00007f06a5a85700
#
# JRE version: OpenJDK Runtime Environment (8.0_76-b03) (build 1.8.0_76-release-b03)
# Java VM: OpenJDK 64-Bit Server VM (25.76-b03 mixed mode linux-amd64 compressed oops)
# Failed to write core dump. Core dumps have been disabled. To enable core dumping, try "ulimit -c unlimited" before starting Java again
#

---------------  T H R E A D  ---------------

Current thread (0x00007f06b8078000):  VMThread [stack: 0x00007f06a5985000,0x00007f06a5a86000] [id=16182]

Stack: [0x00007f06a5985000,0x00007f06a5a86000],  sp=0x00007f06a5a84490,  free space=1021k
Native frames: (J=compiled Java code, j=interpreted, Vv=VM code, C=native code)
V  [libjvm.so+0x9d9fcd]  VMError::report_and_die()+0x15d
V  [libjvm.so+0x4b4d4a]  report_vm_out_of_memory(char const*, int, unsigned long, VMErrorType, char const*)+0x8a
V  [libjvm.so+0x845190]  os::pd_commit_memory(char*, unsigned long, unsigned long, bool)+0xf0
V  [libjvm.so+0x83fcbf]  os::commit_memory(char*, unsigned long, unsigned long, bool)+0x1f
V  [libjvm.so+0x8b4d9b]  PSVirtualSpace::expand_by(unsigned long)+0x5b
V  [libjvm.so+0x8a5b7b]  PSOldGen::expand_by(unsigned long) [clone .part.109]+0x1b
V  [libjvm.so+0x8a5d3b]  PSOldGen::expand(unsigned long) [clone .part.111]+0xdb
V  [libjvm.so+0x8a6618]  PSOldGen::resize(unsigned long)+0x188
V  [libjvm.so+0x8abc2c]  PSParallelCompact::invoke_no_policy(bool)+0x97c
V  [libjvm.so+0x8b2d3d]  PSScavenge::invoke()+0x17d
V  [libjvm.so+0x8681f3]  ParallelScavengeHeap::failed_mem_allocate(unsigned long)+0x63
V  [libjvm.so+0x9dba94]  VM_ParallelGCFailedAllocation::doit()+0x84
V  [libjvm.so+0x9dfe47]  VM_Operation::evaluate()+0x47
V  [libjvm.so+0x9de908]  VMThread::evaluate_operation(VM_Operation*)+0x2c8
V  [libjvm.so+0x9ded89]  VMThread::loop()+0x219
V  [libjvm.so+0x9df1d2]  VMThread::run()+0x72
V  [libjvm.so+0x8425b2]  java_start(Thread*)+0xf2

VM_Operation (0x00007f06a4782fc0): ParallelGCFailedAllocation, mode: safepoint, requested by thread 0x00007f06b81dc000


---------------  P R O C E S S  ---------------

Java Threads: ( => current thread )
  0x00007f06b8169800 JavaThread "pool-1-thread-1" [_thread_blocked, id=16204, stack(0x00007f06a4381000,0x00007f06a4482000)]
  0x00007f06b81df800 JavaThread "pool-2-thread-4" [_thread_blocked, id=16195, stack(0x00007f06a4482000,0x00007f06a4583000)]
  0x00007f06b81de000 JavaThread "pool-2-thread-3" [_thread_blocked, id=16194, stack(0x00007f06a4583000,0x00007f06a4684000)]
  0x00007f06b81dc000 JavaThread "pool-2-thread-2" [_thread_blocked, id=16193, stack(0x00007f06a4684000,0x00007f06a4785000)]
  0x00007f06b81da800 JavaThread "pool-3-thread-1" [_thread_blocked, id=16192, stack(0x00007f06a4785000,0x00007f06a4886000)]
  0x00007f06b81d8800 JavaThread "pool-2-thread-1" [_thread_blocked, id=16191, stack(0x00007f06a4886000,0x00007f06a4987000)]
  0x00007f06b80c8000 JavaThread "Service Thread" daemon [_thread_blocked, id=16189, stack(0x00007f06a4b9c000,0x00007f06a4c9d000)]
  0x00007f06b80bc800 JavaThread "C1 CompilerThread2" daemon [_thread_blocked, id=16188, stack(0x00007f06a4c9d000,0x00007f06a4d9e000)]
  0x00007f06b80bb000 JavaThread "C2 CompilerThread1" daemon [_thread_blocked, id=16187, stack(0x00007f06a4d9e000,0x00007f06a4e9f000)]
  0x00007f06b80b8000 JavaThread "C2 CompilerThread0" daemon [_thread_blocked, id=16186, stack(0x00007f06a4e9f000,0x00007f06a4fa0000)]
  0x00007f06b80b6800 JavaThread "Signal Dispatcher" daemon [_thread_blocked, id=16185, stack(0x00007f06a4fa0000,0x00007f06a50a1000)]
  0x00007f06b8084000 JavaThread "Finalizer" daemon [_thread_blocked, id=16184, stack(0x00007f06a5783000,0x00007f06a5884000)]
  0x00007f06b807f800 JavaThread "Reference Handler" daemon [_thread_blocked, id=16183, stack(0x00007f06a5884000,0x00007f06a5985000)]
  0x00007f06b800a800 JavaThread "main" [_thread_blocked, id=16177, stack(0x00007f06bef81000,0x00007f06bf082000)]

Other Threads:
=>0x00007f06b8078000 VMThread [stack: 0x00007f06a5985000,0x00007f06a5a86000] [id=16182]
  0x00007f06b80ca800 WatcherThread [stack: 0x00007f06a4a9b000,0x00007f06a4b9c000] [id=16190]

VM state:at safepoint (normal execution)

VM Mutex/Monitor currently owned by a thread:  ([mutex/lock_event])
[0x00007f06b80063a0] ExpandHeap_lock - owner thread: 0x00007f06b8078000
[0x00007f06b8006a20] Threads_lock - owner thread: 0x00007f06b8078000
[0x00007f06b8006f20] Heap_lock - owner thread: 0x00007f06b81dc000

Heap:
 PSYoungGen      total 974848K, used 143143K [0x000000076ab00000, 0x00000007c0000000, 0x00000007c0000000)
  eden space 697344K, 0% used [0x000000076ab00000,0x000000076ab00000,0x0000000795400000)
  from space 277504K, 51% used [0x00000007af100000,0x00000007b7cc9dd8,0x00000007c0000000)
  to   space 350208K, 0% used [0x0000000795400000,0x0000000795400000,0x00000007aaa00000)
 ParOldGen       total 744448K, used 744129K [0x00000006c0000000, 0x00000006ed700000, 0x000000076ab00000)
  object space 744448K, 99% used [0x00000006c0000000,0x00000006ed6b0780,0x00000006ed700000)
 Metaspace       used 6694K, capacity 7346K, committed 7552K, reserved 1056768K
  class space    used 603K, capacity 618K, committed 640K, reserved 1048576K

Card table byte_map: [0x00007f06a843f000,0x00007f06a8c40000] byte_map_base: 0x00007f06a4e3f000

Marking Bits: (ParMarkBitMap*) 0x00007f06be4551a0
 Begin Bits: [0x00007f0680000000, 0x00007f0684000000)
 End Bits:   [0x00007f0684000000, 0x00007f0688000000)

Polling page: 0x00007f06bf09f000

CodeCache: size=245760Kb used=14936Kb max_used=17120Kb free=230823Kb
 bounds [0x00007f06a9000000, 0x00007f06aa0d0000, 0x00007f06b8000000]
 total_blobs=3047 nmethods=2779 adapters=182
 compilation: enabled

Compilation events (10 events):
Event: 32.117 Thread 0x00007f06b80bc800 3443       3       com.android.dx.dex.file.UniformItemSection::prepare0 (47 bytes)
Event: 32.118 Thread 0x00007f06b80bc800 nmethod 3443 0x00007f06a92b1110 code [0x00007f06a92b12e0, 0x00007f06a92b1ad8]
Event: 32.129 Thread 0x00007f06b80bb000 nmethod 3409 0x00007f06a950a750 code [0x00007f06a950ac40, 0x00007f06a950dfd0]
Event: 32.129 Thread 0x00007f06b80bb000 3439       4       com.android.dx.ssa.back.FirstFitLocalCombiningAllocator::handlePhiInsns (36 bytes)
Event: 32.163 Thread 0x00007f06b80bc800 3444       2       com.android.dx.dex.file.FieldIdItem::addContents (23 bytes)
Event: 32.164 Thread 0x00007f06b80bc800 nmethod 3444 0x00007f06a926bf50 code [0x00007f06a926c100, 0x00007f06a926c428]
Event: 32.164 Thread 0x00007f06b80bc800 3445       2       com.android.dx.dex.file.FieldIdItem::getFieldRef (8 bytes)
Event: 32.164 Thread 0x00007f06b80bc800 nmethod 3445 0x00007f06a950a3d0 code [0x00007f06a950a540, 0x00007f06a950a6d0]
Event: 32.263 Thread 0x00007f06b80bc800 3449       2       com.android.dx.dex.file.ProtoIdItem::addContents (61 bytes)
Event: 32.264 Thread 0x00007f06b80bc800 nmethod 3449 0x00007f06a9292250 code [0x00007f06a9292400, 0x00007f06a92927f8]

GC Heap History (10 events):
Event: 23.216 GC heap after
Heap after GC invocations=18 (full 4):
 PSYoungGen      total 861184K, used 156890K [0x000000076ab00000, 0x00000007b6d80000, 0x00000007c0000000)
  eden space 684032K, 0% used [0x000000076ab00000,0x000000076ab00000,0x0000000794700000)
  from space 177152K, 88% used [0x00000007a3980000,0x00000007ad2b6850,0x00000007ae680000)
  to   space 248320K, 0% used [0x0000000794700000,0x0000000794700000,0x00000007a3980000)
 ParOldGen       total 744448K, used 469563K [0x00000006c0000000, 0x00000006ed700000, 0x000000076ab00000)
  object space 744448K, 63% used [0x00000006c0000000,0x00000006dca8ee60,0x00000006ed700000)
 Metaspace       used 6561K, capacity 7280K, committed 7552K, reserved 1056768K
  class space    used 595K, capacity 616K, committed 640K, reserved 1048576K
}
Event: 25.895 GC heap before
{Heap before GC invocations=19 (full 4):
 PSYoungGen      total 861184K, used 840922K [0x000000076ab00000, 0x00000007b6d80000, 0x00000007c0000000)
  eden space 684032K, 100% used [0x000000076ab00000,0x0000000794700000,0x0000000794700000)
  from space 177152K, 88% used [0x00000007a3980000,0x00000007ad2b6850,0x00000007ae680000)
  to   space 248320K, 0% used [0x0000000794700000,0x0000000794700000,0x00000007a3980000)
 ParOldGen       total 744448K, used 469563K [0x00000006c0000000, 0x00000006ed700000, 0x000000076ab00000)
  object space 744448K, 63% used [0x00000006c0000000,0x00000006dca8ee60,0x00000006ed700000)
 Metaspace       used 6561K, capacity 7280K, committed 7552K, reserved 1056768K
  class space    used 595K, capacity 616K, committed 640K, reserved 1048576K
Event: 26.194 GC heap after
Heap after GC invocations=19 (full 4):
 PSYoungGen      total 932352K, used 132677K [0x000000076ab00000, 0x00000007b9100000, 0x00000007c0000000)
  eden space 684032K, 0% used [0x000000076ab00000,0x000000076ab00000,0x0000000794700000)
  from space 248320K, 53% used [0x0000000794700000,0x000000079c891558,0x00000007a3980000)
  to   space 249856K, 0% used [0x00000007a9d00000,0x00000007a9d00000,0x00000007b9100000)
 ParOldGen       total 744448K, used 608616K [0x00000006c0000000, 0x00000006ed700000, 0x000000076ab00000)
  object space 744448K, 81% used [0x00000006c0000000,0x00000006e525a1a8,0x00000006ed700000)
 Metaspace       used 6561K, capacity 7280K, committed 7552K, reserved 1056768K
  class space    used 595K, capacity 616K, committed 640K, reserved 1048576K
}
Event: 27.779 GC heap before
{Heap before GC invocations=20 (full 4):
 PSYoungGen      total 932352K, used 816709K [0x000000076ab00000, 0x00000007b9100000, 0x00000007c0000000)
  eden space 684032K, 100% used [0x000000076ab00000,0x0000000794700000,0x0000000794700000)
  from space 248320K, 53% used [0x0000000794700000,0x000000079c891558,0x00000007a3980000)
  to   space 249856K, 0% used [0x00000007a9d00000,0x00000007a9d00000,0x00000007b9100000)
 ParOldGen       total 744448K, used 608616K [0x00000006c0000000, 0x00000006ed700000, 0x000000076ab00000)
  object space 744448K, 81% used [0x00000006c0000000,0x00000006e525a1a8,0x00000006ed700000)
 Metaspace       used 6562K, capacity 7280K, committed 7552K, reserved 1056768K
  class space    used 596K, capacity 616K, committed 640K, reserved 1048576K
Event: 27.895 GC heap after
Heap after GC invocations=20 (full 4):
 PSYoungGen      total 1011712K, used 109962K [0x000000076ab00000, 0x00000007b7d80000, 0x00000007c0000000)
  eden space 781824K, 0% used [0x000000076ab00000,0x000000076ab00000,0x000000079a680000)
  from space 229888K, 47% used [0x00000007a9d00000,0x00000007b0862ae0,0x00000007b7d80000)
  to   space 241152K, 0% used [0x000000079a680000,0x000000079a680000,0x00000007a9200000)
 ParOldGen       total 744448K, used 608616K [0x00000006c0000000, 0x00000006ed700000, 0x000000076ab00000)
  object space 744448K, 81% used [0x00000006c0000000,0x00000006e525a1a8,0x00000006ed700000)
 Metaspace       used 6562K, capacity 7280K, committed 7552K, reserved 1056768K
  class space    used 596K, capacity 616K, committed 640K, reserved 1048576K
}
Event: 29.833 GC heap before
{Heap before GC invocations=21 (full 4):
 PSYoungGen      total 1011712K, used 891786K [0x000000076ab00000, 0x00000007b7d80000, 0x00000007c0000000)
  eden space 781824K, 100% used [0x000000076ab00000,0x000000079a680000,0x000000079a680000)
  from space 229888K, 47% used [0x00000007a9d00000,0x00000007b0862ae0,0x00000007b7d80000)
  to   space 241152K, 0% used [0x000000079a680000,0x000000079a680000,0x00000007a9200000)
 ParOldGen       total 744448K, used 608616K [0x00000006c0000000, 0x00000006ed700000, 0x000000076ab00000)
  object space 744448K, 81% used [0x00000006c0000000,0x00000006e525a1a8,0x00000006ed700000)
 Metaspace       used 6567K, capacity 7280K, committed 7552K, reserved 1056768K
  class space    used 596K, capacity 616K, committed 640K, reserved 1048576K
Event: 30.071 GC heap after
Heap after GC invocations=21 (full 4):
 PSYoungGen      total 1022976K, used 230325K [0x000000076ab00000, 0x00000007c0000000, 0x00000007c0000000)
  eden space 781824K, 0% used [0x000000076ab00000,0x000000076ab00000,0x000000079a680000)
  from space 241152K, 95% used [0x000000079a680000,0x00000007a876d660,0x00000007a9200000)
  to   space 277504K, 0% used [0x00000007af100000,0x00000007af100000,0x00000007c0000000)
 ParOldGen       total 744448K, used 608616K [0x00000006c0000000, 0x00000006ed700000, 0x000000076ab00000)
  object space 744448K, 81% used [0x00000006c0000000,0x00000006e525a1a8,0x00000006ed700000)
 Metaspace       used 6567K, capacity 7280K, committed 7552K, reserved 1056768K
  class space    used 596K, capacity 616K, committed 640K, reserved 1048576K
}
Event: 32.269 GC heap before
{Heap before GC invocations=22 (full 4):
 PSYoungGen      total 1022976K, used 1012149K [0x000000076ab00000, 0x00000007c0000000, 0x00000007c0000000)
  eden space 781824K, 100% used [0x000000076ab00000,0x000000079a680000,0x000000079a680000)
  from space 241152K, 95% used [0x000000079a680000,0x00000007a876d660,0x00000007a9200000)
  to   space 277504K, 0% used [0x00000007af100000,0x00000007af100000,0x00000007c0000000)
 ParOldGen       total 744448K, used 608616K [0x00000006c0000000, 0x00000006ed700000, 0x000000076ab00000)
  object space 744448K, 81% used [0x00000006c0000000,0x00000006e525a1a8,0x00000006ed700000)
 Metaspace       used 6694K, capacity 7346K, committed 7552K, reserved 1056768K
  class space    used 603K, capacity 618K, committed 640K, reserved 1048576K
Event: 32.746 GC heap after
Heap after GC invocations=22 (full 4):
 PSYoungGen      total 974848K, used 277501K [0x000000076ab00000, 0x00000007c0000000, 0x00000007c0000000)
  eden space 697344K, 0% used [0x000000076ab00000,0x000000076ab00000,0x0000000795400000)
  from space 277504K, 99% used [0x00000007af100000,0x00000007bffff508,0x00000007c0000000)
  to   space 350208K, 0% used [0x0000000795400000,0x0000000795400000,0x00000007aaa00000)
 ParOldGen       total 744448K, used 679901K [0x00000006c0000000, 0x00000006ed700000, 0x000000076ab00000)
  object space 744448K, 91% used [0x00000006c0000000,0x00000006e97f7640,0x00000006ed700000)
 Metaspace       used 6694K, capacity 7346K, committed 7552K, reserved 1056768K
  class space    used 603K, capacity 618K, committed 640K, reserved 1048576K
}
Event: 32.746 GC heap before
{Heap before GC invocations=23 (full 5):
 PSYoungGen      total 974848K, used 277501K [0x000000076ab00000, 0x00000007c0000000, 0x00000007c0000000)
  eden space 697344K, 0% used [0x000000076ab00000,0x000000076ab00000,0x0000000795400000)
  from space 277504K, 99% used [0x00000007af100000,0x00000007bffff508,0x00000007c0000000)
  to   space 350208K, 0% used [0x0000000795400000,0x0000000795400000,0x00000007aaa00000)
 ParOldGen       total 744448K, used 679901K [0x00000006c0000000, 0x00000006ed700000, 0x000000076ab00000)
  object space 744448K, 91% used [0x00000006c0000000,0x00000006e97f7640,0x00000006ed700000)
 Metaspace       used 6694K, capacity 7346K, committed 7552K, reserved 1056768K
  class space    used 603K, capacity 618K, committed 640K, reserved 1048576K

Deoptimization events (10 events):
Event: 29.595 Thread 0x00007f06b81dc000 Uncommon trap: reason=unstable_if action=reinterpret pc=0x00007f06a9f80e9c method=com.android.dx.ssa.InterferenceRegisterMapper.interferes(III)Z @ 69
Event: 29.760 Thread 0x00007f06b81df800 Uncommon trap: reason=unstable_if action=reinterpret pc=0x00007f06aa095fa4 method=com.android.dx.ssa.SCCP.simulateStmt(Lcom/android/dx/ssa/SsaInsn;)V @ 435
Event: 30.169 Thread 0x00007f06b8169800 Uncommon trap: reason=class_check action=maybe_recompile pc=0x00007f06a970f19c method=java.util.Arrays.hashCode([Ljava/lang/Object;)I @ 43
Event: 30.169 Thread 0x00007f06b8169800 Uncommon trap: reason=class_check action=maybe_recompile pc=0x00007f06a970f19c method=java.util.Arrays.hashCode([Ljava/lang/Object;)I @ 43
Event: 30.169 Thread 0x00007f06b8169800 Uncommon trap: reason=class_check action=maybe_recompile pc=0x00007f06a970f19c method=java.util.Arrays.hashCode([Ljava/lang/Object;)I @ 43
Event: 30.170 Thread 0x00007f06b8169800 Uncommon trap: reason=class_check action=maybe_recompile pc=0x00007f06a970f19c method=java.util.Arrays.hashCode([Ljava/lang/Object;)I @ 43
Event: 30.170 Thread 0x00007f06b8169800 Uncommon trap: reason=class_check action=maybe_recompile pc=0x00007f06a945e7bc method=java.util.Arrays.hashCode([Ljava/lang/Object;)I @ 43
Event: 30.646 Thread 0x00007f06b8169800 Uncommon trap: reason=unstable_if action=reinterpret pc=0x00007f06a9306650 method=com.android.dx.dex.code.OutputFinisher.addConstants(Ljava/util/HashSet;Lcom/android/dx/rop/code/RegisterSpec;)V @ 57
Event: 31.159 Thread 0x00007f06b8169800 Uncommon trap: reason=unstable_if action=reinterpret pc=0x00007f06a97a0d90 method=com.android.dx.dex.code.DalvCode.hasPositions()Z @ 15
Event: 31.779 Thread 0x00007f06b8169800 Uncommon trap: reason=unstable_if action=reinterpret pc=0x00007f06a9eada2c method=com.android.dx.dex.file.ValueEncoder.addContents(Lcom/android/dx/dex/file/DexFile;Lcom/android/dx/rop/cst/Constant;)V @ 4

Internal exceptions (7 events):
Event: 0.023 Thread 0x00007f06b800a800 Exception <a 'java/lang/NoSuchMethodError': Method sun.misc.Unsafe.defineClass(Ljava/lang/String;[BII)Ljava/lang/Class; name or signature does not match> (0x000000076ab07cc0) thrown at [/ssd/Android/AOSP-openjdk/external/jetbrains/jdk/hotspot/src/share/vm
Event: 0.023 Thread 0x00007f06b800a800 Exception <a 'java/lang/NoSuchMethodError': Method sun.misc.Unsafe.prefetchRead(Ljava/lang/Object;J)V name or signature does not match> (0x000000076ab07fa8) thrown at [/ssd/Android/AOSP-openjdk/external/jetbrains/jdk/hotspot/src/share/vm/prims/jni.cpp, li
Event: 0.993 Thread 0x00007f06b81de000 Implicit null exception at 0x00007f06a9357e8f to 0x00007f06a935a5a5
Event: 1.165 Thread 0x00007f06b81df800 Implicit null exception at 0x00007f06a93ef546 to 0x00007f06a93ef6d9
Event: 2.000 Thread 0x00007f06b81de000 Exception <a 'java/lang/ArrayIndexOutOfBoundsException': 18> (0x000000077063a8b8) thrown at [/ssd/Android/AOSP-openjdk/external/jetbrains/jdk/hotspot/src/share/vm/interpreter/interpreterRuntime.cpp, line 366]
Event: 2.000 Thread 0x00007f06b81de000 Exception <a 'java/lang/ArrayIndexOutOfBoundsException': 145> (0x000000077063c438) thrown at [/ssd/Android/AOSP-openjdk/external/jetbrains/jdk/hotspot/src/share/vm/interpreter/interpreterRuntime.cpp, line 366]
Event: 2.001 Thread 0x00007f06b81de000 Exception <a 'java/lang/ArrayIndexOutOfBoundsException': 40> (0x000000077063d720) thrown at [/ssd/Android/AOSP-openjdk/external/jetbrains/jdk/hotspot/src/share/vm/interpreter/interpreterRuntime.cpp, line 366]

Events (10 events):
Event: 31.779 Thread 0x00007f06b8169800 DEOPT UNPACKING pc=0x00007f06a9004f69 sp=0x00007f06a4480390 mode 2
Event: 31.830 loading class com/android/dx/dex/file/ProtoIdItem
Event: 31.830 loading class com/android/dx/dex/file/ProtoIdItem done
Event: 32.264 Thread 0x00007f06b80bc800 flushing nmethod 0x00007f06a910ced0
Event: 32.264 Thread 0x00007f06b80bc800 flushing nmethod 0x00007f06a910d750
Event: 32.264 Thread 0x00007f06b80bc800 flushing nmethod 0x00007f06a9119950
Event: 32.264 Thread 0x00007f06b80bc800 flushing nmethod 0x00007f06a911aa10
Event: 32.264 Thread 0x00007f06b80bc800 flushing nmethod 0x00007f06a912f310
Event: 32.264 Thread 0x00007f06b80bc800 flushing nmethod 0x00007f06a9133a50
Event: 32.268 Executing VM operation: ParallelGCFailedAllocation


Dynamic libraries:
00400000-00401000 r-xp 00000000 08:01 11419229                           /home/android/Documents/Studio_setup/android-studio/jre/bin/java
00600000-00601000 r--p 00000000 08:01 11419229                           /home/android/Documents/Studio_setup/android-studio/jre/bin/java
00601000-00602000 rw-p 00001000 08:01 11419229                           /home/android/Documents/Studio_setup/android-studio/jre/bin/java
0122d000-0124e000 rw-p 00000000 00:00 0                                  [heap]
6c0000000-6ed700000 rw-p 00000000 00:00 0 
703200000-76ab00000 ---p 00000000 00:00 0 
76ab00000-7c0000000 rw-p 00000000 00:00 0 
7c0000000-7c00a0000 rw-p 00000000 00:00 0 
7c00a0000-800000000 ---p 00000000 00:00 0 
7f0648000000-7f06480d3000 rw-p 00000000 00:00 0 
7f06480d3000-7f064c000000 ---p 00000000 00:00 0 
7f064c000000-7f064c021000 rw-p 00000000 00:00 0 
7f064c021000-7f0650000000 ---p 00000000 00:00 0 
7f0650000000-7f065010c000 rw-p 00000000 00:00 0 
7f065010c000-7f0654000000 ---p 00000000 00:00 0 
7f0654000000-7f0654083000 rw-p 00000000 00:00 0 
7f0654083000-7f0658000000 ---p 00000000 00:00 0 
7f0658000000-7f06580cf000 rw-p 00000000 00:00 0 
7f06580cf000-7f065c000000 ---p 00000000 00:00 0 
7f065c000000-7f065c021000 rw-p 00000000 00:00 0 
7f065c021000-7f0660000000 ---p 00000000 00:00 0 
7f0660000000-7f0660021000 rw-p 00000000 00:00 0 
7f0660021000-7f0664000000 ---p 00000000 00:00 0 
7f0664000000-7f0664021000 rw-p 00000000 00:00 0 
7f0664021000-7f0668000000 ---p 00000000 00:00 0 
7f0668000000-7f0669878000 rw-p 00000000 00:00 0 
7f0669878000-7f066c000000 ---p 00000000 00:00 0 
7f066c000000-7f066cb86000 rw-p 00000000 00:00 0 
7f066cb86000-7f0670000000 ---p 00000000 00:00 0 
7f0670000000-7f0670021000 rw-p 00000000 00:00 0 
7f0670021000-7f0674000000 ---p 00000000 00:00 0 
7f0674000000-7f0675652000 rw-p 00000000 00:00 0 
7f0675652000-7f0678000000 ---p 00000000 00:00 0 
7f0678000000-7f0678021000 rw-p 00000000 00:00 0 
7f0678021000-7f067c000000 ---p 00000000 00:00 0 
7f067c000000-7f067c021000 rw-p 00000000 00:00 0 
7f067c021000-7f0680000000 ---p 00000000 00:00 0 
7f0680000000-7f0688000000 rw-p 00000000 00:00 0 
7f0688000000-7f0688021000 rw-p 00000000 00:00 0 
7f0688021000-7f068c000000 ---p 00000000 00:00 0 
7f068c000000-7f068c29f000 rw-p 00000000 00:00 0 
7f068c29f000-7f0690000000 ---p 00000000 00:00 0 
7f0690000000-7f0690021000 rw-p 00000000 00:00 0 
7f0690021000-7f0694000000 ---p 00000000 00:00 0 
7f0698000000-7f0698021000 rw-p 00000000 00:00 0 
7f0698021000-7f069c000000 ---p 00000000 00:00 0 
7f06a0000000-7f06a0021000 rw-p 00000000 00:00 0 
7f06a0021000-7f06a4000000 ---p 00000000 00:00 0 
7f06a4381000-7f06a4384000 ---p 00000000 00:00 0 
7f06a4384000-7f06a4482000 rw-p 00000000 00:00 0 
7f06a4482000-7f06a4485000 ---p 00000000 00:00 0 
7f06a4485000-7f06a4583000 rw-p 00000000 00:00 0 
7f06a4583000-7f06a4586000 ---p 00000000 00:00 0 
7f06a4586000-7f06a4684000 rw-p 00000000 00:00 0 
7f06a4684000-7f06a4687000 ---p 00000000 00:00 0 
7f06a4687000-7f06a4785000 rw-p 00000000 00:00 0 
7f06a4785000-7f06a4788000 ---p 00000000 00:00 0 
7f06a4788000-7f06a4886000 rw-p 00000000 00:00 0 
7f06a4886000-7f06a4889000 ---p 00000000 00:00 0 
7f06a4889000-7f06a4987000 rw-p 00000000 00:00 0 
7f06a4987000-7f06a4a9b000 r--s 00b5b000 08:01 272225                     /home/android/Documents/MXI Projects/Goal Keeper/BackUp/May/2/Goalkeeper/app/build/intermediates/transforms/jarMerging/debug/jars/1/1f/combined.jar
7f06a4a9b000-7f06a4a9c000 ---p 00000000 00:00 0 
7f06a4a9c000-7f06a4b9c000 rw-p 00000000 00:00 0 
7f06a4b9c000-7f06a4b9f000 ---p 00000000 00:00 0 
7f06a4b9f000-7f06a4c9d000 rw-p 00000000 00:00 0 
7f06a4c9d000-7f06a4ca0000 ---p 00000000 00:00 0 
7f06a4ca0000-7f06a4d9e000 rw-p 00000000 00:00 0 
7f06a4d9e000-7f06a4da1000 ---p 00000000 00:00 0 
7f06a4da1000-7f06a4e9f000 rw-p 00000000 00:00 0 
7f06a4e9f000-7f06a4ea2000 ---p 00000000 00:00 0 
7f06a4ea2000-7f06a4fa0000 rw-p 00000000 00:00 0 
7f06a4fa0000-7f06a4fa3000 ---p 00000000 00:00 0 
7f06a4fa3000-7f06a50a1000 rw-p 00000000 00:00 0 
7f06a50a1000-7f06a5783000 r--p 00000000 08:01 8133439                    /usr/lib/locale/locale-archive
7f06a5783000-7f06a5786000 ---p 00000000 00:00 0 
7f06a5786000-7f06a5884000 rw-p 00000000 00:00 0 
7f06a5884000-7f06a5887000 ---p 00000000 00:00 0 
7f06a5887000-7f06a5985000 rw-p 00000000 00:00 0 
7f06a5985000-7f06a5986000 ---p 00000000 00:00 0 
7f06a5986000-7f06a6a19000 rw-p 00000000 00:00 0 
7f06a6a19000-7f06a6be6000 r--s 03bec000 08:01 11806854                   /home/android/Documents/Studio_setup/android-studio/jre/jre/lib/rt.jar
7f06a6be6000-7f06a72a6000 rw-p 00000000 00:00 0 
7f06a72a6000-7f06a73e6000 ---p 00000000 00:00 0 
7f06a73e6000-7f06a7be6000 rw-p 00000000 00:00 0 
7f06a7be6000-7f06a7be7000 ---p 00000000 00:00 0 
7f06a7be7000-7f06a7ce7000 rw-p 00000000 00:00 0 
7f06a7ce7000-7f06a7ce8000 ---p 00000000 00:00 0 
7f06a7ce8000-7f06a7de8000 rw-p 00000000 00:00 0 
7f06a7de8000-7f06a7de9000 ---p 00000000 00:00 0 
7f06a7de9000-7f06a8055000 rw-p 00000000 00:00 0 
7f06a8055000-7f06a843f000 ---p 00000000 00:00 0 
7f06a843f000-7f06a85ab000 rw-p 00000000 00:00 0 
7f06a85ab000-7f06a8994000 ---p 00000000 00:00 0 
7f06a8994000-7f06a8c3f000 rw-p 00000000 00:00 0 
7f06a8c3f000-7f06a8c84000 rw-p 00000000 00:00 0 
7f06a8c84000-7f06a9000000 ---p 00000000 00:00 0 
7f06a9000000-7f06aa0d0000 rwxp 00000000 00:00 0 
7f06aa0d0000-7f06b8000000 ---p 00000000 00:00 0 
7f06b8000000-7f06b83f4000 rw-p 00000000 00:00 0 
7f06b83f4000-7f06bc000000 ---p 00000000 00:00 0 
7f06bc007000-7f06bc0eb000 rw-p 00000000 00:00 0 
7f06bc0eb000-7f06bc0ec000 ---p 00000000 00:00 0 
7f06bc0ec000-7f06bc1ec000 rw-p 00000000 00:00 0 
7f06bc1ec000-7f06bc206000 r-xp 00000000 08:01 11806878                   /home/android/Documents/Studio_setup/android-studio/jre/jre/lib/amd64/libzip.so
7f06bc206000-7f06bc406000 ---p 0001a000 08:01 11806878                   /home/android/Documents/Studio_setup/android-studio/jre/jre/lib/amd64/libzip.so
7f06bc406000-7f06bc407000 r--p 0001a000 08:01 11806878                   /home/android/Documents/Studio_setup/android-studio/jre/jre/lib/amd64/libzip.so
7f06bc407000-7f06bc408000 rw-p 0001b000 08:01 11806878                   /home/android/Documents/Studio_setup/android-studio/jre/jre/lib/amd64/libzip.so
7f06bc408000-7f06bc412000 r-xp 00000000 08:01 6954087                    /lib/x86_64-linux-gnu/libnss_files-2.19.so
7f06bc412000-7f06bc611000 ---p 0000a000 08:01 6954087                    /lib/x86_64-linux-gnu/libnss_files-2.19.so
7f06bc611000-7f06bc612000 r--p 00009000 08:01 6954087                    /lib/x86_64-linux-gnu/libnss_files-2.19.so
7f06bc612000-7f06bc613000 rw-p 0000a000 08:01 6954087                    /lib/x86_64-linux-gnu/libnss_files-2.19.so
7f06bc613000-7f06bc61e000 r-xp 00000000 08:01 6954079                    /lib/x86_64-linux-gnu/libnss_nis-2.19.so
7f06bc61e000-7f06bc81d000 ---p 0000b000 08:01 6954079                    /lib/x86_64-linux-gnu/libnss_nis-2.19.so
7f06bc81d000-7f06bc81e000 r--p 0000a000 08:01 6954079                    /lib/x86_64-linux-gnu/libnss_nis-2.19.so
7f06bc81e000-7f06bc81f000 rw-p 0000b000 08:01 6954079                    /lib/x86_64-linux-gnu/libnss_nis-2.19.so
7f06bc81f000-7f06bc836000 r-xp 00000000 08:01 6954075                    /lib/x86_64-linux-gnu/libnsl-2.19.so
7f06bc836000-7f06bca35000 ---p 00017000 08:01 6954075                    /lib/x86_64-linux-gnu/libnsl-2.19.so
7f06bca35000-7f06bca36000 r--p 00016000 08:01 6954075                    /lib/x86_64-linux-gnu/libnsl-2.19.so
7f06bca36000-7f06bca37000 rw-p 00017000 08:01 6954075                    /lib/x86_64-linux-gnu/libnsl-2.19.so
7f06bca37000-7f06bca39000 rw-p 00000000 00:00 0 
7f06bca39000-7f06bca42000 r-xp 00000000 08:01 6954074                    /lib/x86_64-linux-gnu/libnss_compat-2.19.so
7f06bca42000-7f06bcc41000 ---p 00009000 08:01 6954074                    /lib/x86_64-linux-gnu/libnss_compat-2.19.so
7f06bcc41000-7f06bcc42000 r--p 00008000 08:01 6954074                    /lib/x86_64-linux-gnu/libnss_compat-2.19.so
7f06bcc42000-7f06bcc43000 rw-p 00009000 08:01 6954074                    /lib/x86_64-linux-gnu/libnss_compat-2.19.so
7f06bcc43000-7f06bcc70000 r-xp 00000000 08:01 11806888                   /home/android/Documents/Studio_setup/android-studio/jre/jre/lib/amd64/libjava.so
7f06bcc70000-7f06bce6f000 ---p 0002d000 08:01 11806888                   /home/android/Documents/Studio_setup/android-studio/jre/jre/lib/amd64/libjava.so
7f06bce6f000-7f06bce70000 r--p 0002c000 08:01 11806888                   /home/android/Documents/Studio_setup/android-studio/jre/jre/lib/amd64/libjava.so
7f06bce70000-7f06bce72000 rw-p 0002d000 08:01 11806888                   /home/android/Documents/Studio_setup/android-studio/jre/jre/lib/amd64/libjava.so
7f06bce72000-7f06bce82000 r-xp 00000000 08:01 11806904                   /home/android/Documents/Studio_setup/android-studio/jre/jre/lib/amd64/libverify.so
7f06bce82000-7f06bd081000 ---p 00010000 08:01 11806904                   /home/android/Documents/Studio_setup/android-studio/jre/jre/lib/amd64/libverify.so
7f06bd081000-7f06bd083000 r--p 0000f000 08:01 11806904                   /home/android/Documents/Studio_setup/android-studio/jre/jre/lib/amd64/libverify.so
7f06bd083000-7f06bd084000 rw-p 00011000 08:01 11806904                   /home/android/Documents/Studio_setup/android-studio/jre/jre/lib/amd64/libverify.so
7f06bd084000-7f06bd08b000 r-xp 00000000 08:01 6954083                    /lib/x86_64-linux-gnu/librt-2.19.so
7f06bd08b000-7f06bd28a000 ---p 00007000 08:01 6954083                    /lib/x86_64-linux-gnu/librt-2.19.so
7f06bd28a000-7f06bd28b000 r--p 00006000 08:01 6954083                    /lib/x86_64-linux-gnu/librt-2.19.so
7f06bd28b000-7f06bd28c000 rw-p 00007000 08:01 6954083                    /lib/x86_64-linux-gnu/librt-2.19.so
7f06bd28c000-7f06bd391000 r-xp 00000000 08:01 6954069                    /lib/x86_64-linux-gnu/libm-2.19.so
7f06bd391000-7f06bd590000 ---p 00105000 08:01 6954069                    /lib/x86_64-linux-gnu/libm-2.19.so
7f06bd590000-7f06bd591000 r--p 00104000 08:01 6954069                    /lib/x86_64-linux-gnu/libm-2.19.so
7f06bd591000-7f06bd592000 rw-p 00105000 08:01 6954069                    /lib/x86_64-linux-gnu/libm-2.19.so
7f06bd592000-7f06be178000 r-xp 00000000 08:01 11806907                   /home/android/Documents/Studio_setup/android-studio/jre/jre/lib/amd64/server/libjvm.so
7f06be178000-7f06be378000 ---p 00be6000 08:01 11806907                   /home/android/Documents/Studio_setup/android-studio/jre/jre/lib/amd64/server/libjvm.so
7f06be378000-7f06be417000 r--p 00be6000 08:01 11806907                   /home/android/Documents/Studio_setup/android-studio/jre/jre/lib/amd64/server/libjvm.so
7f06be417000-7f06be440000 rw-p 00c85000 08:01 11806907                   /home/android/Documents/Studio_setup/android-studio/jre/jre/lib/amd64/server/libjvm.so
7f06be440000-7f06be482000 rw-p 00000000 00:00 0 
7f06be482000-7f06be49b000 r-xp 00000000 08:01 6954076                    /lib/x86_64-linux-gnu/libpthread-2.19.so
7f06be49b000-7f06be69a000 ---p 00019000 08:01 6954076                    /lib/x86_64-linux-gnu/libpthread-2.19.so
7f06be69a000-7f06be69b000 r--p 00018000 08:01 6954076                    /lib/x86_64-linux-gnu/libpthread-2.19.so
7f06be69b000-7f06be69c000 rw-p 00019000 08:01 6954076                    /lib/x86_64-linux-gnu/libpthread-2.19.so
7f06be69c000-7f06be6a0000 rw-p 00000000 00:00 0 
7f06be6a0000-7f06be6a3000 r-xp 00000000 08:01 6954071                    /lib/x86_64-linux-gnu/libdl-2.19.so
7f06be6a3000-7f06be8a2000 ---p 00003000 08:01 6954071                    /lib/x86_64-linux-gnu/libdl-2.19.so
7f06be8a2000-7f06be8a3000 r--p 00002000 08:01 6954071                    /lib/x86_64-linux-gnu/libdl-2.19.so
7f06be8a3000-7f06be8a4000 rw-p 00003000 08:01 6954071                    /lib/x86_64-linux-gnu/libdl-2.19.so
7f06be8a4000-7f06bea5e000 r-xp 00000000 08:01 6954084                    /lib/x86_64-linux-gnu/libc-2.19.so
7f06bea5e000-7f06bec5e000 ---p 001ba000 08:01 6954084                    /lib/x86_64-linux-gnu/libc-2.19.so
7f06bec5e000-7f06bec62000 r--p 001ba000 08:01 6954084                    /lib/x86_64-linux-gnu/libc-2.19.so
7f06bec62000-7f06bec64000 rw-p 001be000 08:01 6954084                    /lib/x86_64-linux-gnu/libc-2.19.so
7f06bec64000-7f06bec69000 rw-p 00000000 00:00 0 
7f06bec69000-7f06bec7f000 r-xp 00000000 08:01 11409282                   /home/android/Documents/Studio_setup/android-studio/jre/lib/amd64/jli/libjli.so
7f06bec7f000-7f06bee7e000 ---p 00016000 08:01 11409282                   /home/android/Documents/Studio_setup/android-studio/jre/lib/amd64/jli/libjli.so
7f06bee7e000-7f06bee7f000 r--p 00015000 08:01 11409282                   /home/android/Documents/Studio_setup/android-studio/jre/lib/amd64/jli/libjli.so
7f06bee7f000-7f06bee80000 rw-p 00016000 08:01 11409282                   /home/android/Documents/Studio_setup/android-studio/jre/lib/amd64/jli/libjli.so
7f06bee80000-7f06beea3000 r-xp 00000000 08:01 6954077                    /lib/x86_64-linux-gnu/ld-2.19.so
7f06beeae000-7f06bef81000 rw-p 00000000 00:00 0 
7f06bef81000-7f06bef84000 ---p 00000000 00:00 0 
7f06bef84000-7f06bf087000 rw-p 00000000 00:00 0 
7f06bf087000-7f06bf096000 r--s 000df000 08:01 6295025                    /home/android/Android/Sdk/build-tools/23.0.2/lib/dx.jar
7f06bf096000-7f06bf09e000 rw-s 00000000 08:01 397173                     /tmp/hsperfdata_android/16172
7f06bf09e000-7f06bf09f000 rw-p 00000000 00:00 0 
7f06bf09f000-7f06bf0a0000 ---p 00000000 00:00 0 
7f06bf0a0000-7f06bf0a2000 rw-p 00000000 00:00 0 
7f06bf0a2000-7f06bf0a3000 r--p 00022000 08:01 6954077                    /lib/x86_64-linux-gnu/ld-2.19.so
7f06bf0a3000-7f06bf0a4000 rw-p 00023000 08:01 6954077                    /lib/x86_64-linux-gnu/ld-2.19.so
7f06bf0a4000-7f06bf0a5000 rw-p 00000000 00:00 0 
7ffc15299000-7ffc152ba000 rw-p 00000000 00:00 0                          [stack]
7ffc15356000-7ffc15358000 r--p 00000000 00:00 0                          [vvar]
7ffc15358000-7ffc1535a000 r-xp 00000000 00:00 0                          [vdso]
ffffffffff600000-ffffffffff601000 r-xp 00000000 00:00 0                  [vsyscall]

VM Arguments:
jvm_args: -Djava.awt.headless=true -Xmx4g -Dfile.encoding=UTF-8 -Duser.country=IN -Duser.language=en -Duser.variant 
java_command: com.android.dx.command.Main --dex --num-threads=4 --multi-dex --main-dex-list /home/android/Documents/MXI Projects/Goal Keeper/BackUp/May/2/Goalkeeper/app/build/intermediates/multi-dex/debug/maindexlist.txt --output /home/android/Documents/MXI Projects/Goal Keeper/BackUp/May/2/Goalkeeper/app/build/intermediates/transforms/dex/debug/folders/1000/1f/main /home/android/Documents/MXI Projects/Goal Keeper/BackUp/May/2/Goalkeeper/app/build/intermediates/transforms/jarMerging/debug/jars/1/1f/combined.jar
java_class_path (initial): /home/android/Android/Sdk/build-tools/23.0.2/lib/dx.jar
Launcher Type: SUN_STANDARD

Environment Variables:
JAVA_HOME=/usr/lib/jvm/java-8-oracle
PATH=/usr/local/sbin:/usr/local/bin:/usr/sbin:/usr/bin:/sbin:/bin:/usr/games:/usr/local/games:/usr/lib/jvm/java-8-oracle/bin:/usr/lib/jvm/java-8-oracle/db/bin:/usr/lib/jvm/java-8-oracle/jre/bin
LD_LIBRARY_PATH=/home/android/Documents/Studio_setup/android-studio/bin:
SHELL=/bin/bash
DISPLAY=:0

Signal Handlers:
SIGSEGV: [libjvm.so+0x9daac0], sa_mask[0]=11111111011111111101111111111110, sa_flags=SA_RESTART|SA_SIGINFO
SIGBUS: [libjvm.so+0x9daac0], sa_mask[0]=11111111011111111101111111111110, sa_flags=SA_RESTART|SA_SIGINFO
SIGFPE: [libjvm.so+0x840d90], sa_mask[0]=11111111011111111101111111111110, sa_flags=SA_RESTART|SA_SIGINFO
SIGPIPE: [libjvm.so+0x840d90], sa_mask[0]=11111111011111111101111111111110, sa_flags=SA_RESTART|SA_SIGINFO
SIGXFSZ: [libjvm.so+0x840d90], sa_mask[0]=11111111011111111101111111111110, sa_flags=SA_RESTART|SA_SIGINFO
SIGILL: [libjvm.so+0x840d90], sa_mask[0]=11111111011111111101111111111110, sa_flags=SA_RESTART|SA_SIGINFO
SIGUSR1: SIG_DFL, sa_mask[0]=00000000000000000000000000000000, sa_flags=none
SIGUSR2: [libjvm.so+0x840c60], sa_mask[0]=00100000000000000000000000000000, sa_flags=SA_RESTART|SA_SIGINFO
SIGHUP: [libjvm.so+0x840e50], sa_mask[0]=11111111011111111101111111111110, sa_flags=SA_RESTART|SA_SIGINFO
SIGINT: [libjvm.so+0x840e50], sa_mask[0]=11111111011111111101111111111110, sa_flags=SA_RESTART|SA_SIGINFO
SIGTERM: [libjvm.so+0x840e50], sa_mask[0]=11111111011111111101111111111110, sa_flags=SA_RESTART|SA_SIGINFO
SIGQUIT: [libjvm.so+0x840e50], sa_mask[0]=11111111011111111101111111111110, sa_flags=SA_RESTART|SA_SIGINFO


---------------  S Y S T E M  ---------------

OS:DISTRIB_ID=Ubuntu
DISTRIB_RELEASE=14.04
DISTRIB_CODENAME=trusty
DISTRIB_DESCRIPTION="Ubuntu 14.04.4 LTS"

uname:Linux 4.2.0-42-generic #49~14.04.1-Ubuntu SMP Wed Jun 29 20:22:11 UTC 2016 x86_64
libc:glibc 2.19 NPTL 2.19 
rlimit: STACK 8192k, CORE 0k, NPROC 31428, NOFILE 4096, AS infinity
load average:3.19 1.37 0.84

/proc/meminfo:
MemTotal:        8067160 kB
MemFree:          154548 kB
MemAvailable:     290036 kB
Buffers:           63596 kB
Cached:           631408 kB
SwapCached:            0 kB
Active:          7207244 kB
Inactive:         518516 kB
Active(anon):    7069448 kB
Inactive(anon):   381008 kB
Active(file):     137796 kB
Inactive(file):   137508 kB
Unevictable:          32 kB
Mlocked:              32 kB
SwapTotal:             0 kB
SwapFree:              0 kB
Dirty:             13672 kB
Writeback:             0 kB
AnonPages:       7030848 kB
Mapped:           229100 kB
Shmem:            419664 kB
Slab:              91532 kB
SReclaimable:      58252 kB
SUnreclaim:        33280 kB
KernelStack:       10256 kB
PageTables:        46708 kB
NFS_Unstable:          0 kB
Bounce:                0 kB
WritebackTmp:          0 kB
CommitLimit:     4033580 kB
Committed_AS:   11004240 kB
VmallocTotal:   34359738367 kB
VmallocUsed:      354564 kB
VmallocChunk:   34358947836 kB
HardwareCorrupted:     0 kB
AnonHugePages:   4661248 kB
CmaTotal:              0 kB
CmaFree:               0 kB
HugePages_Total:       0
HugePages_Free:        0
HugePages_Rsvd:        0
HugePages_Surp:        0
Hugepagesize:       2048 kB
DirectMap4k:      129476 kB
DirectMap2M:     8151040 kB


CPU:total 4 (2 cores per cpu, 2 threads per core) family 6 model 42 stepping 7, cmov, cx8, fxsr, mmx, sse, sse2, sse3, ssse3, sse4.1, sse4.2, popcnt, avx, clmul, ht, tsc, tscinvbit

/proc/cpuinfo:
processor	: 0
vendor_id	: GenuineIntel
cpu family	: 6
model		: 42
model name	: Intel(R) Core(TM) i3-2120 CPU @ 3.30GHz
stepping	: 7
microcode	: 0x28
cpu MHz		: 3300.000
cache size	: 3072 KB
physical id	: 0
siblings	: 4
core id		: 0
cpu cores	: 2
apicid		: 0
initial apicid	: 0
fpu		: yes
fpu_exception	: yes
cpuid level	: 13
wp		: yes
flags		: fpu vme de pse tsc msr pae mce cx8 apic sep mtrr pge mca cmov pat pse36 clflush dts acpi mmx fxsr sse sse2 ss ht tm pbe syscall nx rdtscp lm constant_tsc arch_perfmon pebs bts rep_good nopl xtopology nonstop_tsc aperfmperf eagerfpu pni pclmulqdq dtes64 monitor ds_cpl vmx est tm2 ssse3 cx16 xtpr pdcm pcid sse4_1 sse4_2 popcnt tsc_deadline_timer xsave avx lahf_lm arat epb pln pts dtherm tpr_shadow vnmi flexpriority ept vpid xsaveopt
bugs		:
bogomips	: 6584.51
clflush size	: 64
cache_alignment	: 64
address sizes	: 36 bits physical, 48 bits virtual
power management:

processor	: 1
vendor_id	: GenuineIntel
cpu family	: 6
model		: 42
model name	: Intel(R) Core(TM) i3-2120 CPU @ 3.30GHz
stepping	: 7
microcode	: 0x28
cpu MHz		: 3299.871
cache size	: 3072 KB
physical id	: 0
siblings	: 4
core id		: 1
cpu cores	: 2
apicid		: 2
initial apicid	: 2
fpu		: yes
fpu_exception	: yes
cpuid level	: 13
wp		: yes
flags		: fpu vme de pse tsc msr pae mce cx8 apic sep mtrr pge mca cmov pat pse36 clflush dts acpi mmx fxsr sse sse2 ss ht tm pbe syscall nx rdtscp lm constant_tsc arch_perfmon pebs bts rep_good nopl xtopology nonstop_tsc aperfmperf eagerfpu pni pclmulqdq dtes64 monitor ds_cpl vmx est tm2 ssse3 cx16 xtpr pdcm pcid sse4_1 sse4_2 popcnt tsc_deadline_timer xsave avx lahf_lm arat epb pln pts dtherm tpr_shadow vnmi flexpriority ept vpid xsaveopt
bugs		:
bogomips	: 6584.51
clflush size	: 64
cache_alignment	: 64
address sizes	: 36 bits physical, 48 bits virtual
power management:

processor	: 2
vendor_id	: GenuineIntel
cpu family	: 6
model		: 42
model name	: Intel(R) Core(TM) i3-2120 CPU @ 3.30GHz
stepping	: 7
microcode	: 0x28
cpu MHz		: 3300.000
cache size	: 3072 KB
physical id	: 0
siblings	: 4
core id		: 0
cpu cores	: 2
apicid		: 1
initial apicid	: 1
fpu		: yes
fpu_exception	: yes
cpuid level	: 13
wp		: yes
flags		: fpu vme de pse tsc msr pae mce cx8 apic sep mtrr pge mca cmov pat pse36 clflush dts acpi mmx fxsr sse sse2 ss ht tm pbe syscall nx rdtscp lm constant_tsc arch_perfmon pebs bts rep_good nopl xtopology nonstop_tsc aperfmperf eagerfpu pni pclmulqdq dtes64 monitor ds_cpl vmx est tm2 ssse3 cx16 xtpr pdcm pcid sse4_1 sse4_2 popcnt tsc_deadline_timer xsave avx lahf_lm arat epb pln pts dtherm tpr_shadow vnmi flexpriority ept vpid xsaveopt
bugs		:
bogomips	: 6584.51
clflush size	: 64
cache_alignment	: 64
address sizes	: 36 bits physical, 48 bits virtual
power management:

processor	: 3
vendor_id	: GenuineIntel
cpu family	: 6
model		: 42
model name	: Intel(R) Core(TM) i3-2120 CPU @ 3.30GHz
stepping	: 7
microcode	: 0x28
cpu MHz		: 3300.000
cache size	: 3072 KB
physical id	: 0
siblings	: 4
core id		: 1
cpu cores	: 2
apicid		: 3
initial apicid	: 3
fpu		: yes
fpu_exception	: yes
cpuid level	: 13
wp		: yes
flags		: fpu vme de pse tsc msr pae mce cx8 apic sep mtrr pge mca cmov pat pse36 clflush dts acpi mmx fxsr sse sse2 ss ht tm pbe syscall nx rdtscp lm constant_tsc arch_perfmon pebs bts rep_good nopl xtopology nonstop_tsc aperfmperf eagerfpu pni pclmulqdq dtes64 monitor ds_cpl vmx est tm2 ssse3 cx16 xtpr pdcm pcid sse4_1 sse4_2 popcnt tsc_deadline_timer xsave avx lahf_lm arat epb pln pts dtherm tpr_shadow vnmi flexpriority ept vpid xsaveopt
bugs		:
bogomips	: 6584.51
clflush size	: 64
cache_alignment	: 64
address sizes	: 36 bits physical, 48 bits virtual
power management:



Memory: 4k page, physical 8067160k(154548k free), swap 0k(0k free)

vm_info: OpenJDK 64-Bit Server VM (25.76-b03) for linux-amd64 JRE (1.8.0_76-release-b03), built on Jun 29 2016 09:39:19 by "builder" with gcc 4.8.4

time: Tue May 16 18:44:36 2017
elapsed time: 37 seconds (0d 0h 0m 37s)

