#
# There is insufficient memory for the Java Runtime Environment to continue.
# Native memory allocation (mmap) failed to map 351272960 bytes for committing reserved memory.
# Possible reasons:
#   The system is out of physical RAM or swap space
#   In 32 bit mode, the process size limit was hit
# Possible solutions:
#   Reduce memory load on the system
#   Increase physical memory or swap space
#   Check if swap backing store is full
#   Use 64 bit Java on a 64 bit OS
#   Decrease Java heap size (-Xmx/-Xms)
#   Decrease number of Java threads
#   Decrease Java thread stack sizes (-Xss)
#   Set larger code cache with -XX:ReservedCodeCacheSize=
# This output file may be truncated or incomplete.
#
#  Out of Memory Error (os_linux.cpp:2627), pid=6785, tid=0x00007f081ef23700
#
# JRE version: OpenJDK Runtime Environment (8.0_76-b03) (build 1.8.0_76-release-b03)
# Java VM: OpenJDK 64-Bit Server VM (25.76-b03 mixed mode linux-amd64 compressed oops)
# Failed to write core dump. Core dumps have been disabled. To enable core dumping, try "ulimit -c unlimited" before starting Java again
#

---------------  T H R E A D  ---------------

Current thread (0x00007f0834078000):  VMThread [stack: 0x00007f081ee23000,0x00007f081ef24000] [id=6795]

Stack: [0x00007f081ee23000,0x00007f081ef24000],  sp=0x00007f081ef22490,  free space=1021k
Native frames: (J=compiled Java code, j=interpreted, Vv=VM code, C=native code)
V  [libjvm.so+0x9d9fcd]  VMError::report_and_die()+0x15d
V  [libjvm.so+0x4b4d4a]  report_vm_out_of_memory(char const*, int, unsigned long, VMErrorType, char const*)+0x8a
V  [libjvm.so+0x845190]  os::pd_commit_memory(char*, unsigned long, unsigned long, bool)+0xf0
V  [libjvm.so+0x83fcbf]  os::commit_memory(char*, unsigned long, unsigned long, bool)+0x1f
V  [libjvm.so+0x8b4d9b]  PSVirtualSpace::expand_by(unsigned long)+0x5b
V  [libjvm.so+0x8a5b7b]  PSOldGen::expand_by(unsigned long) [clone .part.109]+0x1b
V  [libjvm.so+0x8a5d3b]  PSOldGen::expand(unsigned long) [clone .part.111]+0xdb
V  [libjvm.so+0x8a6618]  PSOldGen::resize(unsigned long)+0x188
V  [libjvm.so+0x8abc2c]  PSParallelCompact::invoke_no_policy(bool)+0x97c
V  [libjvm.so+0x8b2d3d]  PSScavenge::invoke()+0x17d
V  [libjvm.so+0x8681f3]  ParallelScavengeHeap::failed_mem_allocate(unsigned long)+0x63
V  [libjvm.so+0x9dba94]  VM_ParallelGCFailedAllocation::doit()+0x84
V  [libjvm.so+0x9dfe47]  VM_Operation::evaluate()+0x47
V  [libjvm.so+0x9de908]  VMThread::evaluate_operation(VM_Operation*)+0x2c8
V  [libjvm.so+0x9ded89]  VMThread::loop()+0x219
V  [libjvm.so+0x9df1d2]  VMThread::run()+0x72
V  [libjvm.so+0x8425b2]  java_start(Thread*)+0xf2

VM_Operation (0x00007f081de21e30): ParallelGCFailedAllocation, mode: safepoint, requested by thread 0x00007f0834181000


---------------  P R O C E S S  ---------------

Java Threads: ( => current thread )
  0x00007f08342fa000 JavaThread "pool-1-thread-1" [_thread_blocked, id=6813, stack(0x00007f081d81e000,0x00007f081d91f000)]
  0x00007f0834188000 JavaThread "pool-2-thread-4" [_thread_blocked, id=6808, stack(0x00007f081d91f000,0x00007f081da20000)]
  0x00007f0834186000 JavaThread "pool-2-thread-3" [_thread_blocked, id=6807, stack(0x00007f081da20000,0x00007f081db21000)]
  0x00007f0834184800 JavaThread "pool-2-thread-2" [_thread_blocked, id=6806, stack(0x00007f081db21000,0x00007f081dc22000)]
  0x00007f0834183800 JavaThread "pool-3-thread-1" [_thread_blocked, id=6805, stack(0x00007f081dc22000,0x00007f081dd23000)]
  0x00007f0834181000 JavaThread "pool-2-thread-1" [_thread_blocked, id=6804, stack(0x00007f081dd23000,0x00007f081de24000)]
  0x00007f08340c8000 JavaThread "Service Thread" daemon [_thread_blocked, id=6802, stack(0x00007f081e03a000,0x00007f081e13b000)]
  0x00007f08340bc800 JavaThread "C1 CompilerThread2" daemon [_thread_blocked, id=6801, stack(0x00007f081e13b000,0x00007f081e23c000)]
  0x00007f08340bb000 JavaThread "C2 CompilerThread1" daemon [_thread_in_native, id=6800, stack(0x00007f081e23c000,0x00007f081e33d000)]
  0x00007f08340b8000 JavaThread "C2 CompilerThread0" daemon [_thread_blocked, id=6799, stack(0x00007f081e33d000,0x00007f081e43e000)]
  0x00007f08340b6800 JavaThread "Signal Dispatcher" daemon [_thread_blocked, id=6798, stack(0x00007f081e43e000,0x00007f081e53f000)]
  0x00007f0834084000 JavaThread "Finalizer" daemon [_thread_blocked, id=6797, stack(0x00007f081ec21000,0x00007f081ed22000)]
  0x00007f083407f800 JavaThread "Reference Handler" daemon [_thread_blocked, id=6796, stack(0x00007f081ed22000,0x00007f081ee23000)]
  0x00007f083400a800 JavaThread "main" [_thread_blocked, id=6790, stack(0x00007f083c445000,0x00007f083c546000)]

Other Threads:
=>0x00007f0834078000 VMThread [stack: 0x00007f081ee23000,0x00007f081ef24000] [id=6795]
  0x00007f08340ca800 WatcherThread [stack: 0x00007f081df39000,0x00007f081e03a000] [id=6803]

VM state:at safepoint (normal execution)

VM Mutex/Monitor currently owned by a thread:  ([mutex/lock_event])
[0x00007f08340063a0] ExpandHeap_lock - owner thread: 0x00007f0834078000
[0x00007f0834006a20] Threads_lock - owner thread: 0x00007f0834078000
[0x00007f0834006f20] Heap_lock - owner thread: 0x00007f0834181000

Heap:
 PSYoungGen      total 971264K, used 144507K [0x000000076ab00000, 0x00000007c0000000, 0x00000007c0000000)
  eden space 684032K, 0% used [0x000000076ab00000,0x000000076ab00000,0x0000000794700000)
  from space 287232K, 50% used [0x00000007ae780000,0x00000007b749ef18,0x00000007c0000000)
  to   space 356864K, 0% used [0x0000000794700000,0x0000000794700000,0x00000007aa380000)
 ParOldGen       total 743424K, used 743267K [0x00000006c0000000, 0x00000006ed600000, 0x000000076ab00000)
  object space 743424K, 99% used [0x00000006c0000000,0x00000006ed5d8c88,0x00000006ed600000)
 Metaspace       used 6702K, capacity 7410K, committed 7552K, reserved 1056768K
  class space    used 603K, capacity 618K, committed 640K, reserved 1048576K

Card table byte_map: [0x00007f0838aef000,0x00007f08392f0000] byte_map_base: 0x00007f08354ef000

Marking Bits: (ParMarkBitMap*) 0x00007f083b9191a0
 Begin Bits: [0x00007f0800000000, 0x00007f0804000000)
 End Bits:   [0x00007f0804000000, 0x00007f0808000000)

Polling page: 0x00007f083c563000

CodeCache: size=245760Kb used=12024Kb max_used=15645Kb free=233735Kb
 bounds [0x00007f0825000000, 0x00007f0825f90000, 0x00007f0834000000]
 total_blobs=2694 nmethods=2426 adapters=182
 compilation: enabled

Compilation events (10 events):
Event: 28.768 Thread 0x00007f08340b8000 nmethod 2945 0x00007f08251cc850 code [0x00007f08251cca00, 0x00007f08251cce68]
Event: 28.768 Thread 0x00007f08340b8000 3190       4       com.android.dx.rop.code.BasicBlock::getLastInsn (8 bytes)
Event: 28.769 Thread 0x00007f08340b8000 nmethod 3190 0x00007f08252ed410 code [0x00007f08252ed560, 0x00007f08252ed678]
Event: 28.769 Thread 0x00007f08340b8000 3134       4       com.android.dx.rop.type.Type::compareTo (12 bytes)
Event: 28.770 Thread 0x00007f08340b8000 nmethod 3134 0x00007f082599a710 code [0x00007f082599a860, 0x00007f082599a9d8]
Event: 28.770 Thread 0x00007f08340b8000 3051       4       com.android.dx.cf.code.ConcreteMethod::makeSourcePosistion (21 bytes)
Event: 28.776 Thread 0x00007f08340b8000 nmethod 3051 0x00007f08254adb90 code [0x00007f08254add00, 0x00007f08254ae0d8]
Event: 28.777 Thread 0x00007f08340b8000 3309   !   4       java.util.zip.ZipFile$ZipFileInputStream::close (110 bytes)
Event: 28.788 Thread 0x00007f08340b8000 nmethod 3309 0x00007f0825231350 code [0x00007f0825231500, 0x00007f0825231e18]
Event: 28.788 Thread 0x00007f08340b8000 2971       4       com.android.dx.ssa.back.FirstFitLocalCombiningAllocator::findNextUnreservedRopReg (12 bytes)

GC Heap History (10 events):
Event: 20.641 GC heap after
Heap after GC invocations=18 (full 4):
 PSYoungGen      total 863232K, used 142563K [0x000000076ab00000, 0x00000007b6500000, 0x00000007c0000000)
  eden space 684544K, 0% used [0x000000076ab00000,0x000000076ab00000,0x0000000794780000)
  from space 178688K, 79% used [0x00000007a3700000,0x00000007ac238df8,0x00000007ae580000)
  to   space 245248K, 0% used [0x0000000794780000,0x0000000794780000,0x00000007a3700000)
 ParOldGen       total 743424K, used 471996K [0x00000006c0000000, 0x00000006ed600000, 0x000000076ab00000)
  object space 743424K, 63% used [0x00000006c0000000,0x00000006dccef2b0,0x00000006ed600000)
 Metaspace       used 6569K, capacity 7280K, committed 7552K, reserved 1056768K
  class space    used 596K, capacity 616K, committed 640K, reserved 1048576K
}
Event: 22.818 GC heap before
{Heap before GC invocations=19 (full 4):
 PSYoungGen      total 863232K, used 827107K [0x000000076ab00000, 0x00000007b6500000, 0x00000007c0000000)
  eden space 684544K, 100% used [0x000000076ab00000,0x0000000794780000,0x0000000794780000)
  from space 178688K, 79% used [0x00000007a3700000,0x00000007ac238df8,0x00000007ae580000)
  to   space 245248K, 0% used [0x0000000794780000,0x0000000794780000,0x00000007a3700000)
 ParOldGen       total 743424K, used 471996K [0x00000006c0000000, 0x00000006ed600000, 0x000000076ab00000)
  object space 743424K, 63% used [0x00000006c0000000,0x00000006dccef2b0,0x00000006ed600000)
 Metaspace       used 6569K, capacity 7280K, committed 7552K, reserved 1056768K
  class space    used 596K, capacity 616K, committed 640K, reserved 1048576K
Event: 23.098 GC heap after
Heap after GC invocations=19 (full 4):
 PSYoungGen      total 929792K, used 187442K [0x000000076ab00000, 0x00000007bb800000, 0x00000007c0000000)
  eden space 684544K, 0% used [0x000000076ab00000,0x000000076ab00000,0x0000000794780000)
  from space 245248K, 76% used [0x0000000794780000,0x000000079fe8ca18,0x00000007a3700000)
  to   space 267264K, 0% used [0x00000007ab300000,0x00000007ab300000,0x00000007bb800000)
 ParOldGen       total 743424K, used 594998K [0x00000006c0000000, 0x00000006ed600000, 0x000000076ab00000)
  object space 743424K, 80% used [0x00000006c0000000,0x00000006e450db00,0x00000006ed600000)
 Metaspace       used 6569K, capacity 7280K, committed 7552K, reserved 1056768K
  class space    used 596K, capacity 616K, committed 640K, reserved 1048576K
}
Event: 24.808 GC heap before
{Heap before GC invocations=20 (full 4):
 PSYoungGen      total 929792K, used 871986K [0x000000076ab00000, 0x00000007bb800000, 0x00000007c0000000)
  eden space 684544K, 100% used [0x000000076ab00000,0x0000000794780000,0x0000000794780000)
  from space 245248K, 76% used [0x0000000794780000,0x000000079fe8ca18,0x00000007a3700000)
  to   space 267264K, 0% used [0x00000007ab300000,0x00000007ab300000,0x00000007bb800000)
 ParOldGen       total 743424K, used 594998K [0x00000006c0000000, 0x00000006ed600000, 0x000000076ab00000)
  object space 743424K, 80% used [0x00000006c0000000,0x00000006e450db00,0x00000006ed600000)
 Metaspace       used 6571K, capacity 7280K, committed 7552K, reserved 1056768K
  class space    used 596K, capacity 616K, committed 640K, reserved 1048576K
Event: 24.911 GC heap after
Heap after GC invocations=20 (full 4):
 PSYoungGen      total 1017856K, used 106136K [0x000000076ab00000, 0x00000007b9880000, 0x00000007c0000000)
  eden space 782848K, 0% used [0x000000076ab00000,0x000000076ab00000,0x000000079a780000)
  from space 235008K, 45% used [0x00000007ab300000,0x00000007b1aa6190,0x00000007b9880000)
  to   space 254464K, 0% used [0x000000079a780000,0x000000079a780000,0x00000007aa000000)
 ParOldGen       total 743424K, used 594998K [0x00000006c0000000, 0x00000006ed600000, 0x000000076ab00000)
  object space 743424K, 80% used [0x00000006c0000000,0x00000006e450db00,0x00000006ed600000)
 Metaspace       used 6571K, capacity 7280K, committed 7552K, reserved 1056768K
  class space    used 596K, capacity 616K, committed 640K, reserved 1048576K
}
Event: 26.573 GC heap before
{Heap before GC invocations=21 (full 4):
 PSYoungGen      total 1017856K, used 888984K [0x000000076ab00000, 0x00000007b9880000, 0x00000007c0000000)
  eden space 782848K, 100% used [0x000000076ab00000,0x000000079a780000,0x000000079a780000)
  from space 235008K, 45% used [0x00000007ab300000,0x00000007b1aa6190,0x00000007b9880000)
  to   space 254464K, 0% used [0x000000079a780000,0x000000079a780000,0x00000007aa000000)
 ParOldGen       total 743424K, used 594998K [0x00000006c0000000, 0x00000006ed600000, 0x000000076ab00000)
  object space 743424K, 80% used [0x00000006c0000000,0x00000006e450db00,0x00000006ed600000)
 Metaspace       used 6574K, capacity 7280K, committed 7552K, reserved 1056768K
  class space    used 596K, capacity 616K, committed 640K, reserved 1048576K
Event: 26.799 GC heap after
Heap after GC invocations=21 (full 4):
 PSYoungGen      total 1037312K, used 227070K [0x000000076ab00000, 0x00000007c0000000, 0x00000007c0000000)
  eden space 782848K, 0% used [0x000000076ab00000,0x000000076ab00000,0x000000079a780000)
  from space 254464K, 89% used [0x000000079a780000,0x00000007a853f840,0x00000007aa000000)
  to   space 287232K, 0% used [0x00000007ae780000,0x00000007ae780000,0x00000007c0000000)
 ParOldGen       total 743424K, used 594998K [0x00000006c0000000, 0x00000006ed600000, 0x000000076ab00000)
  object space 743424K, 80% used [0x00000006c0000000,0x00000006e450db00,0x00000006ed600000)
 Metaspace       used 6574K, capacity 7280K, committed 7552K, reserved 1056768K
  class space    used 596K, capacity 616K, committed 640K, reserved 1048576K
}
Event: 28.790 GC heap before
{Heap before GC invocations=22 (full 4):
 PSYoungGen      total 1037312K, used 1009918K [0x000000076ab00000, 0x00000007c0000000, 0x00000007c0000000)
  eden space 782848K, 100% used [0x000000076ab00000,0x000000079a780000,0x000000079a780000)
  from space 254464K, 89% used [0x000000079a780000,0x00000007a853f840,0x00000007aa000000)
  to   space 287232K, 0% used [0x00000007ae780000,0x00000007ae780000,0x00000007c0000000)
 ParOldGen       total 743424K, used 594998K [0x00000006c0000000, 0x00000006ed600000, 0x000000076ab00000)
  object space 743424K, 80% used [0x00000006c0000000,0x00000006e450db00,0x00000006ed600000)
 Metaspace       used 6702K, capacity 7410K, committed 7552K, reserved 1056768K
  class space    used 603K, capacity 618K, committed 640K, reserved 1048576K
Event: 29.270 GC heap after
Heap after GC invocations=22 (full 4):
 PSYoungGen      total 971264K, used 287219K [0x000000076ab00000, 0x00000007c0000000, 0x00000007c0000000)
  eden space 684032K, 0% used [0x000000076ab00000,0x000000076ab00000,0x0000000794700000)
  from space 287232K, 99% used [0x00000007ae780000,0x00000007bfffcee0,0x00000007c0000000)
  to   space 356864K, 0% used [0x0000000794700000,0x0000000794700000,0x00000007aa380000)
 ParOldGen       total 743424K, used 653255K [0x00000006c0000000, 0x00000006ed600000, 0x000000076ab00000)
  object space 743424K, 87% used [0x00000006c0000000,0x00000006e7df1ea0,0x00000006ed600000)
 Metaspace       used 6702K, capacity 7410K, committed 7552K, reserved 1056768K
  class space    used 603K, capacity 618K, committed 640K, reserved 1048576K
}
Event: 29.270 GC heap before
{Heap before GC invocations=23 (full 5):
 PSYoungGen      total 971264K, used 287219K [0x000000076ab00000, 0x00000007c0000000, 0x00000007c0000000)
  eden space 684032K, 0% used [0x000000076ab00000,0x000000076ab00000,0x0000000794700000)
  from space 287232K, 99% used [0x00000007ae780000,0x00000007bfffcee0,0x00000007c0000000)
  to   space 356864K, 0% used [0x0000000794700000,0x0000000794700000,0x00000007aa380000)
 ParOldGen       total 743424K, used 653255K [0x00000006c0000000, 0x00000006ed600000, 0x000000076ab00000)
  object space 743424K, 87% used [0x00000006c0000000,0x00000006e7df1ea0,0x00000006ed600000)
 Metaspace       used 6702K, capacity 7410K, committed 7552K, reserved 1056768K
  class space    used 603K, capacity 618K, committed 640K, reserved 1048576K

Deoptimization events (10 events):
Event: 26.542 Thread 0x00007f0834188000 Uncommon trap: reason=unstable_if action=reinterpret pc=0x00007f0825a9ce54 method=com.android.dx.cf.code.RopperMachine.updateReturnOp(Lcom/android/dx/rop/code/Rop;Lcom/android/dx/rop/code/SourcePosition;)V @ 106
Event: 26.871 Thread 0x00007f08342fa000 Uncommon trap: reason=class_check action=maybe_recompile pc=0x00007f0825c9f6dc method=java.util.Arrays.hashCode([Ljava/lang/Object;)I @ 43
Event: 26.871 Thread 0x00007f08342fa000 Uncommon trap: reason=class_check action=maybe_recompile pc=0x00007f0825c9f6dc method=java.util.Arrays.hashCode([Ljava/lang/Object;)I @ 43
Event: 26.871 Thread 0x00007f08342fa000 Uncommon trap: reason=class_check action=maybe_recompile pc=0x00007f0825c9f6dc method=java.util.Arrays.hashCode([Ljava/lang/Object;)I @ 43
Event: 26.871 Thread 0x00007f08342fa000 Uncommon trap: reason=class_check action=maybe_recompile pc=0x00007f0825c9f6dc method=java.util.Arrays.hashCode([Ljava/lang/Object;)I @ 43
Event: 26.871 Thread 0x00007f08342fa000 Uncommon trap: reason=class_check action=maybe_recompile pc=0x00007f08254457bc method=java.util.Arrays.hashCode([Ljava/lang/Object;)I @ 43
Event: 27.982 Thread 0x00007f0834184800 Uncommon trap: reason=unstable_if action=reinterpret pc=0x00007f0825cc5524 method=com.android.dx.cf.code.Ropper.processBlock(Lcom/android/dx/cf/code/ByteBlock;Lcom/android/dx/cf/code/Frame;[I)V @ 651
Event: 28.084 Thread 0x00007f08342fa000 Uncommon trap: reason=unstable_if action=reinterpret pc=0x00007f0825695784 method=com.android.dx.dex.code.OutputFinisher.addConstants(Ljava/util/HashSet;Lcom/android/dx/rop/code/RegisterSpec;)V @ 57
Event: 28.084 Thread 0x00007f08342fa000 Uncommon trap: reason=unstable_if action=reinterpret pc=0x00007f08252e8f20 method=com.android.dx.dex.code.OutputFinisher.addConstants(Ljava/util/HashSet;Lcom/android/dx/rop/code/RegisterSpec;)V @ 57
Event: 28.213 Thread 0x00007f08342fa000 Uncommon trap: reason=unstable_if action=reinterpret pc=0x00007f0825eb9930 method=com.android.dx.dex.file.ValueEncoder.addContents(Lcom/android/dx/dex/file/DexFile;Lcom/android/dx/rop/cst/Constant;)V @ 4

Internal exceptions (8 events):
Event: 0.014 Thread 0x00007f083400a800 Exception <a 'java/lang/NoSuchMethodError': Method sun.misc.Unsafe.defineClass(Ljava/lang/String;[BII)Ljava/lang/Class; name or signature does not match> (0x000000076ab07cc0) thrown at [/ssd/Android/AOSP-openjdk/external/jetbrains/jdk/hotspot/src/share/vm
Event: 0.014 Thread 0x00007f083400a800 Exception <a 'java/lang/NoSuchMethodError': Method sun.misc.Unsafe.prefetchRead(Ljava/lang/Object;J)V name or signature does not match> (0x000000076ab07fa8) thrown at [/ssd/Android/AOSP-openjdk/external/jetbrains/jdk/hotspot/src/share/vm/prims/jni.cpp, li
Event: 0.854 Thread 0x00007f0834184800 Implicit null exception at 0x00007f08252f62b3 to 0x00007f08252f8b45
Event: 1.006 Thread 0x00007f0834181000 Implicit null exception at 0x00007f0825362509 to 0x00007f0825364fdd
Event: 1.206 Thread 0x00007f0834184800 Implicit null exception at 0x00007f082541aac6 to 0x00007f082541ac59
Event: 1.999 Thread 0x00007f0834184800 Exception <a 'java/lang/ArrayIndexOutOfBoundsException': 18> (0x0000000770116290) thrown at [/ssd/Android/AOSP-openjdk/external/jetbrains/jdk/hotspot/src/share/vm/interpreter/interpreterRuntime.cpp, line 366]
Event: 2.000 Thread 0x00007f0834184800 Exception <a 'java/lang/ArrayIndexOutOfBoundsException': 145> (0x0000000770117e10) thrown at [/ssd/Android/AOSP-openjdk/external/jetbrains/jdk/hotspot/src/share/vm/interpreter/interpreterRuntime.cpp, line 366]
Event: 2.001 Thread 0x00007f0834184800 Exception <a 'java/lang/ArrayIndexOutOfBoundsException'> (0x00000007701190f8) thrown at [/ssd/Android/AOSP-openjdk/external/jetbrains/jdk/hotspot/src/share/vm/runtime/sharedRuntime.cpp, line 605]

Events (10 events):
Event: 28.632 Thread 0x00007f0834184800 DEOPT UNPACKING pc=0x00007f0825047373 sp=0x00007f081dc1ff50 mode 0
Event: 28.660 Thread 0x00007f0834188000 DEOPT PACKING pc=0x00007f082538d80e sp=0x00007f081da1df20
Event: 28.660 Thread 0x00007f0834188000 DEOPT UNPACKING pc=0x00007f0825047373 sp=0x00007f081da1dca8 mode 0
Event: 28.685 Thread 0x00007f0834181000 DEOPT PACKING pc=0x00007f082532a3c3 sp=0x00007f081de221c0
Event: 28.685 Thread 0x00007f0834181000 DEOPT UNPACKING pc=0x00007f0825047373 sp=0x00007f081de21f50 mode 0
Event: 28.743 Thread 0x00007f0834188000 DEOPT PACKING pc=0x00007f082538d80e sp=0x00007f081da1df20
Event: 28.743 Thread 0x00007f0834188000 DEOPT UNPACKING pc=0x00007f0825047373 sp=0x00007f081da1dca8 mode 0
Event: 28.759 Thread 0x00007f0834181000 DEOPT PACKING pc=0x00007f082532a3c3 sp=0x00007f081de22110
Event: 28.759 Thread 0x00007f0834181000 DEOPT UNPACKING pc=0x00007f0825047373 sp=0x00007f081de21ea0 mode 0
Event: 28.789 Executing VM operation: ParallelGCFailedAllocation


Dynamic libraries:
00400000-00401000 r-xp 00000000 08:01 11419229                           /home/android/Documents/Studio_setup/android-studio/jre/bin/java
00600000-00601000 r--p 00000000 08:01 11419229                           /home/android/Documents/Studio_setup/android-studio/jre/bin/java
00601000-00602000 rw-p 00001000 08:01 11419229                           /home/android/Documents/Studio_setup/android-studio/jre/bin/java
006ef000-00710000 rw-p 00000000 00:00 0                                  [heap]
6c0000000-6ed600000 rw-p 00000000 00:00 0 
702500000-76ab00000 ---p 00000000 00:00 0 
76ab00000-7c0000000 rw-p 00000000 00:00 0 
7c0000000-7c00a0000 rw-p 00000000 00:00 0 
7c00a0000-800000000 ---p 00000000 00:00 0 
7f07c0000000-7f07c002a000 rw-p 00000000 00:00 0 
7f07c002a000-7f07c4000000 ---p 00000000 00:00 0 
7f07c8000000-7f07c8040000 rw-p 00000000 00:00 0 
7f07c8040000-7f07cc000000 ---p 00000000 00:00 0 
7f07cc000000-7f07cc037000 rw-p 00000000 00:00 0 
7f07cc037000-7f07d0000000 ---p 00000000 00:00 0 
7f07d0000000-7f07d0021000 rw-p 00000000 00:00 0 
7f07d0021000-7f07d4000000 ---p 00000000 00:00 0 
7f07d4000000-7f07d4036000 rw-p 00000000 00:00 0 
7f07d4036000-7f07d8000000 ---p 00000000 00:00 0 
7f07d8000000-7f07d8021000 rw-p 00000000 00:00 0 
7f07d8021000-7f07dc000000 ---p 00000000 00:00 0 
7f07dc000000-7f07dc057000 rw-p 00000000 00:00 0 
7f07dc057000-7f07e0000000 ---p 00000000 00:00 0 
7f07e0000000-7f07e0021000 rw-p 00000000 00:00 0 
7f07e0021000-7f07e4000000 ---p 00000000 00:00 0 
7f07e8000000-7f07e94ce000 rw-p 00000000 00:00 0 
7f07e94ce000-7f07ec000000 ---p 00000000 00:00 0 
7f07ec000000-7f07ec71d000 rw-p 00000000 00:00 0 
7f07ec71d000-7f07f0000000 ---p 00000000 00:00 0 
7f07f0000000-7f07f0021000 rw-p 00000000 00:00 0 
7f07f0021000-7f07f4000000 ---p 00000000 00:00 0 
7f07f4000000-7f07f5dc7000 rw-p 00000000 00:00 0 
7f07f5dc7000-7f07f8000000 ---p 00000000 00:00 0 
7f07f8000000-7f07f8021000 rw-p 00000000 00:00 0 
7f07f8021000-7f07fc000000 ---p 00000000 00:00 0 
7f07fc000000-7f07fc021000 rw-p 00000000 00:00 0 
7f07fc021000-7f0800000000 ---p 00000000 00:00 0 
7f0800000000-7f0808000000 rw-p 00000000 00:00 0 
7f0808000000-7f0808021000 rw-p 00000000 00:00 0 
7f0808021000-7f080c000000 ---p 00000000 00:00 0 
7f080c000000-7f080c297000 rw-p 00000000 00:00 0 
7f080c297000-7f0810000000 ---p 00000000 00:00 0 
7f0810000000-7f0810021000 rw-p 00000000 00:00 0 
7f0810021000-7f0814000000 ---p 00000000 00:00 0 
7f0818000000-7f0818021000 rw-p 00000000 00:00 0 
7f0818021000-7f081c000000 ---p 00000000 00:00 0 
7f081d81e000-7f081d821000 ---p 00000000 00:00 0 
7f081d821000-7f081d91f000 rw-p 00000000 00:00 0 
7f081d91f000-7f081d922000 ---p 00000000 00:00 0 
7f081d922000-7f081da20000 rw-p 00000000 00:00 0 
7f081da20000-7f081da23000 ---p 00000000 00:00 0 
7f081da23000-7f081db21000 rw-p 00000000 00:00 0 
7f081db21000-7f081db24000 ---p 00000000 00:00 0 
7f081db24000-7f081dc22000 rw-p 00000000 00:00 0 
7f081dc22000-7f081dc25000 ---p 00000000 00:00 0 
7f081dc25000-7f081dd23000 rw-p 00000000 00:00 0 
7f081dd23000-7f081dd26000 ---p 00000000 00:00 0 
7f081dd26000-7f081de24000 rw-p 00000000 00:00 0 
7f081de24000-7f081df39000 r--s 00b59000 08:01 272280                     /home/android/Documents/MXI Projects/Goal Keeper/BackUp/May/2/Goalkeeper/app/build/intermediates/transforms/jarMerging/debug/jars/1/1f/combined.jar
7f081df39000-7f081df3a000 ---p 00000000 00:00 0 
7f081df3a000-7f081e03a000 rw-p 00000000 00:00 0 
7f081e03a000-7f081e03d000 ---p 00000000 00:00 0 
7f081e03d000-7f081e13b000 rw-p 00000000 00:00 0 
7f081e13b000-7f081e13e000 ---p 00000000 00:00 0 
7f081e13e000-7f081e23c000 rw-p 00000000 00:00 0 
7f081e23c000-7f081e23f000 ---p 00000000 00:00 0 
7f081e23f000-7f081e33d000 rw-p 00000000 00:00 0 
7f081e33d000-7f081e340000 ---p 00000000 00:00 0 
7f081e340000-7f081e43e000 rw-p 00000000 00:00 0 
7f081e43e000-7f081e441000 ---p 00000000 00:00 0 
7f081e441000-7f081e53f000 rw-p 00000000 00:00 0 
7f081e53f000-7f081ec21000 r--p 00000000 08:01 8133439                    /usr/lib/locale/locale-archive
7f081ec21000-7f081ec24000 ---p 00000000 00:00 0 
7f081ec24000-7f081ed22000 rw-p 00000000 00:00 0 
7f081ed22000-7f081ed25000 ---p 00000000 00:00 0 
7f081ed25000-7f081ee23000 rw-p 00000000 00:00 0 
7f081ee23000-7f081ee24000 ---p 00000000 00:00 0 
7f081ee24000-7f081fe33000 rw-p 00000000 00:00 0 
7f081fe33000-7f0820000000 r--s 03bec000 08:01 11806854                   /home/android/Documents/Studio_setup/android-studio/jre/jre/lib/rt.jar
7f0820000000-7f0820021000 rw-p 00000000 00:00 0 
7f0820021000-7f0824000000 ---p 00000000 00:00 0 
7f0824000000-7f08246c0000 rw-p 00000000 00:00 0 
7f08246c0000-7f0824800000 ---p 00000000 00:00 0 
7f0824800000-7f0825000000 rw-p 00000000 00:00 0 
7f0825000000-7f0825f90000 rwxp 00000000 00:00 0 
7f0825f90000-7f0834000000 ---p 00000000 00:00 0 
7f0834000000-7f08343b5000 rw-p 00000000 00:00 0 
7f08343b5000-7f0838000000 ---p 00000000 00:00 0 
7f083802d000-7f0838195000 rw-p 00000000 00:00 0 
7f0838195000-7f0838196000 ---p 00000000 00:00 0 
7f0838196000-7f0838296000 rw-p 00000000 00:00 0 
7f0838296000-7f0838297000 ---p 00000000 00:00 0 
7f0838297000-7f0838397000 rw-p 00000000 00:00 0 
7f0838397000-7f0838398000 ---p 00000000 00:00 0 
7f0838398000-7f0838498000 rw-p 00000000 00:00 0 
7f0838498000-7f0838499000 ---p 00000000 00:00 0 
7f0838499000-7f0838704000 rw-p 00000000 00:00 0 
7f0838704000-7f0838aef000 ---p 00000000 00:00 0 
7f0838aef000-7f0838c5a000 rw-p 00000000 00:00 0 
7f0838c5a000-7f0839044000 ---p 00000000 00:00 0 
7f0839044000-7f08392ef000 rw-p 00000000 00:00 0 
7f08392ef000-7f083932f000 rw-p 00000000 00:00 0 
7f083932f000-7f08396b0000 ---p 00000000 00:00 0 
7f08396b0000-7f08396ca000 r-xp 00000000 08:01 11806878                   /home/android/Documents/Studio_setup/android-studio/jre/jre/lib/amd64/libzip.so
7f08396ca000-7f08398ca000 ---p 0001a000 08:01 11806878                   /home/android/Documents/Studio_setup/android-studio/jre/jre/lib/amd64/libzip.so
7f08398ca000-7f08398cb000 r--p 0001a000 08:01 11806878                   /home/android/Documents/Studio_setup/android-studio/jre/jre/lib/amd64/libzip.so
7f08398cb000-7f08398cc000 rw-p 0001b000 08:01 11806878                   /home/android/Documents/Studio_setup/android-studio/jre/jre/lib/amd64/libzip.so
7f08398cc000-7f08398d6000 r-xp 00000000 08:01 6954087                    /lib/x86_64-linux-gnu/libnss_files-2.19.so
7f08398d6000-7f0839ad5000 ---p 0000a000 08:01 6954087                    /lib/x86_64-linux-gnu/libnss_files-2.19.so
7f0839ad5000-7f0839ad6000 r--p 00009000 08:01 6954087                    /lib/x86_64-linux-gnu/libnss_files-2.19.so
7f0839ad6000-7f0839ad7000 rw-p 0000a000 08:01 6954087                    /lib/x86_64-linux-gnu/libnss_files-2.19.so
7f0839ad7000-7f0839ae2000 r-xp 00000000 08:01 6954079                    /lib/x86_64-linux-gnu/libnss_nis-2.19.so
7f0839ae2000-7f0839ce1000 ---p 0000b000 08:01 6954079                    /lib/x86_64-linux-gnu/libnss_nis-2.19.so
7f0839ce1000-7f0839ce2000 r--p 0000a000 08:01 6954079                    /lib/x86_64-linux-gnu/libnss_nis-2.19.so
7f0839ce2000-7f0839ce3000 rw-p 0000b000 08:01 6954079                    /lib/x86_64-linux-gnu/libnss_nis-2.19.so
7f0839ce3000-7f0839cfa000 r-xp 00000000 08:01 6954075                    /lib/x86_64-linux-gnu/libnsl-2.19.so
7f0839cfa000-7f0839ef9000 ---p 00017000 08:01 6954075                    /lib/x86_64-linux-gnu/libnsl-2.19.so
7f0839ef9000-7f0839efa000 r--p 00016000 08:01 6954075                    /lib/x86_64-linux-gnu/libnsl-2.19.so
7f0839efa000-7f0839efb000 rw-p 00017000 08:01 6954075                    /lib/x86_64-linux-gnu/libnsl-2.19.so
7f0839efb000-7f0839efd000 rw-p 00000000 00:00 0 
7f0839efd000-7f0839f06000 r-xp 00000000 08:01 6954074                    /lib/x86_64-linux-gnu/libnss_compat-2.19.so
7f0839f06000-7f083a105000 ---p 00009000 08:01 6954074                    /lib/x86_64-linux-gnu/libnss_compat-2.19.so
7f083a105000-7f083a106000 r--p 00008000 08:01 6954074                    /lib/x86_64-linux-gnu/libnss_compat-2.19.so
7f083a106000-7f083a107000 rw-p 00009000 08:01 6954074                    /lib/x86_64-linux-gnu/libnss_compat-2.19.so
7f083a107000-7f083a134000 r-xp 00000000 08:01 11806888                   /home/android/Documents/Studio_setup/android-studio/jre/jre/lib/amd64/libjava.so
7f083a134000-7f083a333000 ---p 0002d000 08:01 11806888                   /home/android/Documents/Studio_setup/android-studio/jre/jre/lib/amd64/libjava.so
7f083a333000-7f083a334000 r--p 0002c000 08:01 11806888                   /home/android/Documents/Studio_setup/android-studio/jre/jre/lib/amd64/libjava.so
7f083a334000-7f083a336000 rw-p 0002d000 08:01 11806888                   /home/android/Documents/Studio_setup/android-studio/jre/jre/lib/amd64/libjava.so
7f083a336000-7f083a346000 r-xp 00000000 08:01 11806904                   /home/android/Documents/Studio_setup/android-studio/jre/jre/lib/amd64/libverify.so
7f083a346000-7f083a545000 ---p 00010000 08:01 11806904                   /home/android/Documents/Studio_setup/android-studio/jre/jre/lib/amd64/libverify.so
7f083a545000-7f083a547000 r--p 0000f000 08:01 11806904                   /home/android/Documents/Studio_setup/android-studio/jre/jre/lib/amd64/libverify.so
7f083a547000-7f083a548000 rw-p 00011000 08:01 11806904                   /home/android/Documents/Studio_setup/android-studio/jre/jre/lib/amd64/libverify.so
7f083a548000-7f083a54f000 r-xp 00000000 08:01 6954083                    /lib/x86_64-linux-gnu/librt-2.19.so
7f083a54f000-7f083a74e000 ---p 00007000 08:01 6954083                    /lib/x86_64-linux-gnu/librt-2.19.so
7f083a74e000-7f083a74f000 r--p 00006000 08:01 6954083                    /lib/x86_64-linux-gnu/librt-2.19.so
7f083a74f000-7f083a750000 rw-p 00007000 08:01 6954083                    /lib/x86_64-linux-gnu/librt-2.19.so
7f083a750000-7f083a855000 r-xp 00000000 08:01 6954069                    /lib/x86_64-linux-gnu/libm-2.19.so
7f083a855000-7f083aa54000 ---p 00105000 08:01 6954069                    /lib/x86_64-linux-gnu/libm-2.19.so
7f083aa54000-7f083aa55000 r--p 00104000 08:01 6954069                    /lib/x86_64-linux-gnu/libm-2.19.so
7f083aa55000-7f083aa56000 rw-p 00105000 08:01 6954069                    /lib/x86_64-linux-gnu/libm-2.19.so
7f083aa56000-7f083b63c000 r-xp 00000000 08:01 11806907                   /home/android/Documents/Studio_setup/android-studio/jre/jre/lib/amd64/server/libjvm.so
7f083b63c000-7f083b83c000 ---p 00be6000 08:01 11806907                   /home/android/Documents/Studio_setup/android-studio/jre/jre/lib/amd64/server/libjvm.so
7f083b83c000-7f083b8db000 r--p 00be6000 08:01 11806907                   /home/android/Documents/Studio_setup/android-studio/jre/jre/lib/amd64/server/libjvm.so
7f083b8db000-7f083b904000 rw-p 00c85000 08:01 11806907                   /home/android/Documents/Studio_setup/android-studio/jre/jre/lib/amd64/server/libjvm.so
7f083b904000-7f083b946000 rw-p 00000000 00:00 0 
7f083b946000-7f083b95f000 r-xp 00000000 08:01 6954076                    /lib/x86_64-linux-gnu/libpthread-2.19.so
7f083b95f000-7f083bb5e000 ---p 00019000 08:01 6954076                    /lib/x86_64-linux-gnu/libpthread-2.19.so
7f083bb5e000-7f083bb5f000 r--p 00018000 08:01 6954076                    /lib/x86_64-linux-gnu/libpthread-2.19.so
7f083bb5f000-7f083bb60000 rw-p 00019000 08:01 6954076                    /lib/x86_64-linux-gnu/libpthread-2.19.so
7f083bb60000-7f083bb64000 rw-p 00000000 00:00 0 
7f083bb64000-7f083bb67000 r-xp 00000000 08:01 6954071                    /lib/x86_64-linux-gnu/libdl-2.19.so
7f083bb67000-7f083bd66000 ---p 00003000 08:01 6954071                    /lib/x86_64-linux-gnu/libdl-2.19.so
7f083bd66000-7f083bd67000 r--p 00002000 08:01 6954071                    /lib/x86_64-linux-gnu/libdl-2.19.so
7f083bd67000-7f083bd68000 rw-p 00003000 08:01 6954071                    /lib/x86_64-linux-gnu/libdl-2.19.so
7f083bd68000-7f083bf22000 r-xp 00000000 08:01 6954084                    /lib/x86_64-linux-gnu/libc-2.19.so
7f083bf22000-7f083c122000 ---p 001ba000 08:01 6954084                    /lib/x86_64-linux-gnu/libc-2.19.so
7f083c122000-7f083c126000 r--p 001ba000 08:01 6954084                    /lib/x86_64-linux-gnu/libc-2.19.so
7f083c126000-7f083c128000 rw-p 001be000 08:01 6954084                    /lib/x86_64-linux-gnu/libc-2.19.so
7f083c128000-7f083c12d000 rw-p 00000000 00:00 0 
7f083c12d000-7f083c143000 r-xp 00000000 08:01 11409282                   /home/android/Documents/Studio_setup/android-studio/jre/lib/amd64/jli/libjli.so
7f083c143000-7f083c342000 ---p 00016000 08:01 11409282                   /home/android/Documents/Studio_setup/android-studio/jre/lib/amd64/jli/libjli.so
7f083c342000-7f083c343000 r--p 00015000 08:01 11409282                   /home/android/Documents/Studio_setup/android-studio/jre/lib/amd64/jli/libjli.so
7f083c343000-7f083c344000 rw-p 00016000 08:01 11409282                   /home/android/Documents/Studio_setup/android-studio/jre/lib/amd64/jli/libjli.so
7f083c344000-7f083c367000 r-xp 00000000 08:01 6954077                    /lib/x86_64-linux-gnu/ld-2.19.so
7f083c372000-7f083c445000 rw-p 00000000 00:00 0 
7f083c445000-7f083c448000 ---p 00000000 00:00 0 
7f083c448000-7f083c54b000 rw-p 00000000 00:00 0 
7f083c54b000-7f083c55a000 r--s 000df000 08:01 6295025                    /home/android/Android/Sdk/build-tools/23.0.2/lib/dx.jar
7f083c55a000-7f083c562000 rw-s 00000000 08:01 397128                     /tmp/hsperfdata_android/6785
7f083c562000-7f083c563000 rw-p 00000000 00:00 0 
7f083c563000-7f083c564000 ---p 00000000 00:00 0 
7f083c564000-7f083c566000 rw-p 00000000 00:00 0 
7f083c566000-7f083c567000 r--p 00022000 08:01 6954077                    /lib/x86_64-linux-gnu/ld-2.19.so
7f083c567000-7f083c568000 rw-p 00023000 08:01 6954077                    /lib/x86_64-linux-gnu/ld-2.19.so
7f083c568000-7f083c569000 rw-p 00000000 00:00 0 
7ffcc5f05000-7ffcc5f26000 rw-p 00000000 00:00 0                          [stack]
7ffcc5fc4000-7ffcc5fc6000 r--p 00000000 00:00 0                          [vvar]
7ffcc5fc6000-7ffcc5fc8000 r-xp 00000000 00:00 0                          [vdso]
ffffffffff600000-ffffffffff601000 r-xp 00000000 00:00 0                  [vsyscall]

VM Arguments:
jvm_args: -Djava.awt.headless=true -Xmx4g -Dfile.encoding=UTF-8 -Duser.country=IN -Duser.language=en -Duser.variant 
java_command: com.android.dx.command.Main --dex --num-threads=4 --multi-dex --main-dex-list /home/android/Documents/MXI Projects/Goal Keeper/BackUp/May/2/Goalkeeper/app/build/intermediates/multi-dex/debug/maindexlist.txt --output /home/android/Documents/MXI Projects/Goal Keeper/BackUp/May/2/Goalkeeper/app/build/intermediates/transforms/dex/debug/folders/1000/1f/main /home/android/Documents/MXI Projects/Goal Keeper/BackUp/May/2/Goalkeeper/app/build/intermediates/transforms/jarMerging/debug/jars/1/1f/combined.jar
java_class_path (initial): /home/android/Android/Sdk/build-tools/23.0.2/lib/dx.jar
Launcher Type: SUN_STANDARD

Environment Variables:
JAVA_HOME=/usr/lib/jvm/java-8-oracle
PATH=/usr/local/sbin:/usr/local/bin:/usr/sbin:/usr/bin:/sbin:/bin:/usr/games:/usr/local/games:/usr/lib/jvm/java-8-oracle/bin:/usr/lib/jvm/java-8-oracle/db/bin:/usr/lib/jvm/java-8-oracle/jre/bin
LD_LIBRARY_PATH=/home/android/Documents/Studio_setup/android-studio/bin:
SHELL=/bin/bash
DISPLAY=:0

Signal Handlers:
SIGSEGV: [libjvm.so+0x9daac0], sa_mask[0]=11111111011111111101111111111110, sa_flags=SA_RESTART|SA_SIGINFO
SIGBUS: [libjvm.so+0x9daac0], sa_mask[0]=11111111011111111101111111111110, sa_flags=SA_RESTART|SA_SIGINFO
SIGFPE: [libjvm.so+0x840d90], sa_mask[0]=11111111011111111101111111111110, sa_flags=SA_RESTART|SA_SIGINFO
SIGPIPE: [libjvm.so+0x840d90], sa_mask[0]=11111111011111111101111111111110, sa_flags=SA_RESTART|SA_SIGINFO
SIGXFSZ: [libjvm.so+0x840d90], sa_mask[0]=11111111011111111101111111111110, sa_flags=SA_RESTART|SA_SIGINFO
SIGILL: [libjvm.so+0x840d90], sa_mask[0]=11111111011111111101111111111110, sa_flags=SA_RESTART|SA_SIGINFO
SIGUSR1: SIG_DFL, sa_mask[0]=00000000000000000000000000000000, sa_flags=none
SIGUSR2: [libjvm.so+0x840c60], sa_mask[0]=00100000000000000000000000000000, sa_flags=SA_RESTART|SA_SIGINFO
SIGHUP: [libjvm.so+0x840e50], sa_mask[0]=11111111011111111101111111111110, sa_flags=SA_RESTART|SA_SIGINFO
SIGINT: [libjvm.so+0x840e50], sa_mask[0]=11111111011111111101111111111110, sa_flags=SA_RESTART|SA_SIGINFO
SIGTERM: [libjvm.so+0x840e50], sa_mask[0]=11111111011111111101111111111110, sa_flags=SA_RESTART|SA_SIGINFO
SIGQUIT: [libjvm.so+0x840e50], sa_mask[0]=11111111011111111101111111111110, sa_flags=SA_RESTART|SA_SIGINFO


---------------  S Y S T E M  ---------------

OS:DISTRIB_ID=Ubuntu
DISTRIB_RELEASE=14.04
DISTRIB_CODENAME=trusty
DISTRIB_DESCRIPTION="Ubuntu 14.04.4 LTS"

uname:Linux 4.2.0-42-generic #49~14.04.1-Ubuntu SMP Wed Jun 29 20:22:11 UTC 2016 x86_64
libc:glibc 2.19 NPTL 2.19 
rlimit: STACK 8192k, CORE 0k, NPROC 31428, NOFILE 4096, AS infinity
load average:3.31 2.44 1.72

/proc/meminfo:
MemTotal:        8067160 kB
MemFree:          145292 kB
MemAvailable:     209112 kB
Buffers:           58824 kB
Cached:           486596 kB
SwapCached:            0 kB
Active:          7372956 kB
Inactive:         376732 kB
Active(anon):    7242408 kB
Inactive(anon):   301032 kB
Active(file):     130548 kB
Inactive(file):    75700 kB
Unevictable:          32 kB
Mlocked:              32 kB
SwapTotal:             0 kB
SwapFree:              0 kB
Dirty:               352 kB
Writeback:             0 kB
AnonPages:       7204348 kB
Mapped:           177848 kB
Shmem:            339128 kB
Slab:              84080 kB
SReclaimable:      53028 kB
SUnreclaim:        31052 kB
KernelStack:        9648 kB
PageTables:        42304 kB
NFS_Unstable:          0 kB
Bounce:                0 kB
WritebackTmp:          0 kB
CommitLimit:     4033580 kB
Committed_AS:   10578544 kB
VmallocTotal:   34359738367 kB
VmallocUsed:      354520 kB
VmallocChunk:   34358947836 kB
HardwareCorrupted:     0 kB
AnonHugePages:   3938304 kB
CmaTotal:              0 kB
CmaFree:               0 kB
HugePages_Total:       0
HugePages_Free:        0
HugePages_Rsvd:        0
HugePages_Surp:        0
Hugepagesize:       2048 kB
DirectMap4k:      108996 kB
DirectMap2M:     8171520 kB


CPU:total 4 (2 cores per cpu, 2 threads per core) family 6 model 42 stepping 7, cmov, cx8, fxsr, mmx, sse, sse2, sse3, ssse3, sse4.1, sse4.2, popcnt, avx, clmul, ht, tsc, tscinvbit

/proc/cpuinfo:
processor	: 0
vendor_id	: GenuineIntel
cpu family	: 6
model		: 42
model name	: Intel(R) Core(TM) i3-2120 CPU @ 3.30GHz
stepping	: 7
microcode	: 0x28
cpu MHz		: 3299.871
cache size	: 3072 KB
physical id	: 0
siblings	: 4
core id		: 0
cpu cores	: 2
apicid		: 0
initial apicid	: 0
fpu		: yes
fpu_exception	: yes
cpuid level	: 13
wp		: yes
flags		: fpu vme de pse tsc msr pae mce cx8 apic sep mtrr pge mca cmov pat pse36 clflush dts acpi mmx fxsr sse sse2 ss ht tm pbe syscall nx rdtscp lm constant_tsc arch_perfmon pebs bts rep_good nopl xtopology nonstop_tsc aperfmperf eagerfpu pni pclmulqdq dtes64 monitor ds_cpl vmx est tm2 ssse3 cx16 xtpr pdcm pcid sse4_1 sse4_2 popcnt tsc_deadline_timer xsave avx lahf_lm arat epb pln pts dtherm tpr_shadow vnmi flexpriority ept vpid xsaveopt
bugs		:
bogomips	: 6584.51
clflush size	: 64
cache_alignment	: 64
address sizes	: 36 bits physical, 48 bits virtual
power management:

processor	: 1
vendor_id	: GenuineIntel
cpu family	: 6
model		: 42
model name	: Intel(R) Core(TM) i3-2120 CPU @ 3.30GHz
stepping	: 7
microcode	: 0x28
cpu MHz		: 3300.000
cache size	: 3072 KB
physical id	: 0
siblings	: 4
core id		: 1
cpu cores	: 2
apicid		: 2
initial apicid	: 2
fpu		: yes
fpu_exception	: yes
cpuid level	: 13
wp		: yes
flags		: fpu vme de pse tsc msr pae mce cx8 apic sep mtrr pge mca cmov pat pse36 clflush dts acpi mmx fxsr sse sse2 ss ht tm pbe syscall nx rdtscp lm constant_tsc arch_perfmon pebs bts rep_good nopl xtopology nonstop_tsc aperfmperf eagerfpu pni pclmulqdq dtes64 monitor ds_cpl vmx est tm2 ssse3 cx16 xtpr pdcm pcid sse4_1 sse4_2 popcnt tsc_deadline_timer xsave avx lahf_lm arat epb pln pts dtherm tpr_shadow vnmi flexpriority ept vpid xsaveopt
bugs		:
bogomips	: 6584.51
clflush size	: 64
cache_alignment	: 64
address sizes	: 36 bits physical, 48 bits virtual
power management:

processor	: 2
vendor_id	: GenuineIntel
cpu family	: 6
model		: 42
model name	: Intel(R) Core(TM) i3-2120 CPU @ 3.30GHz
stepping	: 7
microcode	: 0x28
cpu MHz		: 3299.871
cache size	: 3072 KB
physical id	: 0
siblings	: 4
core id		: 0
cpu cores	: 2
apicid		: 1
initial apicid	: 1
fpu		: yes
fpu_exception	: yes
cpuid level	: 13
wp		: yes
flags		: fpu vme de pse tsc msr pae mce cx8 apic sep mtrr pge mca cmov pat pse36 clflush dts acpi mmx fxsr sse sse2 ss ht tm pbe syscall nx rdtscp lm constant_tsc arch_perfmon pebs bts rep_good nopl xtopology nonstop_tsc aperfmperf eagerfpu pni pclmulqdq dtes64 monitor ds_cpl vmx est tm2 ssse3 cx16 xtpr pdcm pcid sse4_1 sse4_2 popcnt tsc_deadline_timer xsave avx lahf_lm arat epb pln pts dtherm tpr_shadow vnmi flexpriority ept vpid xsaveopt
bugs		:
bogomips	: 6584.51
clflush size	: 64
cache_alignment	: 64
address sizes	: 36 bits physical, 48 bits virtual
power management:

processor	: 3
vendor_id	: GenuineIntel
cpu family	: 6
model		: 42
model name	: Intel(R) Core(TM) i3-2120 CPU @ 3.30GHz
stepping	: 7
microcode	: 0x28
cpu MHz		: 3300.000
cache size	: 3072 KB
physical id	: 0
siblings	: 4
core id		: 1
cpu cores	: 2
apicid		: 3
initial apicid	: 3
fpu		: yes
fpu_exception	: yes
cpuid level	: 13
wp		: yes
flags		: fpu vme de pse tsc msr pae mce cx8 apic sep mtrr pge mca cmov pat pse36 clflush dts acpi mmx fxsr sse sse2 ss ht tm pbe syscall nx rdtscp lm constant_tsc arch_perfmon pebs bts rep_good nopl xtopology nonstop_tsc aperfmperf eagerfpu pni pclmulqdq dtes64 monitor ds_cpl vmx est tm2 ssse3 cx16 xtpr pdcm pcid sse4_1 sse4_2 popcnt tsc_deadline_timer xsave avx lahf_lm arat epb pln pts dtherm tpr_shadow vnmi flexpriority ept vpid xsaveopt
bugs		:
bogomips	: 6584.51
clflush size	: 64
cache_alignment	: 64
address sizes	: 36 bits physical, 48 bits virtual
power management:



Memory: 4k page, physical 8067160k(145292k free), swap 0k(0k free)

vm_info: OpenJDK 64-Bit Server VM (25.76-b03) for linux-amd64 JRE (1.8.0_76-release-b03), built on Jun 29 2016 09:39:19 by "builder" with gcc 4.8.4

time: Tue May 16 11:46:57 2017
elapsed time: 33 seconds (0d 0h 0m 33s)

