#
# There is insufficient memory for the Java Runtime Environment to continue.
# Native memory allocation (mmap) failed to map 166723584 bytes for committing reserved memory.
# Possible reasons:
#   The system is out of physical RAM or swap space
#   In 32 bit mode, the process size limit was hit
# Possible solutions:
#   Reduce memory load on the system
#   Increase physical memory or swap space
#   Check if swap backing store is full
#   Use 64 bit Java on a 64 bit OS
#   Decrease Java heap size (-Xmx/-Xms)
#   Decrease number of Java threads
#   Decrease Java thread stack sizes (-Xss)
#   Set larger code cache with -XX:ReservedCodeCacheSize=
# This output file may be truncated or incomplete.
#
#  Out of Memory Error (os_linux.cpp:2627), pid=14535, tid=0x00007f7bb72b0700
#
# JRE version: OpenJDK Runtime Environment (8.0_76-b03) (build 1.8.0_76-release-b03)
# Java VM: OpenJDK 64-Bit Server VM (25.76-b03 mixed mode linux-amd64 compressed oops)
# Failed to write core dump. Core dumps have been disabled. To enable core dumping, try "ulimit -c unlimited" before starting Java again
#

---------------  T H R E A D  ---------------

Current thread (0x00007f7bd0078000):  VMThread [stack: 0x00007f7bb71b0000,0x00007f7bb72b1000] [id=14545]

Stack: [0x00007f7bb71b0000,0x00007f7bb72b1000],  sp=0x00007f7bb72af490,  free space=1021k
Native frames: (J=compiled Java code, j=interpreted, Vv=VM code, C=native code)
V  [libjvm.so+0x9d9fcd]  VMError::report_and_die()+0x15d
V  [libjvm.so+0x4b4d4a]  report_vm_out_of_memory(char const*, int, unsigned long, VMErrorType, char const*)+0x8a
V  [libjvm.so+0x845190]  os::pd_commit_memory(char*, unsigned long, unsigned long, bool)+0xf0
V  [libjvm.so+0x83fcbf]  os::commit_memory(char*, unsigned long, unsigned long, bool)+0x1f
V  [libjvm.so+0x8b4d9b]  PSVirtualSpace::expand_by(unsigned long)+0x5b
V  [libjvm.so+0x8a5b7b]  PSOldGen::expand_by(unsigned long) [clone .part.109]+0x1b
V  [libjvm.so+0x8a5d3b]  PSOldGen::expand(unsigned long) [clone .part.111]+0xdb
V  [libjvm.so+0x8a6618]  PSOldGen::resize(unsigned long)+0x188
V  [libjvm.so+0x8abc2c]  PSParallelCompact::invoke_no_policy(bool)+0x97c
V  [libjvm.so+0x8b2d3d]  PSScavenge::invoke()+0x17d
V  [libjvm.so+0x8681f3]  ParallelScavengeHeap::failed_mem_allocate(unsigned long)+0x63
V  [libjvm.so+0x9dba94]  VM_ParallelGCFailedAllocation::doit()+0x84
V  [libjvm.so+0x9dfe47]  VM_Operation::evaluate()+0x47
V  [libjvm.so+0x9de908]  VMThread::evaluate_operation(VM_Operation*)+0x2c8
V  [libjvm.so+0x9ded89]  VMThread::loop()+0x219
V  [libjvm.so+0x9df1d2]  VMThread::run()+0x72
V  [libjvm.so+0x8425b2]  java_start(Thread*)+0xf2

VM_Operation (0x00007f7bb5eacf90): ParallelGCFailedAllocation, mode: safepoint, requested by thread 0x00007f7bd017e000


---------------  P R O C E S S  ---------------

Java Threads: ( => current thread )
  0x00007f7bd0180000 JavaThread "pool-2-thread-4" [_thread_blocked, id=14558, stack(0x00007f7bb5cad000,0x00007f7bb5dae000)]
  0x00007f7bd017e000 JavaThread "pool-2-thread-3" [_thread_blocked, id=14557, stack(0x00007f7bb5dae000,0x00007f7bb5eaf000)]
  0x00007f7bd017c800 JavaThread "pool-2-thread-2" [_thread_blocked, id=14556, stack(0x00007f7bb5eaf000,0x00007f7bb5fb0000)]
  0x00007f7bd017b800 JavaThread "pool-3-thread-1" [_thread_blocked, id=14555, stack(0x00007f7bb5fb0000,0x00007f7bb60b1000)]
  0x00007f7bd0179000 JavaThread "pool-2-thread-1" [_thread_blocked, id=14554, stack(0x00007f7bb60b1000,0x00007f7bb61b2000)]
  0x00007f7bd00c8000 JavaThread "Service Thread" daemon [_thread_blocked, id=14552, stack(0x00007f7bb63c7000,0x00007f7bb64c8000)]
  0x00007f7bd00bd000 JavaThread "C1 CompilerThread2" daemon [_thread_blocked, id=14551, stack(0x00007f7bb64c8000,0x00007f7bb65c9000)]
  0x00007f7bd00bb000 JavaThread "C2 CompilerThread1" daemon [_thread_blocked, id=14550, stack(0x00007f7bb65c9000,0x00007f7bb66ca000)]
  0x00007f7bd00b8000 JavaThread "C2 CompilerThread0" daemon [_thread_blocked, id=14549, stack(0x00007f7bb66ca000,0x00007f7bb67cb000)]
  0x00007f7bd00b6800 JavaThread "Signal Dispatcher" daemon [_thread_blocked, id=14548, stack(0x00007f7bb67cb000,0x00007f7bb68cc000)]
  0x00007f7bd0084000 JavaThread "Finalizer" daemon [_thread_blocked, id=14547, stack(0x00007f7bb6fae000,0x00007f7bb70af000)]
  0x00007f7bd007f800 JavaThread "Reference Handler" daemon [_thread_blocked, id=14546, stack(0x00007f7bb70af000,0x00007f7bb71b0000)]
  0x00007f7bd000a800 JavaThread "main" [_thread_blocked, id=14540, stack(0x00007f7bd7cea000,0x00007f7bd7deb000)]

Other Threads:
=>0x00007f7bd0078000 VMThread [stack: 0x00007f7bb71b0000,0x00007f7bb72b1000] [id=14545]
  0x00007f7bd00ca800 WatcherThread [stack: 0x00007f7bb62c6000,0x00007f7bb63c7000] [id=14553]

VM state:at safepoint (normal execution)

VM Mutex/Monitor currently owned by a thread:  ([mutex/lock_event])
[0x00007f7bd00063c0] ExpandHeap_lock - owner thread: 0x00007f7bd0078000
[0x00007f7bd0006a40] Threads_lock - owner thread: 0x00007f7bd0078000
[0x00007f7bd0006f40] Heap_lock - owner thread: 0x00007f7bd017e000

Heap:
 PSYoungGen      total 580608K, used 12479K [0x00000000d5580000, 0x0000000100000000, 0x0000000100000000)
  eden space 462336K, 0% used [0x00000000d5580000,0x00000000d5580000,0x00000000f1900000)
  from space 118272K, 10% used [0x00000000f1900000,0x00000000f252fc90,0x00000000f8c80000)
  to   space 115200K, 0% used [0x00000000f8f80000,0x00000000f8f80000,0x0000000100000000)
 ParOldGen       total 273920K, used 273860K [0x0000000080000000, 0x0000000090b80000, 0x00000000d5580000)
  object space 273920K, 99% used [0x0000000080000000,0x0000000090b71078,0x0000000090b80000)
 Metaspace       used 6566K, capacity 7280K, committed 7552K, reserved 1056768K
  class space    used 596K, capacity 616K, committed 640K, reserved 1048576K

Card table byte_map: [0x00007f7bd4794000,0x00007f7bd4b95000] byte_map_base: 0x00007f7bd4394000

Marking Bits: (ParMarkBitMap*) 0x00007f7bd71be1a0
 Begin Bits: [0x00007f7bbd000000, 0x00007f7bbf000000)
 End Bits:   [0x00007f7bbf000000, 0x00007f7bc1000000)

Polling page: 0x00007f7bd7e08000

CodeCache: size=245760Kb used=11008Kb max_used=14890Kb free=234751Kb
 bounds [0x00007f7bc1000000, 0x00007f7bc1ea0000, 0x00007f7bd0000000]
 total_blobs=2576 nmethods=2308 adapters=182
 compilation: enabled

Compilation events (10 events):
Event: 24.948 Thread 0x00007f7bd00bd000 3275       3       com.android.dx.ssa.DeadCodeRemover::pruneDeadInstructions (246 bytes)
Event: 24.951 Thread 0x00007f7bd00bd000 nmethod 3275 0x00007f7bc12dc8d0 code [0x00007f7bc12dccc0, 0x00007f7bc12df4b8]
Event: 24.951 Thread 0x00007f7bd00bd000 3276       3       com.android.dx.ssa.SsaMethod::deleteInsns (239 bytes)
Event: 24.954 Thread 0x00007f7bd00bd000 nmethod 3276 0x00007f7bc1445250 code [0x00007f7bc1445660, 0x00007f7bc1447ad8]
Event: 24.954 Thread 0x00007f7bd00bd000 3274       3       com.android.dx.ssa.SsaMethod::makeExitBlock (134 bytes)
Event: 24.955 Thread 0x00007f7bd00bd000 nmethod 3274 0x00007f7bc1764890 code [0x00007f7bc1764b00, 0x00007f7bc1765928]
Event: 24.955 Thread 0x00007f7bd00bd000 3277       3       com.android.dx.cf.code.SwitchList::setDefaultTarget (51 bytes)
Event: 24.956 Thread 0x00007f7bd00bd000 nmethod 3277 0x00007f7bc12faa50 code [0x00007f7bc12fac20, 0x00007f7bc12fb298]
Event: 24.956 Thread 0x00007f7bd00bd000 3278       3       com.android.dx.ssa.back.SsaToRop::convertBasicBlock (126 bytes)
Event: 24.958 Thread 0x00007f7bd00bd000 nmethod 3278 0x00007f7bc136e190 code [0x00007f7bc136e4c0, 0x00007f7bc13701f8]

GC Heap History (10 events):
Event: 4.562 GC heap after
Heap after GC invocations=9 (full 1):
 PSYoungGen      total 525824K, used 23982K [0x00000000d5580000, 0x00000000fb380000, 0x0000000100000000)
  eden space 478720K, 0% used [0x00000000d5580000,0x00000000d5580000,0x00000000f2900000)
  from space 47104K, 50% used [0x00000000f6680000,0x00000000f7debb08,0x00000000f9480000)
  to   space 62976K, 0% used [0x00000000f2900000,0x00000000f2900000,0x00000000f6680000)
 ParOldGen       total 158720K, used 84752K [0x0000000080000000, 0x0000000089b00000, 0x00000000d5580000)
  object space 158720K, 53% used [0x0000000080000000,0x00000000852c4280,0x0000000089b00000)
 Metaspace       used 6460K, capacity 7216K, committed 7296K, reserved 1056768K
  class space    used 593K, capacity 616K, committed 640K, reserved 1048576K
}
Event: 6.174 GC heap before
{Heap before GC invocations=10 (full 1):
 PSYoungGen      total 525824K, used 502702K [0x00000000d5580000, 0x00000000fb380000, 0x0000000100000000)
  eden space 478720K, 100% used [0x00000000d5580000,0x00000000f2900000,0x00000000f2900000)
  from space 47104K, 50% used [0x00000000f6680000,0x00000000f7debb08,0x00000000f9480000)
  to   space 62976K, 0% used [0x00000000f2900000,0x00000000f2900000,0x00000000f6680000)
 ParOldGen       total 158720K, used 84752K [0x0000000080000000, 0x0000000089b00000, 0x00000000d5580000)
  object space 158720K, 53% used [0x0000000080000000,0x00000000852c4280,0x0000000089b00000)
 Metaspace       used 6526K, capacity 7280K, committed 7552K, reserved 1056768K
  class space    used 593K, capacity 616K, committed 640K, reserved 1048576K
Event: 6.352 GC heap after
Heap after GC invocations=10 (full 1):
 PSYoungGen      total 541696K, used 62974K [0x00000000d5580000, 0x0000000100000000, 0x0000000100000000)
  eden space 478720K, 0% used [0x00000000d5580000,0x00000000d5580000,0x00000000f2900000)
  from space 62976K, 99% used [0x00000000f2900000,0x00000000f667fb20,0x00000000f6680000)
  to   space 86528K, 0% used [0x00000000fab80000,0x00000000fab80000,0x0000000100000000)
 ParOldGen       total 158720K, used 112998K [0x0000000080000000, 0x0000000089b00000, 0x00000000d5580000)
  object space 158720K, 71% used [0x0000000080000000,0x0000000086e59bd0,0x0000000089b00000)
 Metaspace       used 6526K, capacity 7280K, committed 7552K, reserved 1056768K
  class space    used 593K, capacity 616K, committed 640K, reserved 1048576K
}
Event: 15.839 GC heap before
{Heap before GC invocations=11 (full 1):
 PSYoungGen      total 541696K, used 541694K [0x00000000d5580000, 0x0000000100000000, 0x0000000100000000)
  eden space 478720K, 100% used [0x00000000d5580000,0x00000000f2900000,0x00000000f2900000)
  from space 62976K, 99% used [0x00000000f2900000,0x00000000f667fb20,0x00000000f6680000)
  to   space 86528K, 0% used [0x00000000fab80000,0x00000000fab80000,0x0000000100000000)
 ParOldGen       total 158720K, used 112998K [0x0000000080000000, 0x0000000089b00000, 0x00000000d5580000)
  object space 158720K, 71% used [0x0000000080000000,0x0000000086e59bd0,0x0000000089b00000)
 Metaspace       used 6554K, capacity 7280K, committed 7552K, reserved 1056768K
  class space    used 596K, capacity 616K, committed 640K, reserved 1048576K
Event: 17.206 GC heap after
Heap after GC invocations=11 (full 1):
 PSYoungGen      total 548864K, used 86526K [0x00000000d5580000, 0x0000000100000000, 0x0000000100000000)
  eden space 462336K, 0% used [0x00000000d5580000,0x00000000d5580000,0x00000000f1900000)
  from space 86528K, 99% used [0x00000000fab80000,0x00000000fffffa40,0x0000000100000000)
  to   space 118272K, 0% used [0x00000000f1900000,0x00000000f1900000,0x00000000f8c80000)
 ParOldGen       total 158720K, used 158036K [0x0000000080000000, 0x0000000089b00000, 0x00000000d5580000)
  object space 158720K, 99% used [0x0000000080000000,0x0000000089a55110,0x0000000089b00000)
 Metaspace       used 6554K, capacity 7280K, committed 7552K, reserved 1056768K
  class space    used 596K, capacity 616K, committed 640K, reserved 1048576K
}
Event: 17.436 GC heap before
{Heap before GC invocations=12 (full 2):
 PSYoungGen      total 548864K, used 86526K [0x00000000d5580000, 0x0000000100000000, 0x0000000100000000)
  eden space 462336K, 0% used [0x00000000d5580000,0x00000000d5580000,0x00000000f1900000)
  from space 86528K, 99% used [0x00000000fab80000,0x00000000fffffa40,0x0000000100000000)
  to   space 118272K, 0% used [0x00000000f1900000,0x00000000f1900000,0x00000000f8c80000)
 ParOldGen       total 158720K, used 158036K [0x0000000080000000, 0x0000000089b00000, 0x00000000d5580000)
  object space 158720K, 99% used [0x0000000080000000,0x0000000089a55110,0x0000000089b00000)
 Metaspace       used 6554K, capacity 7280K, committed 7552K, reserved 1056768K
  class space    used 596K, capacity 616K, committed 640K, reserved 1048576K
Event: 19.111 GC heap after
Heap after GC invocations=12 (full 2):
 PSYoungGen      total 548864K, used 77958K [0x00000000d5580000, 0x0000000100000000, 0x0000000100000000)
  eden space 462336K, 0% used [0x00000000d5580000,0x00000000d5580000,0x00000000f1900000)
  from space 86528K, 90% used [0x00000000fab80000,0x00000000ff7a1b30,0x0000000100000000)
  to   space 118272K, 0% used [0x00000000f1900000,0x00000000f1900000,0x00000000f8c80000)
 ParOldGen       total 273920K, used 158405K [0x0000000080000000, 0x0000000090b80000, 0x00000000d5580000)
  object space 273920K, 57% used [0x0000000080000000,0x0000000089ab1760,0x0000000090b80000)
 Metaspace       used 6554K, capacity 7280K, committed 7552K, reserved 1056768K
  class space    used 596K, capacity 616K, committed 640K, reserved 1048576K
}
Event: 24.958 GC heap before
{Heap before GC invocations=13 (full 2):
 PSYoungGen      total 548864K, used 540294K [0x00000000d5580000, 0x0000000100000000, 0x0000000100000000)
  eden space 462336K, 100% used [0x00000000d5580000,0x00000000f1900000,0x00000000f1900000)
  from space 86528K, 90% used [0x00000000fab80000,0x00000000ff7a1b30,0x0000000100000000)
  to   space 118272K, 0% used [0x00000000f1900000,0x00000000f1900000,0x00000000f8c80000)
 ParOldGen       total 273920K, used 158405K [0x0000000080000000, 0x0000000090b80000, 0x00000000d5580000)
  object space 273920K, 57% used [0x0000000080000000,0x0000000089ab1760,0x0000000090b80000)
 Metaspace       used 6566K, capacity 7280K, committed 7552K, reserved 1056768K
  class space    used 596K, capacity 616K, committed 640K, reserved 1048576K
Event: 25.244 GC heap after
Heap after GC invocations=13 (full 2):
 PSYoungGen      total 580608K, used 52685K [0x00000000d5580000, 0x0000000100000000, 0x0000000100000000)
  eden space 462336K, 0% used [0x00000000d5580000,0x00000000d5580000,0x00000000f1900000)
  from space 118272K, 44% used [0x00000000f1900000,0x00000000f4c73650,0x00000000f8c80000)
  to   space 115200K, 0% used [0x00000000f8f80000,0x00000000f8f80000,0x0000000100000000)
 ParOldGen       total 273920K, used 237100K [0x0000000080000000, 0x0000000090b80000, 0x00000000d5580000)
  object space 273920K, 86% used [0x0000000080000000,0x000000008e78b100,0x0000000090b80000)
 Metaspace       used 6566K, capacity 7280K, committed 7552K, reserved 1056768K
  class space    used 596K, capacity 616K, committed 640K, reserved 1048576K
}
Event: 25.244 GC heap before
{Heap before GC invocations=14 (full 3):
 PSYoungGen      total 580608K, used 52685K [0x00000000d5580000, 0x0000000100000000, 0x0000000100000000)
  eden space 462336K, 0% used [0x00000000d5580000,0x00000000d5580000,0x00000000f1900000)
  from space 118272K, 44% used [0x00000000f1900000,0x00000000f4c73650,0x00000000f8c80000)
  to   space 115200K, 0% used [0x00000000f8f80000,0x00000000f8f80000,0x0000000100000000)
 ParOldGen       total 273920K, used 237100K [0x0000000080000000, 0x0000000090b80000, 0x00000000d5580000)
  object space 273920K, 86% used [0x0000000080000000,0x000000008e78b100,0x0000000090b80000)
 Metaspace       used 6566K, capacity 7280K, committed 7552K, reserved 1056768K
  class space    used 596K, capacity 616K, committed 640K, reserved 1048576K

Deoptimization events (10 events):
Event: 24.671 Thread 0x00007f7bd017e000 Uncommon trap: reason=unstable_if action=reinterpret pc=0x00007f7bc1d76d6c method=java.util.ArrayList.<init>(I)V @ 5
Event: 24.854 Thread 0x00007f7bd017e000 Uncommon trap: reason=unstable_if action=reinterpret pc=0x00007f7bc19185a4 method=com.android.dx.ssa.back.FirstFitLocalCombiningAllocator.handleCheckCastResults()V @ 251
Event: 24.875 Thread 0x00007f7bd0180000 Uncommon trap: reason=bimorphic action=maybe_recompile pc=0x00007f7bc1cf1870 method=com.android.dx.ssa.LiteralOpUpgrader.tryReplacingWithConstant(Lcom/android/dx/ssa/NormalSsaInsn;)Z @ 62
Event: 24.877 Thread 0x00007f7bd0180000 Uncommon trap: reason=bimorphic action=maybe_recompile pc=0x00007f7bc1cf1870 method=com.android.dx.ssa.LiteralOpUpgrader.tryReplacingWithConstant(Lcom/android/dx/ssa/NormalSsaInsn;)Z @ 62
Event: 24.947 Thread 0x00007f7bd0180000 Uncommon trap: reason=unstable_if action=reinterpret pc=0x00007f7bc1ca3244 method=com.android.dx.ssa.SsaMethod.makeExitBlock()V @ 103
Event: 24.947 Thread 0x00007f7bd0180000 Uncommon trap: reason=unstable_if action=reinterpret pc=0x00007f7bc1cdbab4 method=com.android.dx.ssa.SsaMethod.getExitBlock()Lcom/android/dx/ssa/SsaBasicBlock; @ 4
Event: 24.947 Thread 0x00007f7bd0180000 Uncommon trap: reason=unstable_if action=reinterpret pc=0x00007f7bc1868df0 method=com.android.dx.ssa.SsaMethod.getExitBlock()Lcom/android/dx/ssa/SsaBasicBlock; @ 4
Event: 24.955 Thread 0x00007f7bd0180000 Uncommon trap: reason=unstable_if action=reinterpret pc=0x00007f7bc1aa2b64 method=com.android.dx.ssa.SsaMethod.getExitBlock()Lcom/android/dx/ssa/SsaBasicBlock; @ 4
Event: 24.956 Thread 0x00007f7bd0180000 Uncommon trap: reason=unstable_if action=reinterpret pc=0x00007f7bc1d6839c method=com.android.dx.ssa.SsaMethod.getExitBlock()Lcom/android/dx/ssa/SsaBasicBlock; @ 4
Event: 24.956 Thread 0x00007f7bd0180000 Uncommon trap: reason=unstable_if action=reinterpret pc=0x00007f7bc1dd06d8 method=com.android.dx.ssa.SsaMethod.getExitBlock()Lcom/android/dx/ssa/SsaBasicBlock; @ 4

Internal exceptions (8 events):
Event: 0.017 Thread 0x00007f7bd000a800 Exception <a 'java/lang/NoSuchMethodError': Method sun.misc.Unsafe.defineClass(Ljava/lang/String;[BII)Ljava/lang/Class; name or signature does not match> (0x00000000d5587cc0) thrown at [/ssd/Android/AOSP-openjdk/external/jetbrains/jdk/hotspot/src/share/vm
Event: 0.017 Thread 0x00007f7bd000a800 Exception <a 'java/lang/NoSuchMethodError': Method sun.misc.Unsafe.prefetchRead(Ljava/lang/Object;J)V name or signature does not match> (0x00000000d5587fa8) thrown at [/ssd/Android/AOSP-openjdk/external/jetbrains/jdk/hotspot/src/share/vm/prims/jni.cpp, li
Event: 1.188 Thread 0x00007f7bd017e000 Implicit null exception at 0x00007f7bc1350589 to 0x00007f7bc1352c7d
Event: 1.270 Thread 0x00007f7bd017e000 Implicit null exception at 0x00007f7bc13e7bfb to 0x00007f7bc13e7d85
Event: 1.271 Thread 0x00007f7bd017e000 Implicit null exception at 0x00007f7bc145acb9 to 0x00007f7bc145add5
Event: 2.041 Thread 0x00007f7bd017c800 Exception <a 'java/lang/ArrayIndexOutOfBoundsException': 18> (0x00000000db0c92d8) thrown at [/ssd/Android/AOSP-openjdk/external/jetbrains/jdk/hotspot/src/share/vm/interpreter/interpreterRuntime.cpp, line 366]
Event: 2.041 Thread 0x00007f7bd017c800 Exception <a 'java/lang/ArrayIndexOutOfBoundsException': 145> (0x00000000db0cae58) thrown at [/ssd/Android/AOSP-openjdk/external/jetbrains/jdk/hotspot/src/share/vm/interpreter/interpreterRuntime.cpp, line 366]
Event: 2.042 Thread 0x00007f7bd017c800 Exception <a 'java/lang/ArrayIndexOutOfBoundsException'> (0x00000000db0cc140) thrown at [/ssd/Android/AOSP-openjdk/external/jetbrains/jdk/hotspot/src/share/vm/runtime/sharedRuntime.cpp, line 605]

Events (10 events):
Event: 24.955 Thread 0x00007f7bd0180000 DEOPT UNPACKING pc=0x00007f7bc1004f69 sp=0x00007f7bb5dac0e8 mode 2
Event: 24.956 Thread 0x00007f7bd0180000 Uncommon trap: trap_request=0xffffff65 fr.pc=0x00007f7bc1d6839c
Event: 24.956 Thread 0x00007f7bd0180000 DEOPT PACKING pc=0x00007f7bc1d6839c sp=0x00007f7bb5dac1b0
Event: 24.956 Thread 0x00007f7bd0180000 DEOPT UNPACKING pc=0x00007f7bc1004f69 sp=0x00007f7bb5dac1a0 mode 2
Event: 24.956 Thread 0x00007f7bd0180000 Uncommon trap: trap_request=0xffffff65 fr.pc=0x00007f7bc1dd06d8
Event: 24.956 Thread 0x00007f7bd0180000 DEOPT PACKING pc=0x00007f7bc1dd06d8 sp=0x00007f7bb5dac160
Event: 24.956 Thread 0x00007f7bd0180000 DEOPT UNPACKING pc=0x00007f7bc1004f69 sp=0x00007f7bb5dac0f8 mode 2
Event: 24.956 Thread 0x00007f7bd0180000 DEOPT PACKING pc=0x00007f7bc1447867 sp=0x00007f7bb5dabf90
Event: 24.956 Thread 0x00007f7bd0180000 DEOPT UNPACKING pc=0x00007f7bc1047373 sp=0x00007f7bb5dabd90 mode 0
Event: 24.958 Executing VM operation: ParallelGCFailedAllocation


Dynamic libraries:
00400000-00401000 r-xp 00000000 08:01 11419229                           /home/android/Documents/Studio_setup/android-studio/jre/bin/java
00600000-00601000 r--p 00000000 08:01 11419229                           /home/android/Documents/Studio_setup/android-studio/jre/bin/java
00601000-00602000 rw-p 00001000 08:01 11419229                           /home/android/Documents/Studio_setup/android-studio/jre/bin/java
01b4a000-01b6b000 rw-p 00000000 00:00 0                                  [heap]
80000000-90b80000 rw-p 00000000 00:00 0 
9aa80000-d5580000 ---p 00000000 00:00 0 
d5580000-100000000 rw-p 00000000 00:00 0 
100000000-1000a0000 rw-p 00000000 00:00 0 
1000a0000-140000000 ---p 00000000 00:00 0 
7f7b68000000-7f7b68025000 rw-p 00000000 00:00 0 
7f7b68025000-7f7b6c000000 ---p 00000000 00:00 0 
7f7b70000000-7f7b70021000 rw-p 00000000 00:00 0 
7f7b70021000-7f7b74000000 ---p 00000000 00:00 0 
7f7b74000000-7f7b74025000 rw-p 00000000 00:00 0 
7f7b74025000-7f7b78000000 ---p 00000000 00:00 0 
7f7b78000000-7f7b78036000 rw-p 00000000 00:00 0 
7f7b78036000-7f7b7c000000 ---p 00000000 00:00 0 
7f7b7c000000-7f7b7c021000 rw-p 00000000 00:00 0 
7f7b7c021000-7f7b80000000 ---p 00000000 00:00 0 
7f7b80000000-7f7b80021000 rw-p 00000000 00:00 0 
7f7b80021000-7f7b84000000 ---p 00000000 00:00 0 
7f7b84000000-7f7b84021000 rw-p 00000000 00:00 0 
7f7b84021000-7f7b88000000 ---p 00000000 00:00 0 
7f7b88000000-7f7b897c4000 rw-p 00000000 00:00 0 
7f7b897c4000-7f7b8c000000 ---p 00000000 00:00 0 
7f7b8c000000-7f7b8cbbf000 rw-p 00000000 00:00 0 
7f7b8cbbf000-7f7b90000000 ---p 00000000 00:00 0 
7f7b90000000-7f7b90021000 rw-p 00000000 00:00 0 
7f7b90021000-7f7b94000000 ---p 00000000 00:00 0 
7f7b94000000-7f7b952d8000 rw-p 00000000 00:00 0 
7f7b952d8000-7f7b98000000 ---p 00000000 00:00 0 
7f7b98000000-7f7b98021000 rw-p 00000000 00:00 0 
7f7b98021000-7f7b9c000000 ---p 00000000 00:00 0 
7f7b9c000000-7f7b9c021000 rw-p 00000000 00:00 0 
7f7b9c021000-7f7ba0000000 ---p 00000000 00:00 0 
7f7ba0000000-7f7ba0021000 rw-p 00000000 00:00 0 
7f7ba0021000-7f7ba4000000 ---p 00000000 00:00 0 
7f7ba8000000-7f7ba8021000 rw-p 00000000 00:00 0 
7f7ba8021000-7f7bac000000 ---p 00000000 00:00 0 
7f7bac000000-7f7bac28d000 rw-p 00000000 00:00 0 
7f7bac28d000-7f7bb0000000 ---p 00000000 00:00 0 
7f7bb0000000-7f7bb0021000 rw-p 00000000 00:00 0 
7f7bb0021000-7f7bb4000000 ---p 00000000 00:00 0 
7f7bb5cad000-7f7bb5cb0000 ---p 00000000 00:00 0 
7f7bb5cb0000-7f7bb5dae000 rw-p 00000000 00:00 0 
7f7bb5dae000-7f7bb5db1000 ---p 00000000 00:00 0 
7f7bb5db1000-7f7bb5eaf000 rw-p 00000000 00:00 0 
7f7bb5eaf000-7f7bb5eb2000 ---p 00000000 00:00 0 
7f7bb5eb2000-7f7bb5fb0000 rw-p 00000000 00:00 0 
7f7bb5fb0000-7f7bb5fb3000 ---p 00000000 00:00 0 
7f7bb5fb3000-7f7bb60b1000 rw-p 00000000 00:00 0 
7f7bb60b1000-7f7bb60b4000 ---p 00000000 00:00 0 
7f7bb60b4000-7f7bb61b2000 rw-p 00000000 00:00 0 
7f7bb61b2000-7f7bb62c6000 r--s 00b53000 08:01 6971100                    /home/android/Documents/MXI Projects/Goal Keeper/BackUp/April/28/Goalkeeper/app/build/intermediates/transforms/jarMerging/debug/jars/1/1f/combined.jar
7f7bb62c6000-7f7bb62c7000 ---p 00000000 00:00 0 
7f7bb62c7000-7f7bb63c7000 rw-p 00000000 00:00 0 
7f7bb63c7000-7f7bb63ca000 ---p 00000000 00:00 0 
7f7bb63ca000-7f7bb64c8000 rw-p 00000000 00:00 0 
7f7bb64c8000-7f7bb64cb000 ---p 00000000 00:00 0 
7f7bb64cb000-7f7bb65c9000 rw-p 00000000 00:00 0 
7f7bb65c9000-7f7bb65cc000 ---p 00000000 00:00 0 
7f7bb65cc000-7f7bb66ca000 rw-p 00000000 00:00 0 
7f7bb66ca000-7f7bb66cd000 ---p 00000000 00:00 0 
7f7bb66cd000-7f7bb67cb000 rw-p 00000000 00:00 0 
7f7bb67cb000-7f7bb67ce000 ---p 00000000 00:00 0 
7f7bb67ce000-7f7bb68cc000 rw-p 00000000 00:00 0 
7f7bb68cc000-7f7bb6fae000 r--p 00000000 08:01 8133439                    /usr/lib/locale/locale-archive
7f7bb6fae000-7f7bb6fb1000 ---p 00000000 00:00 0 
7f7bb6fb1000-7f7bb70af000 rw-p 00000000 00:00 0 
7f7bb70af000-7f7bb70b2000 ---p 00000000 00:00 0 
7f7bb70b2000-7f7bb71b0000 rw-p 00000000 00:00 0 
7f7bb71b0000-7f7bb71b1000 ---p 00000000 00:00 0 
7f7bb71b1000-7f7bb8000000 rw-p 00000000 00:00 0 
7f7bb8000000-7f7bb8021000 rw-p 00000000 00:00 0 
7f7bb8021000-7f7bbc000000 ---p 00000000 00:00 0 
7f7bbc010000-7f7bbc233000 rw-p 00000000 00:00 0 
7f7bbc233000-7f7bbc400000 r--s 03bec000 08:01 11806854                   /home/android/Documents/Studio_setup/android-studio/jre/jre/lib/rt.jar
7f7bbc400000-7f7bbcac0000 rw-p 00000000 00:00 0 
7f7bbcac0000-7f7bbcc00000 ---p 00000000 00:00 0 
7f7bbcc00000-7f7bc1000000 rw-p 00000000 00:00 0 
7f7bc1000000-7f7bc1ea0000 rwxp 00000000 00:00 0 
7f7bc1ea0000-7f7bd0000000 ---p 00000000 00:00 0 
7f7bd0000000-7f7bd039c000 rw-p 00000000 00:00 0 
7f7bd039c000-7f7bd4000000 ---p 00000000 00:00 0 
7f7bd4001000-7f7bd40e5000 rw-p 00000000 00:00 0 
7f7bd40e5000-7f7bd40e6000 ---p 00000000 00:00 0 
7f7bd40e6000-7f7bd41e6000 rw-p 00000000 00:00 0 
7f7bd41e6000-7f7bd41e7000 ---p 00000000 00:00 0 
7f7bd41e7000-7f7bd42e7000 rw-p 00000000 00:00 0 
7f7bd42e7000-7f7bd42e8000 ---p 00000000 00:00 0 
7f7bd42e8000-7f7bd43e8000 rw-p 00000000 00:00 0 
7f7bd43e8000-7f7bd43e9000 ---p 00000000 00:00 0 
7f7bd43e9000-7f7bd456f000 rw-p 00000000 00:00 0 
7f7bd456f000-7f7bd4794000 ---p 00000000 00:00 0 
7f7bd4794000-7f7bd481a000 rw-p 00000000 00:00 0 
7f7bd481a000-7f7bd4a3e000 ---p 00000000 00:00 0 
7f7bd4a3e000-7f7bd4b94000 rw-p 00000000 00:00 0 
7f7bd4b94000-7f7bd4bd0000 rw-p 00000000 00:00 0 
7f7bd4bd0000-7f7bd4f55000 ---p 00000000 00:00 0 
7f7bd4f55000-7f7bd4f6f000 r-xp 00000000 08:01 11806878                   /home/android/Documents/Studio_setup/android-studio/jre/jre/lib/amd64/libzip.so
7f7bd4f6f000-7f7bd516f000 ---p 0001a000 08:01 11806878                   /home/android/Documents/Studio_setup/android-studio/jre/jre/lib/amd64/libzip.so
7f7bd516f000-7f7bd5170000 r--p 0001a000 08:01 11806878                   /home/android/Documents/Studio_setup/android-studio/jre/jre/lib/amd64/libzip.so
7f7bd5170000-7f7bd5171000 rw-p 0001b000 08:01 11806878                   /home/android/Documents/Studio_setup/android-studio/jre/jre/lib/amd64/libzip.so
7f7bd5171000-7f7bd517b000 r-xp 00000000 08:01 6954087                    /lib/x86_64-linux-gnu/libnss_files-2.19.so
7f7bd517b000-7f7bd537a000 ---p 0000a000 08:01 6954087                    /lib/x86_64-linux-gnu/libnss_files-2.19.so
7f7bd537a000-7f7bd537b000 r--p 00009000 08:01 6954087                    /lib/x86_64-linux-gnu/libnss_files-2.19.so
7f7bd537b000-7f7bd537c000 rw-p 0000a000 08:01 6954087                    /lib/x86_64-linux-gnu/libnss_files-2.19.so
7f7bd537c000-7f7bd5387000 r-xp 00000000 08:01 6954079                    /lib/x86_64-linux-gnu/libnss_nis-2.19.so
7f7bd5387000-7f7bd5586000 ---p 0000b000 08:01 6954079                    /lib/x86_64-linux-gnu/libnss_nis-2.19.so
7f7bd5586000-7f7bd5587000 r--p 0000a000 08:01 6954079                    /lib/x86_64-linux-gnu/libnss_nis-2.19.so
7f7bd5587000-7f7bd5588000 rw-p 0000b000 08:01 6954079                    /lib/x86_64-linux-gnu/libnss_nis-2.19.so
7f7bd5588000-7f7bd559f000 r-xp 00000000 08:01 6954075                    /lib/x86_64-linux-gnu/libnsl-2.19.so
7f7bd559f000-7f7bd579e000 ---p 00017000 08:01 6954075                    /lib/x86_64-linux-gnu/libnsl-2.19.so
7f7bd579e000-7f7bd579f000 r--p 00016000 08:01 6954075                    /lib/x86_64-linux-gnu/libnsl-2.19.so
7f7bd579f000-7f7bd57a0000 rw-p 00017000 08:01 6954075                    /lib/x86_64-linux-gnu/libnsl-2.19.so
7f7bd57a0000-7f7bd57a2000 rw-p 00000000 00:00 0 
7f7bd57a2000-7f7bd57ab000 r-xp 00000000 08:01 6954074                    /lib/x86_64-linux-gnu/libnss_compat-2.19.so
7f7bd57ab000-7f7bd59aa000 ---p 00009000 08:01 6954074                    /lib/x86_64-linux-gnu/libnss_compat-2.19.so
7f7bd59aa000-7f7bd59ab000 r--p 00008000 08:01 6954074                    /lib/x86_64-linux-gnu/libnss_compat-2.19.so
7f7bd59ab000-7f7bd59ac000 rw-p 00009000 08:01 6954074                    /lib/x86_64-linux-gnu/libnss_compat-2.19.so
7f7bd59ac000-7f7bd59d9000 r-xp 00000000 08:01 11806888                   /home/android/Documents/Studio_setup/android-studio/jre/jre/lib/amd64/libjava.so
7f7bd59d9000-7f7bd5bd8000 ---p 0002d000 08:01 11806888                   /home/android/Documents/Studio_setup/android-studio/jre/jre/lib/amd64/libjava.so
7f7bd5bd8000-7f7bd5bd9000 r--p 0002c000 08:01 11806888                   /home/android/Documents/Studio_setup/android-studio/jre/jre/lib/amd64/libjava.so
7f7bd5bd9000-7f7bd5bdb000 rw-p 0002d000 08:01 11806888                   /home/android/Documents/Studio_setup/android-studio/jre/jre/lib/amd64/libjava.so
7f7bd5bdb000-7f7bd5beb000 r-xp 00000000 08:01 11806904                   /home/android/Documents/Studio_setup/android-studio/jre/jre/lib/amd64/libverify.so
7f7bd5beb000-7f7bd5dea000 ---p 00010000 08:01 11806904                   /home/android/Documents/Studio_setup/android-studio/jre/jre/lib/amd64/libverify.so
7f7bd5dea000-7f7bd5dec000 r--p 0000f000 08:01 11806904                   /home/android/Documents/Studio_setup/android-studio/jre/jre/lib/amd64/libverify.so
7f7bd5dec000-7f7bd5ded000 rw-p 00011000 08:01 11806904                   /home/android/Documents/Studio_setup/android-studio/jre/jre/lib/amd64/libverify.so
7f7bd5ded000-7f7bd5df4000 r-xp 00000000 08:01 6954083                    /lib/x86_64-linux-gnu/librt-2.19.so
7f7bd5df4000-7f7bd5ff3000 ---p 00007000 08:01 6954083                    /lib/x86_64-linux-gnu/librt-2.19.so
7f7bd5ff3000-7f7bd5ff4000 r--p 00006000 08:01 6954083                    /lib/x86_64-linux-gnu/librt-2.19.so
7f7bd5ff4000-7f7bd5ff5000 rw-p 00007000 08:01 6954083                    /lib/x86_64-linux-gnu/librt-2.19.so
7f7bd5ff5000-7f7bd60fa000 r-xp 00000000 08:01 6954069                    /lib/x86_64-linux-gnu/libm-2.19.so
7f7bd60fa000-7f7bd62f9000 ---p 00105000 08:01 6954069                    /lib/x86_64-linux-gnu/libm-2.19.so
7f7bd62f9000-7f7bd62fa000 r--p 00104000 08:01 6954069                    /lib/x86_64-linux-gnu/libm-2.19.so
7f7bd62fa000-7f7bd62fb000 rw-p 00105000 08:01 6954069                    /lib/x86_64-linux-gnu/libm-2.19.so
7f7bd62fb000-7f7bd6ee1000 r-xp 00000000 08:01 11806907                   /home/android/Documents/Studio_setup/android-studio/jre/jre/lib/amd64/server/libjvm.so
7f7bd6ee1000-7f7bd70e1000 ---p 00be6000 08:01 11806907                   /home/android/Documents/Studio_setup/android-studio/jre/jre/lib/amd64/server/libjvm.so
7f7bd70e1000-7f7bd7180000 r--p 00be6000 08:01 11806907                   /home/android/Documents/Studio_setup/android-studio/jre/jre/lib/amd64/server/libjvm.so
7f7bd7180000-7f7bd71a9000 rw-p 00c85000 08:01 11806907                   /home/android/Documents/Studio_setup/android-studio/jre/jre/lib/amd64/server/libjvm.so
7f7bd71a9000-7f7bd71eb000 rw-p 00000000 00:00 0 
7f7bd71eb000-7f7bd7204000 r-xp 00000000 08:01 6954076                    /lib/x86_64-linux-gnu/libpthread-2.19.so
7f7bd7204000-7f7bd7403000 ---p 00019000 08:01 6954076                    /lib/x86_64-linux-gnu/libpthread-2.19.so
7f7bd7403000-7f7bd7404000 r--p 00018000 08:01 6954076                    /lib/x86_64-linux-gnu/libpthread-2.19.so
7f7bd7404000-7f7bd7405000 rw-p 00019000 08:01 6954076                    /lib/x86_64-linux-gnu/libpthread-2.19.so
7f7bd7405000-7f7bd7409000 rw-p 00000000 00:00 0 
7f7bd7409000-7f7bd740c000 r-xp 00000000 08:01 6954071                    /lib/x86_64-linux-gnu/libdl-2.19.so
7f7bd740c000-7f7bd760b000 ---p 00003000 08:01 6954071                    /lib/x86_64-linux-gnu/libdl-2.19.so
7f7bd760b000-7f7bd760c000 r--p 00002000 08:01 6954071                    /lib/x86_64-linux-gnu/libdl-2.19.so
7f7bd760c000-7f7bd760d000 rw-p 00003000 08:01 6954071                    /lib/x86_64-linux-gnu/libdl-2.19.so
7f7bd760d000-7f7bd77c7000 r-xp 00000000 08:01 6954084                    /lib/x86_64-linux-gnu/libc-2.19.so
7f7bd77c7000-7f7bd79c7000 ---p 001ba000 08:01 6954084                    /lib/x86_64-linux-gnu/libc-2.19.so
7f7bd79c7000-7f7bd79cb000 r--p 001ba000 08:01 6954084                    /lib/x86_64-linux-gnu/libc-2.19.so
7f7bd79cb000-7f7bd79cd000 rw-p 001be000 08:01 6954084                    /lib/x86_64-linux-gnu/libc-2.19.so
7f7bd79cd000-7f7bd79d2000 rw-p 00000000 00:00 0 
7f7bd79d2000-7f7bd79e8000 r-xp 00000000 08:01 11409282                   /home/android/Documents/Studio_setup/android-studio/jre/lib/amd64/jli/libjli.so
7f7bd79e8000-7f7bd7be7000 ---p 00016000 08:01 11409282                   /home/android/Documents/Studio_setup/android-studio/jre/lib/amd64/jli/libjli.so
7f7bd7be7000-7f7bd7be8000 r--p 00015000 08:01 11409282                   /home/android/Documents/Studio_setup/android-studio/jre/lib/amd64/jli/libjli.so
7f7bd7be8000-7f7bd7be9000 rw-p 00016000 08:01 11409282                   /home/android/Documents/Studio_setup/android-studio/jre/lib/amd64/jli/libjli.so
7f7bd7be9000-7f7bd7c0c000 r-xp 00000000 08:01 6954077                    /lib/x86_64-linux-gnu/ld-2.19.so
7f7bd7c1e000-7f7bd7cea000 rw-p 00000000 00:00 0 
7f7bd7cea000-7f7bd7ced000 ---p 00000000 00:00 0 
7f7bd7ced000-7f7bd7df0000 rw-p 00000000 00:00 0 
7f7bd7df0000-7f7bd7dff000 r--s 000df000 08:01 6295025                    /home/android/Android/Sdk/build-tools/23.0.2/lib/dx.jar
7f7bd7dff000-7f7bd7e07000 rw-s 00000000 08:01 14962917                   /tmp/hsperfdata_android/14535
7f7bd7e07000-7f7bd7e08000 rw-p 00000000 00:00 0 
7f7bd7e08000-7f7bd7e09000 ---p 00000000 00:00 0 
7f7bd7e09000-7f7bd7e0b000 rw-p 00000000 00:00 0 
7f7bd7e0b000-7f7bd7e0c000 r--p 00022000 08:01 6954077                    /lib/x86_64-linux-gnu/ld-2.19.so
7f7bd7e0c000-7f7bd7e0d000 rw-p 00023000 08:01 6954077                    /lib/x86_64-linux-gnu/ld-2.19.so
7f7bd7e0d000-7f7bd7e0e000 rw-p 00000000 00:00 0 
7ffeb465c000-7ffeb467d000 rw-p 00000000 00:00 0                          [stack]
7ffeb478b000-7ffeb478d000 r--p 00000000 00:00 0                          [vvar]
7ffeb478d000-7ffeb478f000 r-xp 00000000 00:00 0                          [vdso]
ffffffffff600000-ffffffffff601000 r-xp 00000000 00:00 0                  [vsyscall]

VM Arguments:
jvm_args: -Djava.awt.headless=true -Xmx2g -Dfile.encoding=UTF-8 -Duser.country=IN -Duser.language=en -Duser.variant 
java_command: com.android.dx.command.Main --dex --num-threads=4 --multi-dex --main-dex-list /home/android/Documents/MXI Projects/Goal Keeper/BackUp/April/28/Goalkeeper/app/build/intermediates/multi-dex/debug/maindexlist.txt --output /home/android/Documents/MXI Projects/Goal Keeper/BackUp/April/28/Goalkeeper/app/build/intermediates/transforms/dex/debug/folders/1000/1f/main /home/android/Documents/MXI Projects/Goal Keeper/BackUp/April/28/Goalkeeper/app/build/intermediates/transforms/jarMerging/debug/jars/1/1f/combined.jar
java_class_path (initial): /home/android/Android/Sdk/build-tools/23.0.2/lib/dx.jar
Launcher Type: SUN_STANDARD

Environment Variables:
JAVA_HOME=/usr/lib/jvm/java-8-oracle
PATH=/usr/local/sbin:/usr/local/bin:/usr/sbin:/usr/bin:/sbin:/bin:/usr/games:/usr/local/games:/usr/lib/jvm/java-8-oracle/bin:/usr/lib/jvm/java-8-oracle/db/bin:/usr/lib/jvm/java-8-oracle/jre/bin
LD_LIBRARY_PATH=/home/android/Documents/Studio_setup/android-studio/bin:
SHELL=/bin/bash
DISPLAY=:0

Signal Handlers:
SIGSEGV: [libjvm.so+0x9daac0], sa_mask[0]=11111111011111111101111111111110, sa_flags=SA_RESTART|SA_SIGINFO
SIGBUS: [libjvm.so+0x9daac0], sa_mask[0]=11111111011111111101111111111110, sa_flags=SA_RESTART|SA_SIGINFO
SIGFPE: [libjvm.so+0x840d90], sa_mask[0]=11111111011111111101111111111110, sa_flags=SA_RESTART|SA_SIGINFO
SIGPIPE: [libjvm.so+0x840d90], sa_mask[0]=11111111011111111101111111111110, sa_flags=SA_RESTART|SA_SIGINFO
SIGXFSZ: [libjvm.so+0x840d90], sa_mask[0]=11111111011111111101111111111110, sa_flags=SA_RESTART|SA_SIGINFO
SIGILL: [libjvm.so+0x840d90], sa_mask[0]=11111111011111111101111111111110, sa_flags=SA_RESTART|SA_SIGINFO
SIGUSR1: SIG_DFL, sa_mask[0]=00000000000000000000000000000000, sa_flags=none
SIGUSR2: [libjvm.so+0x840c60], sa_mask[0]=00100000000000000000000000000000, sa_flags=SA_RESTART|SA_SIGINFO
SIGHUP: [libjvm.so+0x840e50], sa_mask[0]=11111111011111111101111111111110, sa_flags=SA_RESTART|SA_SIGINFO
SIGINT: [libjvm.so+0x840e50], sa_mask[0]=11111111011111111101111111111110, sa_flags=SA_RESTART|SA_SIGINFO
SIGTERM: [libjvm.so+0x840e50], sa_mask[0]=11111111011111111101111111111110, sa_flags=SA_RESTART|SA_SIGINFO
SIGQUIT: [libjvm.so+0x840e50], sa_mask[0]=11111111011111111101111111111110, sa_flags=SA_RESTART|SA_SIGINFO


---------------  S Y S T E M  ---------------

OS:DISTRIB_ID=Ubuntu
DISTRIB_RELEASE=14.04
DISTRIB_CODENAME=trusty
DISTRIB_DESCRIPTION="Ubuntu 14.04.4 LTS"

uname:Linux 4.2.0-42-generic #49~14.04.1-Ubuntu SMP Wed Jun 29 20:22:11 UTC 2016 x86_64
libc:glibc 2.19 NPTL 2.19 
rlimit: STACK 8192k, CORE 0k, NPROC 31428, NOFILE 4096, AS infinity
load average:6.21 4.47 2.85

/proc/meminfo:
MemTotal:        8067160 kB
MemFree:          140520 kB
MemAvailable:     133652 kB
Buffers:            4000 kB
Cached:           610000 kB
SwapCached:            0 kB
Active:          7250568 kB
Inactive:         486140 kB
Active(anon):    7200172 kB
Inactive(anon):   434240 kB
Active(file):      50396 kB
Inactive(file):    51900 kB
Unevictable:          64 kB
Mlocked:              64 kB
SwapTotal:             0 kB
SwapFree:              0 kB
Dirty:               472 kB
Writeback:             0 kB
AnonPages:       7122864 kB
Mapped:           216648 kB
Shmem:            511612 kB
Slab:              88896 kB
SReclaimable:      52912 kB
SUnreclaim:        35984 kB
KernelStack:       11296 kB
PageTables:        49296 kB
NFS_Unstable:          0 kB
Bounce:                0 kB
WritebackTmp:          0 kB
CommitLimit:     4033580 kB
Committed_AS:   11433892 kB
VmallocTotal:   34359738367 kB
VmallocUsed:      354564 kB
VmallocChunk:   34358947836 kB
HardwareCorrupted:     0 kB
AnonHugePages:   3846144 kB
CmaTotal:              0 kB
CmaFree:               0 kB
HugePages_Total:       0
HugePages_Free:        0
HugePages_Rsvd:        0
HugePages_Surp:        0
Hugepagesize:       2048 kB
DirectMap4k:      121284 kB
DirectMap2M:     8159232 kB


CPU:total 4 (2 cores per cpu, 2 threads per core) family 6 model 42 stepping 7, cmov, cx8, fxsr, mmx, sse, sse2, sse3, ssse3, sse4.1, sse4.2, popcnt, avx, clmul, ht, tsc, tscinvbit

/proc/cpuinfo:
processor	: 0
vendor_id	: GenuineIntel
cpu family	: 6
model		: 42
model name	: Intel(R) Core(TM) i3-2120 CPU @ 3.30GHz
stepping	: 7
microcode	: 0x28
cpu MHz		: 1601.144
cache size	: 3072 KB
physical id	: 0
siblings	: 4
core id		: 0
cpu cores	: 2
apicid		: 0
initial apicid	: 0
fpu		: yes
fpu_exception	: yes
cpuid level	: 13
wp		: yes
flags		: fpu vme de pse tsc msr pae mce cx8 apic sep mtrr pge mca cmov pat pse36 clflush dts acpi mmx fxsr sse sse2 ss ht tm pbe syscall nx rdtscp lm constant_tsc arch_perfmon pebs bts rep_good nopl xtopology nonstop_tsc aperfmperf eagerfpu pni pclmulqdq dtes64 monitor ds_cpl vmx est tm2 ssse3 cx16 xtpr pdcm pcid sse4_1 sse4_2 popcnt tsc_deadline_timer xsave avx lahf_lm arat epb pln pts dtherm tpr_shadow vnmi flexpriority ept vpid xsaveopt
bugs		:
bogomips	: 6585.34
clflush size	: 64
cache_alignment	: 64
address sizes	: 36 bits physical, 48 bits virtual
power management:

processor	: 1
vendor_id	: GenuineIntel
cpu family	: 6
model		: 42
model name	: Intel(R) Core(TM) i3-2120 CPU @ 3.30GHz
stepping	: 7
microcode	: 0x28
cpu MHz		: 1623.058
cache size	: 3072 KB
physical id	: 0
siblings	: 4
core id		: 1
cpu cores	: 2
apicid		: 2
initial apicid	: 2
fpu		: yes
fpu_exception	: yes
cpuid level	: 13
wp		: yes
flags		: fpu vme de pse tsc msr pae mce cx8 apic sep mtrr pge mca cmov pat pse36 clflush dts acpi mmx fxsr sse sse2 ss ht tm pbe syscall nx rdtscp lm constant_tsc arch_perfmon pebs bts rep_good nopl xtopology nonstop_tsc aperfmperf eagerfpu pni pclmulqdq dtes64 monitor ds_cpl vmx est tm2 ssse3 cx16 xtpr pdcm pcid sse4_1 sse4_2 popcnt tsc_deadline_timer xsave avx lahf_lm arat epb pln pts dtherm tpr_shadow vnmi flexpriority ept vpid xsaveopt
bugs		:
bogomips	: 6585.34
clflush size	: 64
cache_alignment	: 64
address sizes	: 36 bits physical, 48 bits virtual
power management:

processor	: 2
vendor_id	: GenuineIntel
cpu family	: 6
model		: 42
model name	: Intel(R) Core(TM) i3-2120 CPU @ 3.30GHz
stepping	: 7
microcode	: 0x28
cpu MHz		: 1599.984
cache size	: 3072 KB
physical id	: 0
siblings	: 4
core id		: 0
cpu cores	: 2
apicid		: 1
initial apicid	: 1
fpu		: yes
fpu_exception	: yes
cpuid level	: 13
wp		: yes
flags		: fpu vme de pse tsc msr pae mce cx8 apic sep mtrr pge mca cmov pat pse36 clflush dts acpi mmx fxsr sse sse2 ss ht tm pbe syscall nx rdtscp lm constant_tsc arch_perfmon pebs bts rep_good nopl xtopology nonstop_tsc aperfmperf eagerfpu pni pclmulqdq dtes64 monitor ds_cpl vmx est tm2 ssse3 cx16 xtpr pdcm pcid sse4_1 sse4_2 popcnt tsc_deadline_timer xsave avx lahf_lm arat epb pln pts dtherm tpr_shadow vnmi flexpriority ept vpid xsaveopt
bugs		:
bogomips	: 6585.34
clflush size	: 64
cache_alignment	: 64
address sizes	: 36 bits physical, 48 bits virtual
power management:

processor	: 3
vendor_id	: GenuineIntel
cpu family	: 6
model		: 42
model name	: Intel(R) Core(TM) i3-2120 CPU @ 3.30GHz
stepping	: 7
microcode	: 0x28
cpu MHz		: 1604.238
cache size	: 3072 KB
physical id	: 0
siblings	: 4
core id		: 1
cpu cores	: 2
apicid		: 3
initial apicid	: 3
fpu		: yes
fpu_exception	: yes
cpuid level	: 13
wp		: yes
flags		: fpu vme de pse tsc msr pae mce cx8 apic sep mtrr pge mca cmov pat pse36 clflush dts acpi mmx fxsr sse sse2 ss ht tm pbe syscall nx rdtscp lm constant_tsc arch_perfmon pebs bts rep_good nopl xtopology nonstop_tsc aperfmperf eagerfpu pni pclmulqdq dtes64 monitor ds_cpl vmx est tm2 ssse3 cx16 xtpr pdcm pcid sse4_1 sse4_2 popcnt tsc_deadline_timer xsave avx lahf_lm arat epb pln pts dtherm tpr_shadow vnmi flexpriority ept vpid xsaveopt
bugs		:
bogomips	: 6585.34
clflush size	: 64
cache_alignment	: 64
address sizes	: 36 bits physical, 48 bits virtual
power management:



Memory: 4k page, physical 8067160k(140520k free), swap 0k(0k free)

vm_info: OpenJDK 64-Bit Server VM (25.76-b03) for linux-amd64 JRE (1.8.0_76-release-b03), built on Jun 29 2016 09:39:19 by "builder" with gcc 4.8.4

time: Tue May  2 17:51:16 2017
elapsed time: 27 seconds (0d 0h 0m 27s)

