#
# There is insufficient memory for the Java Runtime Environment to continue.
# Native memory allocation (mmap) failed to map 139460608 bytes for committing reserved memory.
# Possible reasons:
#   The system is out of physical RAM or swap space
#   In 32 bit mode, the process size limit was hit
# Possible solutions:
#   Reduce memory load on the system
#   Increase physical memory or swap space
#   Check if swap backing store is full
#   Use 64 bit Java on a 64 bit OS
#   Decrease Java heap size (-Xmx/-Xms)
#   Decrease number of Java threads
#   Decrease Java thread stack sizes (-Xss)
#   Set larger code cache with -XX:ReservedCodeCacheSize=
# This output file may be truncated or incomplete.
#
#  Out of Memory Error (os_linux.cpp:2627), pid=18086, tid=0x00007fd795c5b700
#
# JRE version: OpenJDK Runtime Environment (8.0_76-b03) (build 1.8.0_76-release-b03)
# Java VM: OpenJDK 64-Bit Server VM (25.76-b03 mixed mode linux-amd64 compressed oops)
# Failed to write core dump. Core dumps have been disabled. To enable core dumping, try "ulimit -c unlimited" before starting Java again
#

---------------  T H R E A D  ---------------

Current thread (0x00007fd7a8078000):  VMThread [stack: 0x00007fd795b5b000,0x00007fd795c5c000] [id=18096]

Stack: [0x00007fd795b5b000,0x00007fd795c5c000],  sp=0x00007fd795c5a480,  free space=1021k
Native frames: (J=compiled Java code, j=interpreted, Vv=VM code, C=native code)
V  [libjvm.so+0x9d9fcd]  VMError::report_and_die()+0x15d
V  [libjvm.so+0x4b4d4a]  report_vm_out_of_memory(char const*, int, unsigned long, VMErrorType, char const*)+0x8a
V  [libjvm.so+0x845190]  os::pd_commit_memory(char*, unsigned long, unsigned long, bool)+0xf0
V  [libjvm.so+0x83fcbf]  os::commit_memory(char*, unsigned long, unsigned long, bool)+0x1f
V  [libjvm.so+0x8b4d9b]  PSVirtualSpace::expand_by(unsigned long)+0x5b
V  [libjvm.so+0x8b5a10]  PSYoungGen::resize_generation(unsigned long, unsigned long)+0xb0
V  [libjvm.so+0x8b5d2b]  PSYoungGen::resize(unsigned long, unsigned long)+0x1b
V  [libjvm.so+0x8b241c]  PSScavenge::invoke_no_policy()+0xdac
V  [libjvm.so+0x8b2bf8]  PSScavenge::invoke()+0x38
V  [libjvm.so+0x8681f3]  ParallelScavengeHeap::failed_mem_allocate(unsigned long)+0x63
V  [libjvm.so+0x9dba94]  VM_ParallelGCFailedAllocation::doit()+0x84
V  [libjvm.so+0x9dfe47]  VM_Operation::evaluate()+0x47
V  [libjvm.so+0x9de908]  VMThread::evaluate_operation(VM_Operation*)+0x2c8
V  [libjvm.so+0x9ded89]  VMThread::loop()+0x219
V  [libjvm.so+0x9df1d2]  VMThread::run()+0x72
V  [libjvm.so+0x8425b2]  java_start(Thread*)+0xf2

VM_Operation (0x00007fd794958020): ParallelGCFailedAllocation, mode: safepoint, requested by thread 0x00007fd7a81b4800


---------------  P R O C E S S  ---------------

Java Threads: ( => current thread )
  0x00007fd7a81b8000 JavaThread "pool-2-thread-4" [_thread_blocked, id=18109, stack(0x00007fd794657000,0x00007fd794758000)]
  0x00007fd7a81b6000 JavaThread "pool-2-thread-3" [_thread_blocked, id=18108, stack(0x00007fd794758000,0x00007fd794859000)]
  0x00007fd7a81b4800 JavaThread "pool-2-thread-2" [_thread_blocked, id=18107, stack(0x00007fd794859000,0x00007fd79495a000)]
  0x00007fd7a81b3800 JavaThread "pool-3-thread-1" [_thread_blocked, id=18106, stack(0x00007fd79495a000,0x00007fd794a5b000)]
  0x00007fd7a81b1000 JavaThread "pool-2-thread-1" [_thread_blocked, id=18105, stack(0x00007fd794a5b000,0x00007fd794b5c000)]
  0x00007fd7a80c8000 JavaThread "Service Thread" daemon [_thread_blocked, id=18103, stack(0x00007fd794d72000,0x00007fd794e73000)]
  0x00007fd7a80bc800 JavaThread "C1 CompilerThread2" daemon [_thread_blocked, id=18102, stack(0x00007fd794e73000,0x00007fd794f74000)]
  0x00007fd7a80bb000 JavaThread "C2 CompilerThread1" daemon [_thread_blocked, id=18101, stack(0x00007fd794f74000,0x00007fd795075000)]
  0x00007fd7a80b8000 JavaThread "C2 CompilerThread0" daemon [_thread_in_native, id=18100, stack(0x00007fd795075000,0x00007fd795176000)]
  0x00007fd7a80b6800 JavaThread "Signal Dispatcher" daemon [_thread_blocked, id=18099, stack(0x00007fd795176000,0x00007fd795277000)]
  0x00007fd7a8084000 JavaThread "Finalizer" daemon [_thread_blocked, id=18098, stack(0x00007fd795959000,0x00007fd795a5a000)]
  0x00007fd7a807f800 JavaThread "Reference Handler" daemon [_thread_blocked, id=18097, stack(0x00007fd795a5a000,0x00007fd795b5b000)]
  0x00007fd7a800a800 JavaThread "main" [_thread_blocked, id=18089, stack(0x00007fd7af154000,0x00007fd7af255000)]

Other Threads:
=>0x00007fd7a8078000 VMThread [stack: 0x00007fd795b5b000,0x00007fd795c5c000] [id=18096]
  0x00007fd7a80ca800 WatcherThread [stack: 0x00007fd794c71000,0x00007fd794d72000] [id=18104]

VM state:at safepoint (normal execution)

VM Mutex/Monitor currently owned by a thread:  ([mutex/lock_event])
[0x00007fd7a8006a20] Threads_lock - owner thread: 0x00007fd7a8078000
[0x00007fd7a8006f20] Heap_lock - owner thread: 0x00007fd7a81b4800

Heap:
 PSYoungGen      total 844800K, used 181218K [0x000000076ab00000, 0x00000007b0200000, 0x00000007c0000000)
  eden space 663552K, 0% used [0x000000076ab00000,0x000000076ab00000,0x0000000793300000)
  from space 181248K, 99% used [0x00000007a5100000,0x00000007b01f8990,0x00000007b0200000)
  to   space 133120K, 0% used [0x0000000793300000,0x0000000793300000,0x000000079b500000)
 ParOldGen       total 458752K, used 449872K [0x00000006c0000000, 0x00000006dc000000, 0x000000076ab00000)
  object space 458752K, 98% used [0x00000006c0000000,0x00000006db754298,0x00000006dc000000)
 Metaspace       used 6572K, capacity 7280K, committed 7552K, reserved 1056768K
  class space    used 596K, capacity 616K, committed 640K, reserved 1048576K

Card table byte_map: [0x00007fd79843f000,0x00007fd798c40000] byte_map_base: 0x00007fd794e3f000

Marking Bits: (ParMarkBitMap*) 0x00007fd7ae6281a0
 Begin Bits: [0x00007fd778000000, 0x00007fd77c000000)
 End Bits:   [0x00007fd77c000000, 0x00007fd780000000)

Polling page: 0x00007fd7af272000

CodeCache: size=245760Kb used=13707Kb max_used=13718Kb free=232052Kb
 bounds [0x00007fd799000000, 0x00007fd799d70000, 0x00007fd7a8000000]
 total_blobs=3040 nmethods=2772 adapters=182
 compilation: enabled

Compilation events (10 events):
Event: 19.911 Thread 0x00007fd7a80bb000 nmethod 2217 0x00007fd799d67310 code [0x00007fd799d67460, 0x00007fd799d674f8]
Event: 19.912 Thread 0x00007fd7a80bb000 2764       4       com.android.dx.rop.cst.CstMethodRef::<init> (7 bytes)
Event: 19.914 Thread 0x00007fd7a80bb000 nmethod 2764 0x00007fd799d66e90 code [0x00007fd799d66fe0, 0x00007fd799d67148]
Event: 19.914 Thread 0x00007fd7a80bb000 2640       4       com.android.dx.ssa.LocalVariableInfo::getStarts (19 bytes)
Event: 19.915 Thread 0x00007fd7a80bb000 nmethod 2640 0x00007fd799d66b50 code [0x00007fd799d66ca0, 0x00007fd799d66d78]
Event: 19.915 Thread 0x00007fd7a80bb000 2582       4       com.android.dx.rop.code.PlainInsn::<init> (13 bytes)
Event: 19.919 Thread 0x00007fd7a80bb000 nmethod 2582 0x00007fd799d66490 code [0x00007fd799d66600, 0x00007fd799d66898]
Event: 19.919 Thread 0x00007fd7a80bb000 1444       4       com.android.dx.rop.type.Type::isIntlike (56 bytes)
Event: 19.919 Thread 0x00007fd7a80bb000 nmethod 1444 0x00007fd799d66190 code [0x00007fd799d662e0, 0x00007fd799d66358]
Event: 19.919 Thread 0x00007fd7a80bb000 2644       4       com.android.dx.ssa.SsaBasicBlock::addPhiInsnForReg (18 bytes)

GC Heap History (10 events):
Event: 8.732 GC heap after
Heap after GC invocations=12 (full 2):
 PSYoungGen      total 655360K, used 77534K [0x000000076ab00000, 0x000000079df80000, 0x00000007c0000000)
  eden space 568832K, 0% used [0x000000076ab00000,0x000000076ab00000,0x000000078d680000)
  from space 86528K, 89% used [0x0000000794880000,0x0000000799437bc0,0x0000000799d00000)
  to   space 116736K, 0% used [0x000000078d680000,0x000000078d680000,0x0000000794880000)
 ParOldGen       total 280576K, used 158335K [0x00000006c0000000, 0x00000006d1200000, 0x000000076ab00000)
  object space 280576K, 56% used [0x00000006c0000000,0x00000006c9a9ffc8,0x00000006d1200000)
 Metaspace       used 6541K, capacity 7280K, committed 7552K, reserved 1056768K
  class space    used 594K, capacity 616K, committed 640K, reserved 1048576K
}
Event: 10.255 GC heap before
{Heap before GC invocations=13 (full 2):
 PSYoungGen      total 655360K, used 646366K [0x000000076ab00000, 0x000000079df80000, 0x00000007c0000000)
  eden space 568832K, 100% used [0x000000076ab00000,0x000000078d680000,0x000000078d680000)
  from space 86528K, 89% used [0x0000000794880000,0x0000000799437bc0,0x0000000799d00000)
  to   space 116736K, 0% used [0x000000078d680000,0x000000078d680000,0x0000000794880000)
 ParOldGen       total 280576K, used 158335K [0x00000006c0000000, 0x00000006d1200000, 0x000000076ab00000)
  object space 280576K, 56% used [0x00000006c0000000,0x00000006c9a9ffc8,0x00000006d1200000)
 Metaspace       used 6562K, capacity 7280K, committed 7552K, reserved 1056768K
  class space    used 595K, capacity 616K, committed 640K, reserved 1048576K
Event: 10.558 GC heap after
Heap after GC invocations=13 (full 2):
 PSYoungGen      total 685568K, used 68096K [0x000000076ab00000, 0x00000007a3100000, 0x00000007c0000000)
  eden space 568832K, 0% used [0x000000076ab00000,0x000000076ab00000,0x000000078d680000)
  from space 116736K, 58% used [0x000000078d680000,0x0000000791900338,0x0000000794880000)
  to   space 119296K, 0% used [0x000000079bc80000,0x000000079bc80000,0x00000007a3100000)
 ParOldGen       total 280576K, used 236349K [0x00000006c0000000, 0x00000006d1200000, 0x000000076ab00000)
  object space 280576K, 84% used [0x00000006c0000000,0x00000006ce6cf770,0x00000006d1200000)
 Metaspace       used 6562K, capacity 7280K, committed 7552K, reserved 1056768K
  class space    used 595K, capacity 616K, committed 640K, reserved 1048576K
}
Event: 10.558 GC heap before
{Heap before GC invocations=14 (full 3):
 PSYoungGen      total 685568K, used 68096K [0x000000076ab00000, 0x00000007a3100000, 0x00000007c0000000)
  eden space 568832K, 0% used [0x000000076ab00000,0x000000076ab00000,0x000000078d680000)
  from space 116736K, 58% used [0x000000078d680000,0x0000000791900338,0x0000000794880000)
  to   space 119296K, 0% used [0x000000079bc80000,0x000000079bc80000,0x00000007a3100000)
 ParOldGen       total 280576K, used 236349K [0x00000006c0000000, 0x00000006d1200000, 0x000000076ab00000)
  object space 280576K, 84% used [0x00000006c0000000,0x00000006ce6cf770,0x00000006d1200000)
 Metaspace       used 6562K, capacity 7280K, committed 7552K, reserved 1056768K
  class space    used 595K, capacity 616K, committed 640K, reserved 1048576K
Event: 11.657 GC heap after
Heap after GC invocations=14 (full 3):
 PSYoungGen      total 685568K, used 18138K [0x000000076ab00000, 0x00000007a3100000, 0x00000007c0000000)
  eden space 568832K, 0% used [0x000000076ab00000,0x000000076ab00000,0x000000078d680000)
  from space 116736K, 15% used [0x000000078d680000,0x000000078e836950,0x0000000794880000)
  to   space 119296K, 0% used [0x000000079bc80000,0x000000079bc80000,0x00000007a3100000)
 ParOldGen       total 458752K, used 280377K [0x00000006c0000000, 0x00000006dc000000, 0x000000076ab00000)
  object space 458752K, 61% used [0x00000006c0000000,0x00000006d11ce720,0x00000006dc000000)
 Metaspace       used 6562K, capacity 7280K, committed 7552K, reserved 1056768K
  class space    used 595K, capacity 616K, committed 640K, reserved 1048576K
}
Event: 13.349 GC heap before
{Heap before GC invocations=15 (full 3):
 PSYoungGen      total 685568K, used 586970K [0x000000076ab00000, 0x00000007a3100000, 0x00000007c0000000)
  eden space 568832K, 100% used [0x000000076ab00000,0x000000078d680000,0x000000078d680000)
  from space 116736K, 15% used [0x000000078d680000,0x000000078e836950,0x0000000794880000)
  to   space 119296K, 0% used [0x000000079bc80000,0x000000079bc80000,0x00000007a3100000)
 ParOldGen       total 458752K, used 280377K [0x00000006c0000000, 0x00000006dc000000, 0x000000076ab00000)
  object space 458752K, 61% used [0x00000006c0000000,0x00000006d11ce720,0x00000006dc000000)
 Metaspace       used 6566K, capacity 7280K, committed 7552K, reserved 1056768K
  class space    used 595K, capacity 616K, committed 640K, reserved 1048576K
Event: 13.621 GC heap after
Heap after GC invocations=15 (full 3):
 PSYoungGen      total 782848K, used 100961K [0x000000076ab00000, 0x00000007a3700000, 0x00000007c0000000)
  eden space 663552K, 0% used [0x000000076ab00000,0x000000076ab00000,0x0000000793300000)
  from space 119296K, 84% used [0x000000079bc80000,0x00000007a1f18588,0x00000007a3100000)
  to   space 133120K, 0% used [0x0000000793300000,0x0000000793300000,0x000000079b500000)
 ParOldGen       total 458752K, used 280377K [0x00000006c0000000, 0x00000006dc000000, 0x000000076ab00000)
  object space 458752K, 61% used [0x00000006c0000000,0x00000006d11ce720,0x00000006dc000000)
 Metaspace       used 6566K, capacity 7280K, committed 7552K, reserved 1056768K
  class space    used 595K, capacity 616K, committed 640K, reserved 1048576K
}
Event: 15.538 GC heap before
{Heap before GC invocations=16 (full 3):
 PSYoungGen      total 782848K, used 764513K [0x000000076ab00000, 0x00000007a3700000, 0x00000007c0000000)
  eden space 663552K, 100% used [0x000000076ab00000,0x0000000793300000,0x0000000793300000)
  from space 119296K, 84% used [0x000000079bc80000,0x00000007a1f18588,0x00000007a3100000)
  to   space 133120K, 0% used [0x0000000793300000,0x0000000793300000,0x000000079b500000)
 ParOldGen       total 458752K, used 280377K [0x00000006c0000000, 0x00000006dc000000, 0x000000076ab00000)
  object space 458752K, 61% used [0x00000006c0000000,0x00000006d11ce720,0x00000006dc000000)
 Metaspace       used 6569K, capacity 7280K, committed 7552K, reserved 1056768K
  class space    used 595K, capacity 616K, committed 640K, reserved 1048576K
Event: 15.756 GC heap after
Heap after GC invocations=16 (full 3):
 PSYoungGen      total 796672K, used 133112K [0x000000076ab00000, 0x00000007b0200000, 0x00000007c0000000)
  eden space 663552K, 0% used [0x000000076ab00000,0x000000076ab00000,0x0000000793300000)
  from space 133120K, 99% used [0x0000000793300000,0x000000079b4fe280,0x000000079b500000)
  to   space 181248K, 0% used [0x00000007a5100000,0x00000007a5100000,0x00000007b0200000)
 ParOldGen       total 458752K, used 348338K [0x00000006c0000000, 0x00000006dc000000, 0x000000076ab00000)
  object space 458752K, 75% used [0x00000006c0000000,0x00000006d542cb50,0x00000006dc000000)
 Metaspace       used 6569K, capacity 7280K, committed 7552K, reserved 1056768K
  class space    used 595K, capacity 616K, committed 640K, reserved 1048576K
}
Event: 19.971 GC heap before
{Heap before GC invocations=17 (full 3):
 PSYoungGen      total 796672K, used 796664K [0x000000076ab00000, 0x00000007b0200000, 0x00000007c0000000)
  eden space 663552K, 100% used [0x000000076ab00000,0x0000000793300000,0x0000000793300000)
  from space 133120K, 99% used [0x0000000793300000,0x000000079b4fe280,0x000000079b500000)
  to   space 181248K, 0% used [0x00000007a5100000,0x00000007a5100000,0x00000007b0200000)
 ParOldGen       total 458752K, used 348338K [0x00000006c0000000, 0x00000006dc000000, 0x000000076ab00000)
  object space 458752K, 75% used [0x00000006c0000000,0x00000006d542cb50,0x00000006dc000000)
 Metaspace       used 6572K, capacity 7280K, committed 7552K, reserved 1056768K
  class space    used 596K, capacity 616K, committed 640K, reserved 1048576K

Deoptimization events (10 events):
Event: 14.569 Thread 0x00007fd7a81b1000 Uncommon trap: reason=unstable_if action=reinterpret pc=0x00007fd799bd2014 method=com.android.dx.cf.code.ByteCatchList.toRopCatchList()Lcom/android/dx/rop/type/TypeList; @ 6
Event: 15.166 Thread 0x00007fd7a800a800 Uncommon trap: reason=unstable_if action=reinterpret pc=0x00007fd799c43270 method=com.android.dx.ssa.back.FirstFitLocalCombiningAllocator.getAlignment(I)Lcom/android/dx/ssa/back/FirstFitLocalCombiningAllocator$Alignment; @ 16
Event: 15.925 Thread 0x00007fd7a800a800 Uncommon trap: reason=unstable_if action=reinterpret pc=0x00007fd799c72044 method=com.android.dx.ssa.SsaBasicBlock.scheduleMovesFromPhis()V @ 63
Event: 16.238 Thread 0x00007fd7a81b1000 Uncommon trap: reason=unstable_if action=reinterpret pc=0x00007fd799c9d97c method=com.android.dx.cf.code.Merger.isPossiblyAssignableFrom(Lcom/android/dx/rop/type/TypeBearer;Lcom/android/dx/rop/type/TypeBearer;)Z @ 131
Event: 16.287 Thread 0x00007fd7a81b4800 Uncommon trap: reason=class_check action=maybe_recompile pc=0x00007fd7999c8390 method=com.android.dx.ssa.SCCP.simulateBranch(Lcom/android/dx/ssa/SsaInsn;)V @ 339
Event: 16.298 Thread 0x00007fd7a81b6000 Uncommon trap: reason=unstable_if action=reinterpret pc=0x00007fd799c1ba20 method=com.android.dx.cf.code.Merger.mergeType(Lcom/android/dx/rop/type/TypeBearer;Lcom/android/dx/rop/type/TypeBearer;)Lcom/android/dx/rop/type/TypeBearer; @ 133
Event: 16.303 Thread 0x00007fd7a81b4800 Uncommon trap: reason=class_check action=maybe_recompile pc=0x00007fd7999c8390 method=com.android.dx.ssa.SCCP.simulateBranch(Lcom/android/dx/ssa/SsaInsn;)V @ 339
Event: 16.334 Thread 0x00007fd7a81b6000 Uncommon trap: reason=unstable_if action=reinterpret pc=0x00007fd799cb3d88 method=com.android.dx.ssa.SCCP.replaceBranches()V @ 14
Event: 16.336 Thread 0x00007fd7a81b6000 Uncommon trap: reason=unstable_if action=reinterpret pc=0x00007fd799c79cc8 method=com.android.dx.ssa.SCCP.replaceBranches()V @ 14
Event: 16.556 Thread 0x00007fd7a81b8000 Uncommon trap: reason=unstable_if action=reinterpret pc=0x00007fd799ca1164 method=com.android.dx.ssa.InterferenceRegisterMapper.interferes(III)Z @ 55

Internal exceptions (7 events):
Event: 0.016 Thread 0x00007fd7a800a800 Exception <a 'java/lang/NoSuchMethodError': Method sun.misc.Unsafe.defineClass(Ljava/lang/String;[BII)Ljava/lang/Class; name or signature does not match> (0x000000076ab07cc0) thrown at [/ssd/Android/AOSP-openjdk/external/jetbrains/jdk/hotspot/src/share/vm
Event: 0.016 Thread 0x00007fd7a800a800 Exception <a 'java/lang/NoSuchMethodError': Method sun.misc.Unsafe.prefetchRead(Ljava/lang/Object;J)V name or signature does not match> (0x000000076ab07fa8) thrown at [/ssd/Android/AOSP-openjdk/external/jetbrains/jdk/hotspot/src/share/vm/prims/jni.cpp, li
Event: 0.898 Thread 0x00007fd7a81b8000 Implicit null exception at 0x00007fd799399fbf to 0x00007fd79939d025
Event: 0.913 Thread 0x00007fd7a81b4800 Implicit null exception at 0x00007fd7993ef6c6 to 0x00007fd7993ef859
Event: 1.864 Thread 0x00007fd7a81b1000 Exception <a 'java/lang/ArrayIndexOutOfBoundsException': 18> (0x000000076fe06730) thrown at [/ssd/Android/AOSP-openjdk/external/jetbrains/jdk/hotspot/src/share/vm/interpreter/interpreterRuntime.cpp, line 366]
Event: 1.864 Thread 0x00007fd7a81b1000 Exception <a 'java/lang/ArrayIndexOutOfBoundsException': 145> (0x000000076fe082b0) thrown at [/ssd/Android/AOSP-openjdk/external/jetbrains/jdk/hotspot/src/share/vm/interpreter/interpreterRuntime.cpp, line 366]
Event: 1.865 Thread 0x00007fd7a81b1000 Exception <a 'java/lang/ArrayIndexOutOfBoundsException': 40> (0x000000076fe09598) thrown at [/ssd/Android/AOSP-openjdk/external/jetbrains/jdk/hotspot/src/share/vm/interpreter/interpreterRuntime.cpp, line 366]

Events (10 events):
Event: 19.890 Thread 0x00007fd7a81b1000 DEOPT UNPACKING pc=0x00007fd799047373 sp=0x00007fd794b59bb8 mode 0
Event: 19.888 Thread 0x00007fd7a81b8000 DEOPT PACKING pc=0x00007fd79932a5bd sp=0x00007fd794755e30
Event: 19.890 Thread 0x00007fd7a81b6000 DEOPT PACKING pc=0x00007fd79932a5bd sp=0x00007fd794856e30
Event: 19.890 Thread 0x00007fd7a81b6000 DEOPT UNPACKING pc=0x00007fd799047373 sp=0x00007fd794856bb8 mode 0
Event: 19.891 Thread 0x00007fd7a81b6000 DEOPT PACKING pc=0x00007fd79932a5bd sp=0x00007fd794856e30
Event: 19.891 Thread 0x00007fd7a81b6000 DEOPT UNPACKING pc=0x00007fd799047373 sp=0x00007fd794856bb8 mode 0
Event: 19.891 Thread 0x00007fd7a81b4800 DEOPT PACKING pc=0x00007fd79932a5bd sp=0x00007fd794957e30
Event: 19.891 Thread 0x00007fd7a81b4800 DEOPT UNPACKING pc=0x00007fd799047373 sp=0x00007fd794957bb8 mode 0
Event: 19.902 Thread 0x00007fd7a81b8000 DEOPT UNPACKING pc=0x00007fd799047373 sp=0x00007fd794755bb8 mode 0
Event: 19.963 Executing VM operation: ParallelGCFailedAllocation


Dynamic libraries:
00400000-00401000 r-xp 00000000 08:01 11419229                           /home/android/Documents/Studio_setup/android-studio/jre/bin/java
00600000-00601000 r--p 00000000 08:01 11419229                           /home/android/Documents/Studio_setup/android-studio/jre/bin/java
00601000-00602000 rw-p 00001000 08:01 11419229                           /home/android/Documents/Studio_setup/android-studio/jre/bin/java
00b9c000-00bbd000 rw-p 00000000 00:00 0                                  [heap]
6c0000000-6dc000000 rw-p 00000000 00:00 0 
6dc000000-76ab00000 ---p 00000000 00:00 0 
76ab00000-7b0200000 rw-p 00000000 00:00 0 
7b8700000-7c0000000 ---p 00000000 00:00 0 
7c0000000-7c00a0000 rw-p 00000000 00:00 0 
7c00a0000-800000000 ---p 00000000 00:00 0 
7fd740000000-7fd740024000 rw-p 00000000 00:00 0 
7fd740024000-7fd744000000 ---p 00000000 00:00 0 
7fd748000000-7fd748040000 rw-p 00000000 00:00 0 
7fd748040000-7fd74c000000 ---p 00000000 00:00 0 
7fd74c000000-7fd74c034000 rw-p 00000000 00:00 0 
7fd74c034000-7fd750000000 ---p 00000000 00:00 0 
7fd750000000-7fd750033000 rw-p 00000000 00:00 0 
7fd750033000-7fd754000000 ---p 00000000 00:00 0 
7fd754000000-7fd754021000 rw-p 00000000 00:00 0 
7fd754021000-7fd758000000 ---p 00000000 00:00 0 
7fd758000000-7fd758a47000 rw-p 00000000 00:00 0 
7fd758a47000-7fd75c000000 ---p 00000000 00:00 0 
7fd75c000000-7fd75c021000 rw-p 00000000 00:00 0 
7fd75c021000-7fd760000000 ---p 00000000 00:00 0 
7fd760000000-7fd761450000 rw-p 00000000 00:00 0 
7fd761450000-7fd764000000 ---p 00000000 00:00 0 
7fd764000000-7fd765882000 rw-p 00000000 00:00 0 
7fd765882000-7fd768000000 ---p 00000000 00:00 0 
7fd768000000-7fd768021000 rw-p 00000000 00:00 0 
7fd768021000-7fd76c000000 ---p 00000000 00:00 0 
7fd76c000000-7fd76c021000 rw-p 00000000 00:00 0 
7fd76c021000-7fd770000000 ---p 00000000 00:00 0 
7fd770000000-7fd77027f000 rw-p 00000000 00:00 0 
7fd77027f000-7fd774000000 ---p 00000000 00:00 0 
7fd774000000-7fd774021000 rw-p 00000000 00:00 0 
7fd774021000-7fd778000000 ---p 00000000 00:00 0 
7fd778000000-7fd780000000 rw-p 00000000 00:00 0 
7fd780000000-7fd780021000 rw-p 00000000 00:00 0 
7fd780021000-7fd784000000 ---p 00000000 00:00 0 
7fd784000000-7fd784021000 rw-p 00000000 00:00 0 
7fd784021000-7fd788000000 ---p 00000000 00:00 0 
7fd788000000-7fd788021000 rw-p 00000000 00:00 0 
7fd788021000-7fd78c000000 ---p 00000000 00:00 0 
7fd78c000000-7fd78c021000 rw-p 00000000 00:00 0 
7fd78c021000-7fd790000000 ---p 00000000 00:00 0 
7fd790000000-7fd790021000 rw-p 00000000 00:00 0 
7fd790021000-7fd794000000 ---p 00000000 00:00 0 
7fd794657000-7fd79465a000 ---p 00000000 00:00 0 
7fd79465a000-7fd794758000 rw-p 00000000 00:00 0 
7fd794758000-7fd79475b000 ---p 00000000 00:00 0 
7fd79475b000-7fd794859000 rw-p 00000000 00:00 0 
7fd794859000-7fd79485c000 ---p 00000000 00:00 0 
7fd79485c000-7fd79495a000 rw-p 00000000 00:00 0 
7fd79495a000-7fd79495d000 ---p 00000000 00:00 0 
7fd79495d000-7fd794a5b000 rw-p 00000000 00:00 0 
7fd794a5b000-7fd794a5e000 ---p 00000000 00:00 0 
7fd794a5e000-7fd794b5c000 rw-p 00000000 00:00 0 
7fd794b5c000-7fd794c71000 r--s 00b5a000 08:01 272653                     /home/android/Documents/MXI Projects/Goal Keeper/BackUp/May/2/Goalkeeper/app/build/intermediates/transforms/jarMerging/debug/jars/1/1f/combined.jar
7fd794c71000-7fd794c72000 ---p 00000000 00:00 0 
7fd794c72000-7fd794d72000 rw-p 00000000 00:00 0 
7fd794d72000-7fd794d75000 ---p 00000000 00:00 0 
7fd794d75000-7fd794e73000 rw-p 00000000 00:00 0 
7fd794e73000-7fd794e76000 ---p 00000000 00:00 0 
7fd794e76000-7fd794f74000 rw-p 00000000 00:00 0 
7fd794f74000-7fd794f77000 ---p 00000000 00:00 0 
7fd794f77000-7fd795075000 rw-p 00000000 00:00 0 
7fd795075000-7fd795078000 ---p 00000000 00:00 0 
7fd795078000-7fd795176000 rw-p 00000000 00:00 0 
7fd795176000-7fd795179000 ---p 00000000 00:00 0 
7fd795179000-7fd795277000 rw-p 00000000 00:00 0 
7fd795277000-7fd795959000 r--p 00000000 08:01 8133439                    /usr/lib/locale/locale-archive
7fd795959000-7fd79595c000 ---p 00000000 00:00 0 
7fd79595c000-7fd795a5a000 rw-p 00000000 00:00 0 
7fd795a5a000-7fd795a5d000 ---p 00000000 00:00 0 
7fd795a5d000-7fd795b5b000 rw-p 00000000 00:00 0 
7fd795b5b000-7fd795b5c000 ---p 00000000 00:00 0 
7fd795b5c000-7fd796c1b000 rw-p 00000000 00:00 0 
7fd796c1b000-7fd796de8000 r--s 03bec000 08:01 11806854                   /home/android/Documents/Studio_setup/android-studio/jre/jre/lib/rt.jar
7fd796de8000-7fd7974a8000 rw-p 00000000 00:00 0 
7fd7974a8000-7fd7975e8000 ---p 00000000 00:00 0 
7fd7975e8000-7fd797de8000 rw-p 00000000 00:00 0 
7fd797de8000-7fd797de9000 ---p 00000000 00:00 0 
7fd797de9000-7fd797fc9000 rw-p 00000000 00:00 0 
7fd797fc9000-7fd79843f000 ---p 00000000 00:00 0 
7fd79843f000-7fd79851f000 rw-p 00000000 00:00 0 
7fd79851f000-7fd798994000 ---p 00000000 00:00 0 
7fd798994000-7fd798bc0000 rw-p 00000000 00:00 0 
7fd798bc0000-7fd798c3f000 ---p 00000000 00:00 0 
7fd798c3f000-7fd798c76000 rw-p 00000000 00:00 0 
7fd798c76000-7fd799000000 ---p 00000000 00:00 0 
7fd799000000-7fd799d70000 rwxp 00000000 00:00 0 
7fd799d70000-7fd7a8000000 ---p 00000000 00:00 0 
7fd7a8000000-7fd7a83d4000 rw-p 00000000 00:00 0 
7fd7a83d4000-7fd7ac000000 ---p 00000000 00:00 0 
7fd7ac004000-7fd7ac0bc000 rw-p 00000000 00:00 0 
7fd7ac0bc000-7fd7ac0bd000 ---p 00000000 00:00 0 
7fd7ac0bd000-7fd7ac1bd000 rw-p 00000000 00:00 0 
7fd7ac1bd000-7fd7ac1be000 ---p 00000000 00:00 0 
7fd7ac1be000-7fd7ac2be000 rw-p 00000000 00:00 0 
7fd7ac2be000-7fd7ac2bf000 ---p 00000000 00:00 0 
7fd7ac2bf000-7fd7ac3bf000 rw-p 00000000 00:00 0 
7fd7ac3bf000-7fd7ac3d9000 r-xp 00000000 08:01 11806878                   /home/android/Documents/Studio_setup/android-studio/jre/jre/lib/amd64/libzip.so
7fd7ac3d9000-7fd7ac5d9000 ---p 0001a000 08:01 11806878                   /home/android/Documents/Studio_setup/android-studio/jre/jre/lib/amd64/libzip.so
7fd7ac5d9000-7fd7ac5da000 r--p 0001a000 08:01 11806878                   /home/android/Documents/Studio_setup/android-studio/jre/jre/lib/amd64/libzip.so
7fd7ac5da000-7fd7ac5db000 rw-p 0001b000 08:01 11806878                   /home/android/Documents/Studio_setup/android-studio/jre/jre/lib/amd64/libzip.so
7fd7ac5db000-7fd7ac5e5000 r-xp 00000000 08:01 6954087                    /lib/x86_64-linux-gnu/libnss_files-2.19.so
7fd7ac5e5000-7fd7ac7e4000 ---p 0000a000 08:01 6954087                    /lib/x86_64-linux-gnu/libnss_files-2.19.so
7fd7ac7e4000-7fd7ac7e5000 r--p 00009000 08:01 6954087                    /lib/x86_64-linux-gnu/libnss_files-2.19.so
7fd7ac7e5000-7fd7ac7e6000 rw-p 0000a000 08:01 6954087                    /lib/x86_64-linux-gnu/libnss_files-2.19.so
7fd7ac7e6000-7fd7ac7f1000 r-xp 00000000 08:01 6954079                    /lib/x86_64-linux-gnu/libnss_nis-2.19.so
7fd7ac7f1000-7fd7ac9f0000 ---p 0000b000 08:01 6954079                    /lib/x86_64-linux-gnu/libnss_nis-2.19.so
7fd7ac9f0000-7fd7ac9f1000 r--p 0000a000 08:01 6954079                    /lib/x86_64-linux-gnu/libnss_nis-2.19.so
7fd7ac9f1000-7fd7ac9f2000 rw-p 0000b000 08:01 6954079                    /lib/x86_64-linux-gnu/libnss_nis-2.19.so
7fd7ac9f2000-7fd7aca09000 r-xp 00000000 08:01 6954075                    /lib/x86_64-linux-gnu/libnsl-2.19.so
7fd7aca09000-7fd7acc08000 ---p 00017000 08:01 6954075                    /lib/x86_64-linux-gnu/libnsl-2.19.so
7fd7acc08000-7fd7acc09000 r--p 00016000 08:01 6954075                    /lib/x86_64-linux-gnu/libnsl-2.19.so
7fd7acc09000-7fd7acc0a000 rw-p 00017000 08:01 6954075                    /lib/x86_64-linux-gnu/libnsl-2.19.so
7fd7acc0a000-7fd7acc0c000 rw-p 00000000 00:00 0 
7fd7acc0c000-7fd7acc15000 r-xp 00000000 08:01 6954074                    /lib/x86_64-linux-gnu/libnss_compat-2.19.so
7fd7acc15000-7fd7ace14000 ---p 00009000 08:01 6954074                    /lib/x86_64-linux-gnu/libnss_compat-2.19.so
7fd7ace14000-7fd7ace15000 r--p 00008000 08:01 6954074                    /lib/x86_64-linux-gnu/libnss_compat-2.19.so
7fd7ace15000-7fd7ace16000 rw-p 00009000 08:01 6954074                    /lib/x86_64-linux-gnu/libnss_compat-2.19.so
7fd7ace16000-7fd7ace43000 r-xp 00000000 08:01 11806888                   /home/android/Documents/Studio_setup/android-studio/jre/jre/lib/amd64/libjava.so
7fd7ace43000-7fd7ad042000 ---p 0002d000 08:01 11806888                   /home/android/Documents/Studio_setup/android-studio/jre/jre/lib/amd64/libjava.so
7fd7ad042000-7fd7ad043000 r--p 0002c000 08:01 11806888                   /home/android/Documents/Studio_setup/android-studio/jre/jre/lib/amd64/libjava.so
7fd7ad043000-7fd7ad045000 rw-p 0002d000 08:01 11806888                   /home/android/Documents/Studio_setup/android-studio/jre/jre/lib/amd64/libjava.so
7fd7ad045000-7fd7ad055000 r-xp 00000000 08:01 11806904                   /home/android/Documents/Studio_setup/android-studio/jre/jre/lib/amd64/libverify.so
7fd7ad055000-7fd7ad254000 ---p 00010000 08:01 11806904                   /home/android/Documents/Studio_setup/android-studio/jre/jre/lib/amd64/libverify.so
7fd7ad254000-7fd7ad256000 r--p 0000f000 08:01 11806904                   /home/android/Documents/Studio_setup/android-studio/jre/jre/lib/amd64/libverify.so
7fd7ad256000-7fd7ad257000 rw-p 00011000 08:01 11806904                   /home/android/Documents/Studio_setup/android-studio/jre/jre/lib/amd64/libverify.so
7fd7ad257000-7fd7ad25e000 r-xp 00000000 08:01 6954083                    /lib/x86_64-linux-gnu/librt-2.19.so
7fd7ad25e000-7fd7ad45d000 ---p 00007000 08:01 6954083                    /lib/x86_64-linux-gnu/librt-2.19.so
7fd7ad45d000-7fd7ad45e000 r--p 00006000 08:01 6954083                    /lib/x86_64-linux-gnu/librt-2.19.so
7fd7ad45e000-7fd7ad45f000 rw-p 00007000 08:01 6954083                    /lib/x86_64-linux-gnu/librt-2.19.so
7fd7ad45f000-7fd7ad564000 r-xp 00000000 08:01 6954069                    /lib/x86_64-linux-gnu/libm-2.19.so
7fd7ad564000-7fd7ad763000 ---p 00105000 08:01 6954069                    /lib/x86_64-linux-gnu/libm-2.19.so
7fd7ad763000-7fd7ad764000 r--p 00104000 08:01 6954069                    /lib/x86_64-linux-gnu/libm-2.19.so
7fd7ad764000-7fd7ad765000 rw-p 00105000 08:01 6954069                    /lib/x86_64-linux-gnu/libm-2.19.so
7fd7ad765000-7fd7ae34b000 r-xp 00000000 08:01 11806907                   /home/android/Documents/Studio_setup/android-studio/jre/jre/lib/amd64/server/libjvm.so
7fd7ae34b000-7fd7ae54b000 ---p 00be6000 08:01 11806907                   /home/android/Documents/Studio_setup/android-studio/jre/jre/lib/amd64/server/libjvm.so
7fd7ae54b000-7fd7ae5ea000 r--p 00be6000 08:01 11806907                   /home/android/Documents/Studio_setup/android-studio/jre/jre/lib/amd64/server/libjvm.so
7fd7ae5ea000-7fd7ae613000 rw-p 00c85000 08:01 11806907                   /home/android/Documents/Studio_setup/android-studio/jre/jre/lib/amd64/server/libjvm.so
7fd7ae613000-7fd7ae655000 rw-p 00000000 00:00 0 
7fd7ae655000-7fd7ae66e000 r-xp 00000000 08:01 6954076                    /lib/x86_64-linux-gnu/libpthread-2.19.so
7fd7ae66e000-7fd7ae86d000 ---p 00019000 08:01 6954076                    /lib/x86_64-linux-gnu/libpthread-2.19.so
7fd7ae86d000-7fd7ae86e000 r--p 00018000 08:01 6954076                    /lib/x86_64-linux-gnu/libpthread-2.19.so
7fd7ae86e000-7fd7ae86f000 rw-p 00019000 08:01 6954076                    /lib/x86_64-linux-gnu/libpthread-2.19.so
7fd7ae86f000-7fd7ae873000 rw-p 00000000 00:00 0 
7fd7ae873000-7fd7ae876000 r-xp 00000000 08:01 6954071                    /lib/x86_64-linux-gnu/libdl-2.19.so
7fd7ae876000-7fd7aea75000 ---p 00003000 08:01 6954071                    /lib/x86_64-linux-gnu/libdl-2.19.so
7fd7aea75000-7fd7aea76000 r--p 00002000 08:01 6954071                    /lib/x86_64-linux-gnu/libdl-2.19.so
7fd7aea76000-7fd7aea77000 rw-p 00003000 08:01 6954071                    /lib/x86_64-linux-gnu/libdl-2.19.so
7fd7aea77000-7fd7aec31000 r-xp 00000000 08:01 6954084                    /lib/x86_64-linux-gnu/libc-2.19.so
7fd7aec31000-7fd7aee31000 ---p 001ba000 08:01 6954084                    /lib/x86_64-linux-gnu/libc-2.19.so
7fd7aee31000-7fd7aee35000 r--p 001ba000 08:01 6954084                    /lib/x86_64-linux-gnu/libc-2.19.so
7fd7aee35000-7fd7aee37000 rw-p 001be000 08:01 6954084                    /lib/x86_64-linux-gnu/libc-2.19.so
7fd7aee37000-7fd7aee3c000 rw-p 00000000 00:00 0 
7fd7aee3c000-7fd7aee52000 r-xp 00000000 08:01 11409282                   /home/android/Documents/Studio_setup/android-studio/jre/lib/amd64/jli/libjli.so
7fd7aee52000-7fd7af051000 ---p 00016000 08:01 11409282                   /home/android/Documents/Studio_setup/android-studio/jre/lib/amd64/jli/libjli.so
7fd7af051000-7fd7af052000 r--p 00015000 08:01 11409282                   /home/android/Documents/Studio_setup/android-studio/jre/lib/amd64/jli/libjli.so
7fd7af052000-7fd7af053000 rw-p 00016000 08:01 11409282                   /home/android/Documents/Studio_setup/android-studio/jre/lib/amd64/jli/libjli.so
7fd7af053000-7fd7af076000 r-xp 00000000 08:01 6954077                    /lib/x86_64-linux-gnu/ld-2.19.so
7fd7af081000-7fd7af154000 rw-p 00000000 00:00 0 
7fd7af154000-7fd7af157000 ---p 00000000 00:00 0 
7fd7af157000-7fd7af25a000 rw-p 00000000 00:00 0 
7fd7af25a000-7fd7af269000 r--s 000df000 08:01 6295025                    /home/android/Android/Sdk/build-tools/23.0.2/lib/dx.jar
7fd7af269000-7fd7af271000 rw-s 00000000 08:01 272654                     /tmp/hsperfdata_android/18086
7fd7af271000-7fd7af272000 rw-p 00000000 00:00 0 
7fd7af272000-7fd7af273000 ---p 00000000 00:00 0 
7fd7af273000-7fd7af275000 rw-p 00000000 00:00 0 
7fd7af275000-7fd7af276000 r--p 00022000 08:01 6954077                    /lib/x86_64-linux-gnu/ld-2.19.so
7fd7af276000-7fd7af277000 rw-p 00023000 08:01 6954077                    /lib/x86_64-linux-gnu/ld-2.19.so
7fd7af277000-7fd7af278000 rw-p 00000000 00:00 0 
7ffc1409a000-7ffc140bb000 rw-p 00000000 00:00 0                          [stack]
7ffc14171000-7ffc14173000 r--p 00000000 00:00 0                          [vvar]
7ffc14173000-7ffc14175000 r-xp 00000000 00:00 0                          [vdso]
ffffffffff600000-ffffffffff601000 r-xp 00000000 00:00 0                  [vsyscall]

VM Arguments:
jvm_args: -Djava.awt.headless=true -Xmx4g -Dfile.encoding=UTF-8 -Duser.country=IN -Duser.language=en -Duser.variant 
java_command: com.android.dx.command.Main --dex --num-threads=4 --multi-dex --main-dex-list /home/android/Documents/MXI Projects/Goal Keeper/BackUp/May/2/Goalkeeper/app/build/intermediates/multi-dex/debug/maindexlist.txt --output /home/android/Documents/MXI Projects/Goal Keeper/BackUp/May/2/Goalkeeper/app/build/intermediates/transforms/dex/debug/folders/1000/1f/main /home/android/Documents/MXI Projects/Goal Keeper/BackUp/May/2/Goalkeeper/app/build/intermediates/transforms/jarMerging/debug/jars/1/1f/combined.jar
java_class_path (initial): /home/android/Android/Sdk/build-tools/23.0.2/lib/dx.jar
Launcher Type: SUN_STANDARD

Environment Variables:
JAVA_HOME=/usr/lib/jvm/java-8-oracle
PATH=/usr/local/sbin:/usr/local/bin:/usr/sbin:/usr/bin:/sbin:/bin:/usr/games:/usr/local/games:/usr/lib/jvm/java-8-oracle/bin:/usr/lib/jvm/java-8-oracle/db/bin:/usr/lib/jvm/java-8-oracle/jre/bin
LD_LIBRARY_PATH=/home/android/Documents/Studio_setup/android-studio/bin:
SHELL=/bin/bash
DISPLAY=:0

Signal Handlers:
SIGSEGV: [libjvm.so+0x9daac0], sa_mask[0]=11111111011111111101111111111110, sa_flags=SA_RESTART|SA_SIGINFO
SIGBUS: [libjvm.so+0x9daac0], sa_mask[0]=11111111011111111101111111111110, sa_flags=SA_RESTART|SA_SIGINFO
SIGFPE: [libjvm.so+0x840d90], sa_mask[0]=11111111011111111101111111111110, sa_flags=SA_RESTART|SA_SIGINFO
SIGPIPE: [libjvm.so+0x840d90], sa_mask[0]=11111111011111111101111111111110, sa_flags=SA_RESTART|SA_SIGINFO
SIGXFSZ: [libjvm.so+0x840d90], sa_mask[0]=11111111011111111101111111111110, sa_flags=SA_RESTART|SA_SIGINFO
SIGILL: [libjvm.so+0x840d90], sa_mask[0]=11111111011111111101111111111110, sa_flags=SA_RESTART|SA_SIGINFO
SIGUSR1: SIG_DFL, sa_mask[0]=00000000000000000000000000000000, sa_flags=none
SIGUSR2: [libjvm.so+0x840c60], sa_mask[0]=00100000000000000000000000000000, sa_flags=SA_RESTART|SA_SIGINFO
SIGHUP: [libjvm.so+0x840e50], sa_mask[0]=11111111011111111101111111111110, sa_flags=SA_RESTART|SA_SIGINFO
SIGINT: [libjvm.so+0x840e50], sa_mask[0]=11111111011111111101111111111110, sa_flags=SA_RESTART|SA_SIGINFO
SIGTERM: [libjvm.so+0x840e50], sa_mask[0]=11111111011111111101111111111110, sa_flags=SA_RESTART|SA_SIGINFO
SIGQUIT: [libjvm.so+0x840e50], sa_mask[0]=11111111011111111101111111111110, sa_flags=SA_RESTART|SA_SIGINFO


---------------  S Y S T E M  ---------------

OS:DISTRIB_ID=Ubuntu
DISTRIB_RELEASE=14.04
DISTRIB_CODENAME=trusty
DISTRIB_DESCRIPTION="Ubuntu 14.04.4 LTS"

uname:Linux 4.2.0-42-generic #49~14.04.1-Ubuntu SMP Wed Jun 29 20:22:11 UTC 2016 x86_64
libc:glibc 2.19 NPTL 2.19 
rlimit: STACK 8192k, CORE 0k, NPROC 31428, NOFILE 4096, AS infinity
load average:2.87 1.06 0.68

/proc/meminfo:
MemTotal:        8067160 kB
MemFree:          131460 kB
MemAvailable:     109136 kB
Buffers:            2236 kB
Cached:           505548 kB
SwapCached:            0 kB
Active:          7326028 kB
Inactive:         432744 kB
Active(anon):    7292332 kB
Inactive(anon):   396228 kB
Active(file):      33696 kB
Inactive(file):    36516 kB
Unevictable:          32 kB
Mlocked:              32 kB
SwapTotal:             0 kB
SwapFree:              0 kB
Dirty:               312 kB
Writeback:             0 kB
AnonPages:       7251128 kB
Mapped:           154832 kB
Shmem:            437496 kB
Slab:              87560 kB
SReclaimable:      54076 kB
SUnreclaim:        33484 kB
KernelStack:        9664 kB
PageTables:        43316 kB
NFS_Unstable:          0 kB
Bounce:                0 kB
WritebackTmp:          0 kB
CommitLimit:     4033580 kB
Committed_AS:   10494884 kB
VmallocTotal:   34359738367 kB
VmallocUsed:      354488 kB
VmallocChunk:   34358947836 kB
HardwareCorrupted:     0 kB
AnonHugePages:   4184064 kB
CmaTotal:              0 kB
CmaFree:               0 kB
HugePages_Total:       0
HugePages_Free:        0
HugePages_Rsvd:        0
HugePages_Surp:        0
Hugepagesize:       2048 kB
DirectMap4k:      121284 kB
DirectMap2M:     8159232 kB


CPU:total 4 (2 cores per cpu, 2 threads per core) family 6 model 42 stepping 7, cmov, cx8, fxsr, mmx, sse, sse2, sse3, ssse3, sse4.1, sse4.2, popcnt, avx, clmul, ht, tsc, tscinvbit

/proc/cpuinfo:
processor	: 0
vendor_id	: GenuineIntel
cpu family	: 6
model		: 42
model name	: Intel(R) Core(TM) i3-2120 CPU @ 3.30GHz
stepping	: 7
microcode	: 0x28
cpu MHz		: 3300.000
cache size	: 3072 KB
physical id	: 0
siblings	: 4
core id		: 0
cpu cores	: 2
apicid		: 0
initial apicid	: 0
fpu		: yes
fpu_exception	: yes
cpuid level	: 13
wp		: yes
flags		: fpu vme de pse tsc msr pae mce cx8 apic sep mtrr pge mca cmov pat pse36 clflush dts acpi mmx fxsr sse sse2 ss ht tm pbe syscall nx rdtscp lm constant_tsc arch_perfmon pebs bts rep_good nopl xtopology nonstop_tsc aperfmperf eagerfpu pni pclmulqdq dtes64 monitor ds_cpl vmx est tm2 ssse3 cx16 xtpr pdcm pcid sse4_1 sse4_2 popcnt tsc_deadline_timer xsave avx lahf_lm arat epb pln pts dtherm tpr_shadow vnmi flexpriority ept vpid xsaveopt
bugs		:
bogomips	: 6585.01
clflush size	: 64
cache_alignment	: 64
address sizes	: 36 bits physical, 48 bits virtual
power management:

processor	: 1
vendor_id	: GenuineIntel
cpu family	: 6
model		: 42
model name	: Intel(R) Core(TM) i3-2120 CPU @ 3.30GHz
stepping	: 7
microcode	: 0x28
cpu MHz		: 3299.871
cache size	: 3072 KB
physical id	: 0
siblings	: 4
core id		: 1
cpu cores	: 2
apicid		: 2
initial apicid	: 2
fpu		: yes
fpu_exception	: yes
cpuid level	: 13
wp		: yes
flags		: fpu vme de pse tsc msr pae mce cx8 apic sep mtrr pge mca cmov pat pse36 clflush dts acpi mmx fxsr sse sse2 ss ht tm pbe syscall nx rdtscp lm constant_tsc arch_perfmon pebs bts rep_good nopl xtopology nonstop_tsc aperfmperf eagerfpu pni pclmulqdq dtes64 monitor ds_cpl vmx est tm2 ssse3 cx16 xtpr pdcm pcid sse4_1 sse4_2 popcnt tsc_deadline_timer xsave avx lahf_lm arat epb pln pts dtherm tpr_shadow vnmi flexpriority ept vpid xsaveopt
bugs		:
bogomips	: 6585.01
clflush size	: 64
cache_alignment	: 64
address sizes	: 36 bits physical, 48 bits virtual
power management:

processor	: 2
vendor_id	: GenuineIntel
cpu family	: 6
model		: 42
model name	: Intel(R) Core(TM) i3-2120 CPU @ 3.30GHz
stepping	: 7
microcode	: 0x28
cpu MHz		: 3300.000
cache size	: 3072 KB
physical id	: 0
siblings	: 4
core id		: 0
cpu cores	: 2
apicid		: 1
initial apicid	: 1
fpu		: yes
fpu_exception	: yes
cpuid level	: 13
wp		: yes
flags		: fpu vme de pse tsc msr pae mce cx8 apic sep mtrr pge mca cmov pat pse36 clflush dts acpi mmx fxsr sse sse2 ss ht tm pbe syscall nx rdtscp lm constant_tsc arch_perfmon pebs bts rep_good nopl xtopology nonstop_tsc aperfmperf eagerfpu pni pclmulqdq dtes64 monitor ds_cpl vmx est tm2 ssse3 cx16 xtpr pdcm pcid sse4_1 sse4_2 popcnt tsc_deadline_timer xsave avx lahf_lm arat epb pln pts dtherm tpr_shadow vnmi flexpriority ept vpid xsaveopt
bugs		:
bogomips	: 6585.01
clflush size	: 64
cache_alignment	: 64
address sizes	: 36 bits physical, 48 bits virtual
power management:

processor	: 3
vendor_id	: GenuineIntel
cpu family	: 6
model		: 42
model name	: Intel(R) Core(TM) i3-2120 CPU @ 3.30GHz
stepping	: 7
microcode	: 0x28
cpu MHz		: 3300.000
cache size	: 3072 KB
physical id	: 0
siblings	: 4
core id		: 1
cpu cores	: 2
apicid		: 3
initial apicid	: 3
fpu		: yes
fpu_exception	: yes
cpuid level	: 13
wp		: yes
flags		: fpu vme de pse tsc msr pae mce cx8 apic sep mtrr pge mca cmov pat pse36 clflush dts acpi mmx fxsr sse sse2 ss ht tm pbe syscall nx rdtscp lm constant_tsc arch_perfmon pebs bts rep_good nopl xtopology nonstop_tsc aperfmperf eagerfpu pni pclmulqdq dtes64 monitor ds_cpl vmx est tm2 ssse3 cx16 xtpr pdcm pcid sse4_1 sse4_2 popcnt tsc_deadline_timer xsave avx lahf_lm arat epb pln pts dtherm tpr_shadow vnmi flexpriority ept vpid xsaveopt
bugs		:
bogomips	: 6585.01
clflush size	: 64
cache_alignment	: 64
address sizes	: 36 bits physical, 48 bits virtual
power management:



Memory: 4k page, physical 8067160k(131460k free), swap 0k(0k free)

vm_info: OpenJDK 64-Bit Server VM (25.76-b03) for linux-amd64 JRE (1.8.0_76-release-b03), built on Jun 29 2016 09:39:19 by "builder" with gcc 4.8.4

time: Mon May 15 15:55:19 2017
elapsed time: 20 seconds (0d 0h 0m 20s)

